[0.210s] Invoking command in '/home/jv_costa/Cerise/Manipulator/arduinobot_ws/build/arduinobot_utils': AMENT_PREFIX_PATH=/home/jv_costa/Cerise/Manipulator/arduinobot_ws/install/arduinobot_msgs:${AMENT_PREFIX_PATH} CMAKE_PREFIX_PATH=/home/jv_costa/Cerise/Manipulator/arduinobot_ws/install/arduinobot_msgs:/home/jv_costa/ldlidar_ros2_ws/install/ldlidar_stl_ros2:/home/jv_costa/interbotix_ws/install/interbotix_ros_xsarms_examples:/home/jv_costa/interbotix_ws/install/interbotix_xsarm_moveit_interface:/home/jv_costa/interbotix_ws/install/interbotix_moveit_interface:/home/jv_costa/interbotix_ws/install/moveit_visual_tools:/home/jv_costa/interbotix_ws/install/interbotix_ros_xsarms:/home/jv_costa/interbotix_ws/install/interbotix_xsarm_moveit:/home/jv_costa/interbotix_ws/install/interbotix_xsarm_sim:/home/jv_costa/interbotix_ws/install/interbotix_xsarm_ros_control:/home/jv_costa/interbotix_ws/install/interbotix_xsarm_puppet:/home/jv_costa/interbotix_ws/install/interbotix_xsarm_perception:/home/jv_costa/interbotix_ws/install/interbotix_xsarm_joy:/home/jv_costa/interbotix_ws/install/interbotix_xsarm_dual:/home/jv_costa/interbotix_ws/install/interbotix_xsarm_control:/home/jv_costa/interbotix_ws/install/interbotix_xsarm_descriptions:/home/jv_costa/interbotix_ws/install/interbotix_xs_toolbox:/home/jv_costa/interbotix_ws/install/interbotix_xs_rviz:/home/jv_costa/interbotix_ws/install/interbotix_ros_xseries:/home/jv_costa/interbotix_ws/install/interbotix_xs_sdk:/home/jv_costa/interbotix_ws/install/interbotix_xs_ros_control:/home/jv_costa/interbotix_ws/install/interbotix_perception_toolbox:/home/jv_costa/interbotix_ws/install/interbotix_perception_pipelines:/home/jv_costa/interbotix_ws/install/interbotix_xs_msgs:/home/jv_costa/interbotix_ws/install/interbotix_xs_driver:/home/jv_costa/interbotix_ws/install/interbotix_tf_tools:/home/jv_costa/interbotix_ws/install/interbotix_perception_msgs:/home/jv_costa/interbotix_ws/install/interbotix_moveit_interface_msgs:/home/jv_costa/interbotix_ws/install/interbotix_common_toolbox:/home/jv_costa/interbotix_ws/install/interbotix_common_sim:/home/jv_costa/interbotix_ws/install/dynamixel_workbench_toolbox:/home/jv_costa/apriltag_ws/install/apriltag_ros:/home/jv_costa/interbotix_ws/install/interbotix_xs_modules:/home/jv_costa/interbotix_ws/install/interbotix_perception_modules:/home/jv_costa/interbotix_ws/install/interbotix_common_modules:/opt/ros/humble LD_LIBRARY_PATH=/home/jv_costa/Cerise/Manipulator/arduinobot_ws/install/arduinobot_msgs/lib:${LD_LIBRARY_PATH} PYTHONPATH=/home/jv_costa/Cerise/Manipulator/arduinobot_ws/install/arduinobot_msgs/local/lib/python3.10/dist-packages:${PYTHONPATH} /usr/bin/cmake /home/jv_costa/Cerise/Manipulator/arduinobot_ws/src/arduinobot_utils -DCMAKE_INSTALL_PREFIX=/home/jv_costa/Cerise/Manipulator/arduinobot_ws/install/arduinobot_utils
[0.247s] -- The C compiler identification is GNU 11.4.0
[0.287s] -- The CXX compiler identification is GNU 11.4.0
[0.294s] -- Detecting C compiler ABI info
[0.348s] -- Detecting C compiler ABI info - done
[0.356s] -- Check for working C compiler: /usr/bin/cc - skipped
[0.356s] -- Detecting C compile features
[0.356s] -- Detecting C compile features - done
[0.359s] -- Detecting CXX compiler ABI info
[0.423s] -- Detecting CXX compiler ABI info - done
[0.428s] -- Check for working CXX compiler: /usr/bin/c++ - skipped
[0.429s] -- Detecting CXX compile features
[0.429s] -- Detecting CXX compile features - done
[0.432s] -- Found ament_cmake: 1.3.10 (/opt/ros/humble/share/ament_cmake/cmake)
[0.559s] -- Found Python3: /usr/bin/python3 (found version "3.10.12") found components: Interpreter 
[0.671s] -- Found rclcpp: 16.0.10 (/opt/ros/humble/share/rclcpp/cmake)
[0.723s] -- Found rosidl_generator_c: 3.1.5 (/opt/ros/humble/share/rosidl_generator_c/cmake)
[0.731s] -- Found rosidl_adapter: 3.1.5 (/opt/ros/humble/share/rosidl_adapter/cmake)
[0.740s] -- Found rosidl_generator_cpp: 3.1.5 (/opt/ros/humble/share/rosidl_generator_cpp/cmake)
[0.753s] -- Using all available rosidl_typesupport_c: rosidl_typesupport_fastrtps_c;rosidl_typesupport_introspection_c
[0.771s] -- Using all available rosidl_typesupport_cpp: rosidl_typesupport_fastrtps_cpp;rosidl_typesupport_introspection_cpp
[0.829s] -- Found rmw_implementation_cmake: 6.1.2 (/opt/ros/humble/share/rmw_implementation_cmake/cmake)
[0.836s] -- Found rmw_fastrtps_cpp: 6.2.7 (/opt/ros/humble/share/rmw_fastrtps_cpp/cmake)
[0.917s] -- Found OpenSSL: /usr/lib/x86_64-linux-gnu/libcrypto.so (found version "3.0.2")  
[0.943s] -- Found FastRTPS: /opt/ros/humble/include  
[0.981s] -- Using RMW implementation 'rmw_fastrtps_cpp' as default
[0.993s] -- Looking for pthread.h
[1.045s] -- Looking for pthread.h - found
[1.045s] -- Performing Test CMAKE_HAVE_LIBC_PTHREAD
[1.100s] -- Performing Test CMAKE_HAVE_LIBC_PTHREAD - Success
[1.101s] -- Found Threads: TRUE  
[1.147s] -- Found rclpy: 3.3.14 (/opt/ros/humble/share/rclpy/cmake)
[1.147s] -- Found arduinobot_msgs: 0.0.0 (/home/jv_costa/Cerise/Manipulator/arduinobot_ws/install/arduinobot_msgs/share/arduinobot_msgs/cmake)
[1.182s] -- Found tf2: 0.25.7 (/opt/ros/humble/share/tf2/cmake)
[1.316s] -- Configuring done
[1.323s] -- Generating done
[1.324s] -- Build files have been written to: /home/jv_costa/Cerise/Manipulator/arduinobot_ws/build/arduinobot_utils
[1.332s] Invoked command in '/home/jv_costa/Cerise/Manipulator/arduinobot_ws/build/arduinobot_utils' returned '0': AMENT_PREFIX_PATH=/home/jv_costa/Cerise/Manipulator/arduinobot_ws/install/arduinobot_msgs:${AMENT_PREFIX_PATH} CMAKE_PREFIX_PATH=/home/jv_costa/Cerise/Manipulator/arduinobot_ws/install/arduinobot_msgs:/home/jv_costa/ldlidar_ros2_ws/install/ldlidar_stl_ros2:/home/jv_costa/interbotix_ws/install/interbotix_ros_xsarms_examples:/home/jv_costa/interbotix_ws/install/interbotix_xsarm_moveit_interface:/home/jv_costa/interbotix_ws/install/interbotix_moveit_interface:/home/jv_costa/interbotix_ws/install/moveit_visual_tools:/home/jv_costa/interbotix_ws/install/interbotix_ros_xsarms:/home/jv_costa/interbotix_ws/install/interbotix_xsarm_moveit:/home/jv_costa/interbotix_ws/install/interbotix_xsarm_sim:/home/jv_costa/interbotix_ws/install/interbotix_xsarm_ros_control:/home/jv_costa/interbotix_ws/install/interbotix_xsarm_puppet:/home/jv_costa/interbotix_ws/install/interbotix_xsarm_perception:/home/jv_costa/interbotix_ws/install/interbotix_xsarm_joy:/home/jv_costa/interbotix_ws/install/interbotix_xsarm_dual:/home/jv_costa/interbotix_ws/install/interbotix_xsarm_control:/home/jv_costa/interbotix_ws/install/interbotix_xsarm_descriptions:/home/jv_costa/interbotix_ws/install/interbotix_xs_toolbox:/home/jv_costa/interbotix_ws/install/interbotix_xs_rviz:/home/jv_costa/interbotix_ws/install/interbotix_ros_xseries:/home/jv_costa/interbotix_ws/install/interbotix_xs_sdk:/home/jv_costa/interbotix_ws/install/interbotix_xs_ros_control:/home/jv_costa/interbotix_ws/install/interbotix_perception_toolbox:/home/jv_costa/interbotix_ws/install/interbotix_perception_pipelines:/home/jv_costa/interbotix_ws/install/interbotix_xs_msgs:/home/jv_costa/interbotix_ws/install/interbotix_xs_driver:/home/jv_costa/interbotix_ws/install/interbotix_tf_tools:/home/jv_costa/interbotix_ws/install/interbotix_perception_msgs:/home/jv_costa/interbotix_ws/install/interbotix_moveit_interface_msgs:/home/jv_costa/interbotix_ws/install/interbotix_common_toolbox:/home/jv_costa/interbotix_ws/install/interbotix_common_sim:/home/jv_costa/interbotix_ws/install/dynamixel_workbench_toolbox:/home/jv_costa/apriltag_ws/install/apriltag_ros:/home/jv_costa/interbotix_ws/install/interbotix_xs_modules:/home/jv_costa/interbotix_ws/install/interbotix_perception_modules:/home/jv_costa/interbotix_ws/install/interbotix_common_modules:/opt/ros/humble LD_LIBRARY_PATH=/home/jv_costa/Cerise/Manipulator/arduinobot_ws/install/arduinobot_msgs/lib:${LD_LIBRARY_PATH} PYTHONPATH=/home/jv_costa/Cerise/Manipulator/arduinobot_ws/install/arduinobot_msgs/local/lib/python3.10/dist-packages:${PYTHONPATH} /usr/bin/cmake /home/jv_costa/Cerise/Manipulator/arduinobot_ws/src/arduinobot_utils -DCMAKE_INSTALL_PREFIX=/home/jv_costa/Cerise/Manipulator/arduinobot_ws/install/arduinobot_utils
[1.332s] Invoking command in '/home/jv_costa/Cerise/Manipulator/arduinobot_ws/build/arduinobot_utils': AMENT_PREFIX_PATH=/home/jv_costa/Cerise/Manipulator/arduinobot_ws/install/arduinobot_msgs:${AMENT_PREFIX_PATH} CMAKE_PREFIX_PATH=/home/jv_costa/Cerise/Manipulator/arduinobot_ws/install/arduinobot_msgs:/home/jv_costa/ldlidar_ros2_ws/install/ldlidar_stl_ros2:/home/jv_costa/interbotix_ws/install/interbotix_ros_xsarms_examples:/home/jv_costa/interbotix_ws/install/interbotix_xsarm_moveit_interface:/home/jv_costa/interbotix_ws/install/interbotix_moveit_interface:/home/jv_costa/interbotix_ws/install/moveit_visual_tools:/home/jv_costa/interbotix_ws/install/interbotix_ros_xsarms:/home/jv_costa/interbotix_ws/install/interbotix_xsarm_moveit:/home/jv_costa/interbotix_ws/install/interbotix_xsarm_sim:/home/jv_costa/interbotix_ws/install/interbotix_xsarm_ros_control:/home/jv_costa/interbotix_ws/install/interbotix_xsarm_puppet:/home/jv_costa/interbotix_ws/install/interbotix_xsarm_perception:/home/jv_costa/interbotix_ws/install/interbotix_xsarm_joy:/home/jv_costa/interbotix_ws/install/interbotix_xsarm_dual:/home/jv_costa/interbotix_ws/install/interbotix_xsarm_control:/home/jv_costa/interbotix_ws/install/interbotix_xsarm_descriptions:/home/jv_costa/interbotix_ws/install/interbotix_xs_toolbox:/home/jv_costa/interbotix_ws/install/interbotix_xs_rviz:/home/jv_costa/interbotix_ws/install/interbotix_ros_xseries:/home/jv_costa/interbotix_ws/install/interbotix_xs_sdk:/home/jv_costa/interbotix_ws/install/interbotix_xs_ros_control:/home/jv_costa/interbotix_ws/install/interbotix_perception_toolbox:/home/jv_costa/interbotix_ws/install/interbotix_perception_pipelines:/home/jv_costa/interbotix_ws/install/interbotix_xs_msgs:/home/jv_costa/interbotix_ws/install/interbotix_xs_driver:/home/jv_costa/interbotix_ws/install/interbotix_tf_tools:/home/jv_costa/interbotix_ws/install/interbotix_perception_msgs:/home/jv_costa/interbotix_ws/install/interbotix_moveit_interface_msgs:/home/jv_costa/interbotix_ws/install/interbotix_common_toolbox:/home/jv_costa/interbotix_ws/install/interbotix_common_sim:/home/jv_costa/interbotix_ws/install/dynamixel_workbench_toolbox:/home/jv_costa/apriltag_ws/install/apriltag_ros:/home/jv_costa/interbotix_ws/install/interbotix_xs_modules:/home/jv_costa/interbotix_ws/install/interbotix_perception_modules:/home/jv_costa/interbotix_ws/install/interbotix_common_modules:/opt/ros/humble LD_LIBRARY_PATH=/home/jv_costa/Cerise/Manipulator/arduinobot_ws/install/arduinobot_msgs/lib:${LD_LIBRARY_PATH} PYTHONPATH=/home/jv_costa/Cerise/Manipulator/arduinobot_ws/install/arduinobot_msgs/local/lib/python3.10/dist-packages:${PYTHONPATH} /usr/bin/cmake --build /home/jv_costa/Cerise/Manipulator/arduinobot_ws/build/arduinobot_utils -- -j16 -l16
[1.368s] [ 50%] [32mBuilding CXX object CMakeFiles/angle_conversion.dir/src/angle_conversion.cpp.o[0m
[1.375s] [ 50%] Built target ament_cmake_python_copy_arduinobot_utils
[1.570s] running egg_info
[1.571s] creating arduinobot_utils.egg-info
[1.571s] writing arduinobot_utils.egg-info/PKG-INFO
[1.571s] writing dependency_links to arduinobot_utils.egg-info/dependency_links.txt
[1.571s] writing top-level names to arduinobot_utils.egg-info/top_level.txt
[1.571s] writing manifest file 'arduinobot_utils.egg-info/SOURCES.txt'
[1.573s] reading manifest file 'arduinobot_utils.egg-info/SOURCES.txt'
[1.573s] writing manifest file 'arduinobot_utils.egg-info/SOURCES.txt'
[1.593s] [ 50%] Built target ament_cmake_python_build_arduinobot_utils_egg
[5.929s] [100%] [32m[1mLinking CXX executable angle_conversion[0m
[6.181s] [100%] Built target angle_conversion
[6.204s] Invoked command in '/home/jv_costa/Cerise/Manipulator/arduinobot_ws/build/arduinobot_utils' returned '0': AMENT_PREFIX_PATH=/home/jv_costa/Cerise/Manipulator/arduinobot_ws/install/arduinobot_msgs:${AMENT_PREFIX_PATH} CMAKE_PREFIX_PATH=/home/jv_costa/Cerise/Manipulator/arduinobot_ws/install/arduinobot_msgs:/home/jv_costa/ldlidar_ros2_ws/install/ldlidar_stl_ros2:/home/jv_costa/interbotix_ws/install/interbotix_ros_xsarms_examples:/home/jv_costa/interbotix_ws/install/interbotix_xsarm_moveit_interface:/home/jv_costa/interbotix_ws/install/interbotix_moveit_interface:/home/jv_costa/interbotix_ws/install/moveit_visual_tools:/home/jv_costa/interbotix_ws/install/interbotix_ros_xsarms:/home/jv_costa/interbotix_ws/install/interbotix_xsarm_moveit:/home/jv_costa/interbotix_ws/install/interbotix_xsarm_sim:/home/jv_costa/interbotix_ws/install/interbotix_xsarm_ros_control:/home/jv_costa/interbotix_ws/install/interbotix_xsarm_puppet:/home/jv_costa/interbotix_ws/install/interbotix_xsarm_perception:/home/jv_costa/interbotix_ws/install/interbotix_xsarm_joy:/home/jv_costa/interbotix_ws/install/interbotix_xsarm_dual:/home/jv_costa/interbotix_ws/install/interbotix_xsarm_control:/home/jv_costa/interbotix_ws/install/interbotix_xsarm_descriptions:/home/jv_costa/interbotix_ws/install/interbotix_xs_toolbox:/home/jv_costa/interbotix_ws/install/interbotix_xs_rviz:/home/jv_costa/interbotix_ws/install/interbotix_ros_xseries:/home/jv_costa/interbotix_ws/install/interbotix_xs_sdk:/home/jv_costa/interbotix_ws/install/interbotix_xs_ros_control:/home/jv_costa/interbotix_ws/install/interbotix_perception_toolbox:/home/jv_costa/interbotix_ws/install/interbotix_perception_pipelines:/home/jv_costa/interbotix_ws/install/interbotix_xs_msgs:/home/jv_costa/interbotix_ws/install/interbotix_xs_driver:/home/jv_costa/interbotix_ws/install/interbotix_tf_tools:/home/jv_costa/interbotix_ws/install/interbotix_perception_msgs:/home/jv_costa/interbotix_ws/install/interbotix_moveit_interface_msgs:/home/jv_costa/interbotix_ws/install/interbotix_common_toolbox:/home/jv_costa/interbotix_ws/install/interbotix_common_sim:/home/jv_costa/interbotix_ws/install/dynamixel_workbench_toolbox:/home/jv_costa/apriltag_ws/install/apriltag_ros:/home/jv_costa/interbotix_ws/install/interbotix_xs_modules:/home/jv_costa/interbotix_ws/install/interbotix_perception_modules:/home/jv_costa/interbotix_ws/install/interbotix_common_modules:/opt/ros/humble LD_LIBRARY_PATH=/home/jv_costa/Cerise/Manipulator/arduinobot_ws/install/arduinobot_msgs/lib:${LD_LIBRARY_PATH} PYTHONPATH=/home/jv_costa/Cerise/Manipulator/arduinobot_ws/install/arduinobot_msgs/local/lib/python3.10/dist-packages:${PYTHONPATH} /usr/bin/cmake --build /home/jv_costa/Cerise/Manipulator/arduinobot_ws/build/arduinobot_utils -- -j16 -l16
[6.237s] Invoking command in '/home/jv_costa/Cerise/Manipulator/arduinobot_ws/build/arduinobot_utils': AMENT_PREFIX_PATH=/home/jv_costa/Cerise/Manipulator/arduinobot_ws/install/arduinobot_msgs:${AMENT_PREFIX_PATH} CMAKE_PREFIX_PATH=/home/jv_costa/Cerise/Manipulator/arduinobot_ws/install/arduinobot_msgs:/home/jv_costa/ldlidar_ros2_ws/install/ldlidar_stl_ros2:/home/jv_costa/interbotix_ws/install/interbotix_ros_xsarms_examples:/home/jv_costa/interbotix_ws/install/interbotix_xsarm_moveit_interface:/home/jv_costa/interbotix_ws/install/interbotix_moveit_interface:/home/jv_costa/interbotix_ws/install/moveit_visual_tools:/home/jv_costa/interbotix_ws/install/interbotix_ros_xsarms:/home/jv_costa/interbotix_ws/install/interbotix_xsarm_moveit:/home/jv_costa/interbotix_ws/install/interbotix_xsarm_sim:/home/jv_costa/interbotix_ws/install/interbotix_xsarm_ros_control:/home/jv_costa/interbotix_ws/install/interbotix_xsarm_puppet:/home/jv_costa/interbotix_ws/install/interbotix_xsarm_perception:/home/jv_costa/interbotix_ws/install/interbotix_xsarm_joy:/home/jv_costa/interbotix_ws/install/interbotix_xsarm_dual:/home/jv_costa/interbotix_ws/install/interbotix_xsarm_control:/home/jv_costa/interbotix_ws/install/interbotix_xsarm_descriptions:/home/jv_costa/interbotix_ws/install/interbotix_xs_toolbox:/home/jv_costa/interbotix_ws/install/interbotix_xs_rviz:/home/jv_costa/interbotix_ws/install/interbotix_ros_xseries:/home/jv_costa/interbotix_ws/install/interbotix_xs_sdk:/home/jv_costa/interbotix_ws/install/interbotix_xs_ros_control:/home/jv_costa/interbotix_ws/install/interbotix_perception_toolbox:/home/jv_costa/interbotix_ws/install/interbotix_perception_pipelines:/home/jv_costa/interbotix_ws/install/interbotix_xs_msgs:/home/jv_costa/interbotix_ws/install/interbotix_xs_driver:/home/jv_costa/interbotix_ws/install/interbotix_tf_tools:/home/jv_costa/interbotix_ws/install/interbotix_perception_msgs:/home/jv_costa/interbotix_ws/install/interbotix_moveit_interface_msgs:/home/jv_costa/interbotix_ws/install/interbotix_common_toolbox:/home/jv_costa/interbotix_ws/install/interbotix_common_sim:/home/jv_costa/interbotix_ws/install/dynamixel_workbench_toolbox:/home/jv_costa/apriltag_ws/install/apriltag_ros:/home/jv_costa/interbotix_ws/install/interbotix_xs_modules:/home/jv_costa/interbotix_ws/install/interbotix_perception_modules:/home/jv_costa/interbotix_ws/install/interbotix_common_modules:/opt/ros/humble LD_LIBRARY_PATH=/home/jv_costa/Cerise/Manipulator/arduinobot_ws/install/arduinobot_msgs/lib:${LD_LIBRARY_PATH} PYTHONPATH=/home/jv_costa/Cerise/Manipulator/arduinobot_ws/install/arduinobot_msgs/local/lib/python3.10/dist-packages:${PYTHONPATH} /usr/bin/cmake --install /home/jv_costa/Cerise/Manipulator/arduinobot_ws/build/arduinobot_utils
[6.246s] -- Install configuration: ""
[6.247s] -- Installing: /home/jv_costa/Cerise/Manipulator/arduinobot_ws/install/arduinobot_utils/share/arduinobot_utils/environment/pythonpath.sh
[6.247s] -- Installing: /home/jv_costa/Cerise/Manipulator/arduinobot_ws/install/arduinobot_utils/share/arduinobot_utils/environment/pythonpath.dsv
[6.247s] -- Installing: /home/jv_costa/Cerise/Manipulator/arduinobot_ws/install/arduinobot_utils/local/lib/python3.10/dist-packages/arduinobot_utils-0.0.0-py3.10.egg-info
[6.247s] -- Installing: /home/jv_costa/Cerise/Manipulator/arduinobot_ws/install/arduinobot_utils/local/lib/python3.10/dist-packages/arduinobot_utils-0.0.0-py3.10.egg-info/dependency_links.txt
[6.247s] -- Installing: /home/jv_costa/Cerise/Manipulator/arduinobot_ws/install/arduinobot_utils/local/lib/python3.10/dist-packages/arduinobot_utils-0.0.0-py3.10.egg-info/top_level.txt
[6.247s] -- Installing: /home/jv_costa/Cerise/Manipulator/arduinobot_ws/install/arduinobot_utils/local/lib/python3.10/dist-packages/arduinobot_utils-0.0.0-py3.10.egg-info/SOURCES.txt
[6.247s] -- Installing: /home/jv_costa/Cerise/Manipulator/arduinobot_ws/install/arduinobot_utils/local/lib/python3.10/dist-packages/arduinobot_utils-0.0.0-py3.10.egg-info/PKG-INFO
[6.247s] -- Installing: /home/jv_costa/Cerise/Manipulator/arduinobot_ws/install/arduinobot_utils/local/lib/python3.10/dist-packages/arduinobot_utils
[6.247s] -- Installing: /home/jv_costa/Cerise/Manipulator/arduinobot_ws/install/arduinobot_utils/local/lib/python3.10/dist-packages/arduinobot_utils/angle_conversion.py
[6.248s] -- Installing: /home/jv_costa/Cerise/Manipulator/arduinobot_ws/install/arduinobot_utils/local/lib/python3.10/dist-packages/arduinobot_utils/__init__.py
[6.294s] Listing '/home/jv_costa/Cerise/Manipulator/arduinobot_ws/install/arduinobot_utils/local/lib/python3.10/dist-packages/arduinobot_utils'...
[6.294s] Compiling '/home/jv_costa/Cerise/Manipulator/arduinobot_ws/install/arduinobot_utils/local/lib/python3.10/dist-packages/arduinobot_utils/__init__.py'...
[6.294s] Compiling '/home/jv_costa/Cerise/Manipulator/arduinobot_ws/install/arduinobot_utils/local/lib/python3.10/dist-packages/arduinobot_utils/angle_conversion.py'...
[6.301s] -- Installing: /home/jv_costa/Cerise/Manipulator/arduinobot_ws/install/arduinobot_utils/lib/arduinobot_utils/angle_conversion
[6.309s] -- Set runtime path of "/home/jv_costa/Cerise/Manipulator/arduinobot_ws/install/arduinobot_utils/lib/arduinobot_utils/angle_conversion" to ""
[6.311s] -- Installing: /home/jv_costa/Cerise/Manipulator/arduinobot_ws/install/arduinobot_utils/lib/arduinobot_utils/angle_conversion.py
[6.311s] -- Installing: /home/jv_costa/Cerise/Manipulator/arduinobot_ws/install/arduinobot_utils/share/ament_index/resource_index/package_run_dependencies/arduinobot_utils
[6.311s] -- Installing: /home/jv_costa/Cerise/Manipulator/arduinobot_ws/install/arduinobot_utils/share/ament_index/resource_index/parent_prefix_path/arduinobot_utils
[6.311s] -- Installing: /home/jv_costa/Cerise/Manipulator/arduinobot_ws/install/arduinobot_utils/share/arduinobot_utils/environment/ament_prefix_path.sh
[6.311s] -- Installing: /home/jv_costa/Cerise/Manipulator/arduinobot_ws/install/arduinobot_utils/share/arduinobot_utils/environment/ament_prefix_path.dsv
[6.311s] -- Installing: /home/jv_costa/Cerise/Manipulator/arduinobot_ws/install/arduinobot_utils/share/arduinobot_utils/environment/path.sh
[6.311s] -- Installing: /home/jv_costa/Cerise/Manipulator/arduinobot_ws/install/arduinobot_utils/share/arduinobot_utils/environment/path.dsv
[6.312s] -- Installing: /home/jv_costa/Cerise/Manipulator/arduinobot_ws/install/arduinobot_utils/share/arduinobot_utils/local_setup.bash
[6.312s] -- Installing: /home/jv_costa/Cerise/Manipulator/arduinobot_ws/install/arduinobot_utils/share/arduinobot_utils/local_setup.sh
[6.312s] -- Installing: /home/jv_costa/Cerise/Manipulator/arduinobot_ws/install/arduinobot_utils/share/arduinobot_utils/local_setup.zsh
[6.312s] -- Installing: /home/jv_costa/Cerise/Manipulator/arduinobot_ws/install/arduinobot_utils/share/arduinobot_utils/local_setup.dsv
[6.312s] -- Installing: /home/jv_costa/Cerise/Manipulator/arduinobot_ws/install/arduinobot_utils/share/arduinobot_utils/package.dsv
[6.312s] -- Installing: /home/jv_costa/Cerise/Manipulator/arduinobot_ws/install/arduinobot_utils/share/ament_index/resource_index/packages/arduinobot_utils
[6.312s] -- Installing: /home/jv_costa/Cerise/Manipulator/arduinobot_ws/install/arduinobot_utils/share/arduinobot_utils/cmake/arduinobot_utilsConfig.cmake
[6.312s] -- Installing: /home/jv_costa/Cerise/Manipulator/arduinobot_ws/install/arduinobot_utils/share/arduinobot_utils/cmake/arduinobot_utilsConfig-version.cmake
[6.312s] -- Installing: /home/jv_costa/Cerise/Manipulator/arduinobot_ws/install/arduinobot_utils/share/arduinobot_utils/package.xml
[6.325s] Invoked command in '/home/jv_costa/Cerise/Manipulator/arduinobot_ws/build/arduinobot_utils' returned '0': AMENT_PREFIX_PATH=/home/jv_costa/Cerise/Manipulator/arduinobot_ws/install/arduinobot_msgs:${AMENT_PREFIX_PATH} CMAKE_PREFIX_PATH=/home/jv_costa/Cerise/Manipulator/arduinobot_ws/install/arduinobot_msgs:/home/jv_costa/ldlidar_ros2_ws/install/ldlidar_stl_ros2:/home/jv_costa/interbotix_ws/install/interbotix_ros_xsarms_examples:/home/jv_costa/interbotix_ws/install/interbotix_xsarm_moveit_interface:/home/jv_costa/interbotix_ws/install/interbotix_moveit_interface:/home/jv_costa/interbotix_ws/install/moveit_visual_tools:/home/jv_costa/interbotix_ws/install/interbotix_ros_xsarms:/home/jv_costa/interbotix_ws/install/interbotix_xsarm_moveit:/home/jv_costa/interbotix_ws/install/interbotix_xsarm_sim:/home/jv_costa/interbotix_ws/install/interbotix_xsarm_ros_control:/home/jv_costa/interbotix_ws/install/interbotix_xsarm_puppet:/home/jv_costa/interbotix_ws/install/interbotix_xsarm_perception:/home/jv_costa/interbotix_ws/install/interbotix_xsarm_joy:/home/jv_costa/interbotix_ws/install/interbotix_xsarm_dual:/home/jv_costa/interbotix_ws/install/interbotix_xsarm_control:/home/jv_costa/interbotix_ws/install/interbotix_xsarm_descriptions:/home/jv_costa/interbotix_ws/install/interbotix_xs_toolbox:/home/jv_costa/interbotix_ws/install/interbotix_xs_rviz:/home/jv_costa/interbotix_ws/install/interbotix_ros_xseries:/home/jv_costa/interbotix_ws/install/interbotix_xs_sdk:/home/jv_costa/interbotix_ws/install/interbotix_xs_ros_control:/home/jv_costa/interbotix_ws/install/interbotix_perception_toolbox:/home/jv_costa/interbotix_ws/install/interbotix_perception_pipelines:/home/jv_costa/interbotix_ws/install/interbotix_xs_msgs:/home/jv_costa/interbotix_ws/install/interbotix_xs_driver:/home/jv_costa/interbotix_ws/install/interbotix_tf_tools:/home/jv_costa/interbotix_ws/install/interbotix_perception_msgs:/home/jv_costa/interbotix_ws/install/interbotix_moveit_interface_msgs:/home/jv_costa/interbotix_ws/install/interbotix_common_toolbox:/home/jv_costa/interbotix_ws/install/interbotix_common_sim:/home/jv_costa/interbotix_ws/install/dynamixel_workbench_toolbox:/home/jv_costa/apriltag_ws/install/apriltag_ros:/home/jv_costa/interbotix_ws/install/interbotix_xs_modules:/home/jv_costa/interbotix_ws/install/interbotix_perception_modules:/home/jv_costa/interbotix_ws/install/interbotix_common_modules:/opt/ros/humble LD_LIBRARY_PATH=/home/jv_costa/Cerise/Manipulator/arduinobot_ws/install/arduinobot_msgs/lib:${LD_LIBRARY_PATH} PYTHONPATH=/home/jv_costa/Cerise/Manipulator/arduinobot_ws/install/arduinobot_msgs/local/lib/python3.10/dist-packages:${PYTHONPATH} /usr/bin/cmake --install /home/jv_costa/Cerise/Manipulator/arduinobot_ws/build/arduinobot_utils
