[0.023s] Invoking command in '/home/jv_costa/Cerise/Manipulator/arduinobot_ws/build/arduinobot_controller': CMAKE_PREFIX_PATH=${CMAKE_PREFIX_PATH}:/home/jv_costa/interbotix_ws/install/interbotix_xs_modules:/home/jv_costa/interbotix_ws/install/interbotix_perception_modules:/home/jv_costa/interbotix_ws/install/interbotix_common_modules:/opt/ros/humble /usr/bin/cmake /home/jv_costa/Cerise/Manipulator/arduinobot_ws/src/arduinobot_controller -DCMAKE_INSTALL_PREFIX=/home/jv_costa/Cerise/Manipulator/arduinobot_ws/install/arduinobot_controller
[0.136s] -- The C compiler identification is GNU 11.4.0
[0.201s] -- The CXX compiler identification is GNU 11.4.0
[0.210s] -- Detecting C compiler ABI info
[0.287s] -- Detecting C compiler ABI info - done
[0.295s] -- Check for working C compiler: /usr/bin/cc - skipped
[0.296s] -- Detecting C compile features
[0.296s] -- Detecting C compile features - done
[0.299s] -- Detecting CXX compiler ABI info
[0.385s] -- Detecting CXX compiler ABI info - done
[0.392s] -- Check for working CXX compiler: /usr/bin/c++ - skipped
[0.392s] -- Detecting CXX compile features
[0.393s] -- Detecting CXX compile features - done
[0.398s] -- Found ament_cmake: 1.3.10 (/opt/ros/humble/share/ament_cmake/cmake)
[0.614s] -- Found Python3: /usr/bin/python3 (found version "3.10.12") found components: Interpreter 
[0.778s] -- Found trajectory_msgs: 4.2.4 (/opt/ros/humble/share/trajectory_msgs/cmake)
[0.881s] -- Found rosidl_generator_c: 3.1.5 (/opt/ros/humble/share/rosidl_generator_c/cmake)
[0.887s] -- Found rosidl_adapter: 3.1.5 (/opt/ros/humble/share/rosidl_adapter/cmake)
[0.899s] -- Found rosidl_generator_cpp: 3.1.5 (/opt/ros/humble/share/rosidl_generator_cpp/cmake)
[0.927s] -- Using all available rosidl_typesupport_c: rosidl_typesupport_fastrtps_c;rosidl_typesupport_introspection_c
[0.948s] -- Using all available rosidl_typesupport_cpp: rosidl_typesupport_fastrtps_cpp;rosidl_typesupport_introspection_cpp
[1.029s] -- Found sensor_msgs: 4.2.4 (/opt/ros/humble/share/sensor_msgs/cmake)
[1.055s] -- Found rclcpp: 16.0.10 (/opt/ros/humble/share/rclcpp/cmake)
[1.100s] -- Found rmw_implementation_cmake: 6.1.2 (/opt/ros/humble/share/rmw_implementation_cmake/cmake)
[1.103s] -- Found rmw_fastrtps_cpp: 6.2.7 (/opt/ros/humble/share/rmw_fastrtps_cpp/cmake)
[1.176s] -- Found OpenSSL: /usr/lib/x86_64-linux-gnu/libcrypto.so (found version "3.0.2")  
[1.200s] -- Found FastRTPS: /opt/ros/humble/include  
[1.237s] -- Using RMW implementation 'rmw_fastrtps_cpp' as default
[1.248s] -- Looking for pthread.h
[1.296s] -- Looking for pthread.h - found
[1.296s] -- Performing Test CMAKE_HAVE_LIBC_PTHREAD
[1.358s] -- Performing Test CMAKE_HAVE_LIBC_PTHREAD - Success
[1.359s] -- Found Threads: TRUE  
[1.392s] -- Found rclpy: 3.3.14 (/opt/ros/humble/share/rclpy/cmake)
[1.395s] -- Found hardware_interface: 2.42.0 (/opt/ros/humble/share/hardware_interface/cmake)
[1.494s] -- Found PkgConfig: /usr/bin/pkg-config (found version "0.29.2") 
[1.495s] -- Checking for module 'libserial'
[1.505s] --   Found libserial, version 1.0.0
[1.729s] -- Configuring done
[1.772s] -- Generating done
[1.773s] -- Build files have been written to: /home/jv_costa/Cerise/Manipulator/arduinobot_ws/build/arduinobot_controller
[1.800s] Invoked command in '/home/jv_costa/Cerise/Manipulator/arduinobot_ws/build/arduinobot_controller' returned '0': CMAKE_PREFIX_PATH=${CMAKE_PREFIX_PATH}:/home/jv_costa/interbotix_ws/install/interbotix_xs_modules:/home/jv_costa/interbotix_ws/install/interbotix_perception_modules:/home/jv_costa/interbotix_ws/install/interbotix_common_modules:/opt/ros/humble /usr/bin/cmake /home/jv_costa/Cerise/Manipulator/arduinobot_ws/src/arduinobot_controller -DCMAKE_INSTALL_PREFIX=/home/jv_costa/Cerise/Manipulator/arduinobot_ws/install/arduinobot_controller
[1.801s] Invoking command in '/home/jv_costa/Cerise/Manipulator/arduinobot_ws/build/arduinobot_controller': CMAKE_PREFIX_PATH=${CMAKE_PREFIX_PATH}:/home/jv_costa/interbotix_ws/install/interbotix_xs_modules:/home/jv_costa/interbotix_ws/install/interbotix_perception_modules:/home/jv_costa/interbotix_ws/install/interbotix_common_modules:/opt/ros/humble /usr/bin/cmake --build /home/jv_costa/Cerise/Manipulator/arduinobot_ws/build/arduinobot_controller -- -j16 -l16
[1.868s] [ 25%] [32mBuilding CXX object CMakeFiles/slider_control.dir/src/slider_control.cpp.o[0m
[1.869s] [ 50%] [32mBuilding CXX object CMakeFiles/arduinobot_controller.dir/src/arduinobot_interface.cpp.o[0m
[1.874s] [ 50%] Built target ament_cmake_python_copy_arduinobot_controller
[2.637s] running egg_info
[2.638s] creating arduinobot_controller.egg-info
[2.638s] writing arduinobot_controller.egg-info/PKG-INFO
[2.638s] writing dependency_links to arduinobot_controller.egg-info/dependency_links.txt
[2.638s] writing top-level names to arduinobot_controller.egg-info/top_level.txt
[2.638s] writing manifest file 'arduinobot_controller.egg-info/SOURCES.txt'
[2.640s] reading manifest file 'arduinobot_controller.egg-info/SOURCES.txt'
[2.640s] writing manifest file 'arduinobot_controller.egg-info/SOURCES.txt'
[2.665s] [ 50%] Built target ament_cmake_python_build_arduinobot_controller_egg
[5.475s] [ 75%] [32m[1mLinking CXX shared library libarduinobot_controller.so[0m
[5.604s] [ 75%] Built target arduinobot_controller
[9.223s] [100%] [32m[1mLinking CXX executable slider_control[0m
[10.166s] [100%] Built target slider_control
[10.181s] Invoked command in '/home/jv_costa/Cerise/Manipulator/arduinobot_ws/build/arduinobot_controller' returned '0': CMAKE_PREFIX_PATH=${CMAKE_PREFIX_PATH}:/home/jv_costa/interbotix_ws/install/interbotix_xs_modules:/home/jv_costa/interbotix_ws/install/interbotix_perception_modules:/home/jv_costa/interbotix_ws/install/interbotix_common_modules:/opt/ros/humble /usr/bin/cmake --build /home/jv_costa/Cerise/Manipulator/arduinobot_ws/build/arduinobot_controller -- -j16 -l16
[10.219s] Invoking command in '/home/jv_costa/Cerise/Manipulator/arduinobot_ws/build/arduinobot_controller': CMAKE_PREFIX_PATH=${CMAKE_PREFIX_PATH}:/home/jv_costa/interbotix_ws/install/interbotix_xs_modules:/home/jv_costa/interbotix_ws/install/interbotix_perception_modules:/home/jv_costa/interbotix_ws/install/interbotix_common_modules:/opt/ros/humble /usr/bin/cmake --install /home/jv_costa/Cerise/Manipulator/arduinobot_ws/build/arduinobot_controller
[10.229s] -- Install configuration: ""
[10.229s] -- Installing: /home/jv_costa/Cerise/Manipulator/arduinobot_ws/install/arduinobot_controller/share/arduinobot_controller/arduinobot_controller.xml
[10.229s] -- Installing: /home/jv_costa/Cerise/Manipulator/arduinobot_ws/install/arduinobot_controller/share/arduinobot_controller/environment/pythonpath.sh
[10.229s] -- Installing: /home/jv_costa/Cerise/Manipulator/arduinobot_ws/install/arduinobot_controller/share/arduinobot_controller/environment/pythonpath.dsv
[10.230s] -- Installing: /home/jv_costa/Cerise/Manipulator/arduinobot_ws/install/arduinobot_controller/local/lib/python3.10/dist-packages/arduinobot_controller-0.0.0-py3.10.egg-info
[10.230s] -- Installing: /home/jv_costa/Cerise/Manipulator/arduinobot_ws/install/arduinobot_controller/local/lib/python3.10/dist-packages/arduinobot_controller-0.0.0-py3.10.egg-info/dependency_links.txt
[10.230s] -- Installing: /home/jv_costa/Cerise/Manipulator/arduinobot_ws/install/arduinobot_controller/local/lib/python3.10/dist-packages/arduinobot_controller-0.0.0-py3.10.egg-info/top_level.txt
[10.230s] -- Installing: /home/jv_costa/Cerise/Manipulator/arduinobot_ws/install/arduinobot_controller/local/lib/python3.10/dist-packages/arduinobot_controller-0.0.0-py3.10.egg-info/SOURCES.txt
[10.231s] -- Installing: /home/jv_costa/Cerise/Manipulator/arduinobot_ws/install/arduinobot_controller/local/lib/python3.10/dist-packages/arduinobot_controller-0.0.0-py3.10.egg-info/PKG-INFO
[10.231s] -- Installing: /home/jv_costa/Cerise/Manipulator/arduinobot_ws/install/arduinobot_controller/local/lib/python3.10/dist-packages/arduinobot_controller
[10.231s] -- Installing: /home/jv_costa/Cerise/Manipulator/arduinobot_ws/install/arduinobot_controller/local/lib/python3.10/dist-packages/arduinobot_controller/slider_control.py
[10.231s] -- Installing: /home/jv_costa/Cerise/Manipulator/arduinobot_ws/install/arduinobot_controller/local/lib/python3.10/dist-packages/arduinobot_controller/__init__.py
[10.279s] Listing '/home/jv_costa/Cerise/Manipulator/arduinobot_ws/install/arduinobot_controller/local/lib/python3.10/dist-packages/arduinobot_controller'...
[10.280s] Compiling '/home/jv_costa/Cerise/Manipulator/arduinobot_ws/install/arduinobot_controller/local/lib/python3.10/dist-packages/arduinobot_controller/__init__.py'...
[10.280s] Compiling '/home/jv_costa/Cerise/Manipulator/arduinobot_ws/install/arduinobot_controller/local/lib/python3.10/dist-packages/arduinobot_controller/slider_control.py'...
[10.285s] -- Installing: /home/jv_costa/Cerise/Manipulator/arduinobot_ws/install/arduinobot_controller/lib/arduinobot_controller/slider_control
[10.289s] -- Set runtime path of "/home/jv_costa/Cerise/Manipulator/arduinobot_ws/install/arduinobot_controller/lib/arduinobot_controller/slider_control" to ""
[10.289s] -- Installing: /home/jv_costa/Cerise/Manipulator/arduinobot_ws/install/arduinobot_controller/lib/libarduinobot_controller.so
[10.292s] -- Set runtime path of "/home/jv_costa/Cerise/Manipulator/arduinobot_ws/install/arduinobot_controller/lib/libarduinobot_controller.so" to ""
[10.292s] -- Installing: /home/jv_costa/Cerise/Manipulator/arduinobot_ws/install/arduinobot_controller/include/include
[10.292s] -- Installing: /home/jv_costa/Cerise/Manipulator/arduinobot_ws/install/arduinobot_controller/include/include/arduinobot_controller
[10.292s] -- Installing: /home/jv_costa/Cerise/Manipulator/arduinobot_ws/install/arduinobot_controller/include/include/arduinobot_controller/arduinobot_interface.hpp
[10.293s] -- Installing: /home/jv_costa/Cerise/Manipulator/arduinobot_ws/install/arduinobot_controller/share/arduinobot_controller/launch
[10.293s] -- Installing: /home/jv_costa/Cerise/Manipulator/arduinobot_ws/install/arduinobot_controller/share/arduinobot_controller/launch/slider_controller.launch.py
[10.293s] -- Installing: /home/jv_costa/Cerise/Manipulator/arduinobot_ws/install/arduinobot_controller/share/arduinobot_controller/launch/controller.launch.py
[10.293s] -- Installing: /home/jv_costa/Cerise/Manipulator/arduinobot_ws/install/arduinobot_controller/share/arduinobot_controller/config
[10.294s] -- Installing: /home/jv_costa/Cerise/Manipulator/arduinobot_ws/install/arduinobot_controller/share/arduinobot_controller/config/arduinobot_controllers.yaml
[10.294s] -- Installing: /home/jv_costa/Cerise/Manipulator/arduinobot_ws/install/arduinobot_controller/lib/arduinobot_controller/slider_control.py
[10.294s] -- Installing: /home/jv_costa/Cerise/Manipulator/arduinobot_ws/install/arduinobot_controller/share/arduinobot_controller/environment/library_path.sh
[10.295s] -- Installing: /home/jv_costa/Cerise/Manipulator/arduinobot_ws/install/arduinobot_controller/share/arduinobot_controller/environment/library_path.dsv
[10.295s] -- Installing: /home/jv_costa/Cerise/Manipulator/arduinobot_ws/install/arduinobot_controller/share/ament_index/resource_index/package_run_dependencies/arduinobot_controller
[10.295s] -- Installing: /home/jv_costa/Cerise/Manipulator/arduinobot_ws/install/arduinobot_controller/share/ament_index/resource_index/parent_prefix_path/arduinobot_controller
[10.296s] -- Installing: /home/jv_costa/Cerise/Manipulator/arduinobot_ws/install/arduinobot_controller/share/arduinobot_controller/environment/ament_prefix_path.sh
[10.296s] -- Installing: /home/jv_costa/Cerise/Manipulator/arduinobot_ws/install/arduinobot_controller/share/arduinobot_controller/environment/ament_prefix_path.dsv
[10.296s] -- Installing: /home/jv_costa/Cerise/Manipulator/arduinobot_ws/install/arduinobot_controller/share/arduinobot_controller/environment/path.sh
[10.297s] -- Installing: /home/jv_costa/Cerise/Manipulator/arduinobot_ws/install/arduinobot_controller/share/arduinobot_controller/environment/path.dsv
[10.297s] -- Installing: /home/jv_costa/Cerise/Manipulator/arduinobot_ws/install/arduinobot_controller/share/arduinobot_controller/local_setup.bash
[10.297s] -- Installing: /home/jv_costa/Cerise/Manipulator/arduinobot_ws/install/arduinobot_controller/share/arduinobot_controller/local_setup.sh
[10.298s] -- Installing: /home/jv_costa/Cerise/Manipulator/arduinobot_ws/install/arduinobot_controller/share/arduinobot_controller/local_setup.zsh
[10.298s] -- Installing: /home/jv_costa/Cerise/Manipulator/arduinobot_ws/install/arduinobot_controller/share/arduinobot_controller/local_setup.dsv
[10.298s] -- Installing: /home/jv_costa/Cerise/Manipulator/arduinobot_ws/install/arduinobot_controller/share/arduinobot_controller/package.dsv
[10.299s] -- Installing: /home/jv_costa/Cerise/Manipulator/arduinobot_ws/install/arduinobot_controller/share/ament_index/resource_index/packages/arduinobot_controller
[10.299s] -- Installing: /home/jv_costa/Cerise/Manipulator/arduinobot_ws/install/arduinobot_controller/share/ament_index/resource_index/hardware_interface__pluginlib__plugin/arduinobot_controller
[10.299s] -- Installing: /home/jv_costa/Cerise/Manipulator/arduinobot_ws/install/arduinobot_controller/share/arduinobot_controller/cmake/ament_cmake_export_include_directories-extras.cmake
[10.300s] -- Installing: /home/jv_costa/Cerise/Manipulator/arduinobot_ws/install/arduinobot_controller/share/arduinobot_controller/cmake/ament_cmake_export_libraries-extras.cmake
[10.300s] -- Installing: /home/jv_costa/Cerise/Manipulator/arduinobot_ws/install/arduinobot_controller/share/arduinobot_controller/cmake/ament_cmake_export_dependencies-extras.cmake
[10.300s] -- Installing: /home/jv_costa/Cerise/Manipulator/arduinobot_ws/install/arduinobot_controller/share/arduinobot_controller/cmake/arduinobot_controllerConfig.cmake
[10.301s] -- Installing: /home/jv_costa/Cerise/Manipulator/arduinobot_ws/install/arduinobot_controller/share/arduinobot_controller/cmake/arduinobot_controllerConfig-version.cmake
[10.301s] -- Installing: /home/jv_costa/Cerise/Manipulator/arduinobot_ws/install/arduinobot_controller/share/arduinobot_controller/package.xml
[10.312s] Invoked command in '/home/jv_costa/Cerise/Manipulator/arduinobot_ws/build/arduinobot_controller' returned '0': CMAKE_PREFIX_PATH=${CMAKE_PREFIX_PATH}:/home/jv_costa/interbotix_ws/install/interbotix_xs_modules:/home/jv_costa/interbotix_ws/install/interbotix_perception_modules:/home/jv_costa/interbotix_ws/install/interbotix_common_modules:/opt/ros/humble /usr/bin/cmake --install /home/jv_costa/Cerise/Manipulator/arduinobot_ws/build/arduinobot_controller
