[0.211s] Invoking command in '/home/jv_costa/Cerise/Manipulator/arduinobot_ws/build/arduinobot_remote': AMENT_PREFIX_PATH=/home/jv_costa/Cerise/Manipulator/arduinobot_ws/install/arduinobot_msgs:${AMENT_PREFIX_PATH} CMAKE_PREFIX_PATH=/home/jv_costa/Cerise/Manipulator/arduinobot_ws/install/arduinobot_msgs:/home/jv_costa/ldlidar_ros2_ws/install/ldlidar_stl_ros2:/home/jv_costa/interbotix_ws/install/interbotix_ros_xsarms_examples:/home/jv_costa/interbotix_ws/install/interbotix_xsarm_moveit_interface:/home/jv_costa/interbotix_ws/install/interbotix_moveit_interface:/home/jv_costa/interbotix_ws/install/moveit_visual_tools:/home/jv_costa/interbotix_ws/install/interbotix_ros_xsarms:/home/jv_costa/interbotix_ws/install/interbotix_xsarm_moveit:/home/jv_costa/interbotix_ws/install/interbotix_xsarm_sim:/home/jv_costa/interbotix_ws/install/interbotix_xsarm_ros_control:/home/jv_costa/interbotix_ws/install/interbotix_xsarm_puppet:/home/jv_costa/interbotix_ws/install/interbotix_xsarm_perception:/home/jv_costa/interbotix_ws/install/interbotix_xsarm_joy:/home/jv_costa/interbotix_ws/install/interbotix_xsarm_dual:/home/jv_costa/interbotix_ws/install/interbotix_xsarm_control:/home/jv_costa/interbotix_ws/install/interbotix_xsarm_descriptions:/home/jv_costa/interbotix_ws/install/interbotix_xs_toolbox:/home/jv_costa/interbotix_ws/install/interbotix_xs_rviz:/home/jv_costa/interbotix_ws/install/interbotix_ros_xseries:/home/jv_costa/interbotix_ws/install/interbotix_xs_sdk:/home/jv_costa/interbotix_ws/install/interbotix_xs_ros_control:/home/jv_costa/interbotix_ws/install/interbotix_perception_toolbox:/home/jv_costa/interbotix_ws/install/interbotix_perception_pipelines:/home/jv_costa/interbotix_ws/install/interbotix_xs_msgs:/home/jv_costa/interbotix_ws/install/interbotix_xs_driver:/home/jv_costa/interbotix_ws/install/interbotix_tf_tools:/home/jv_costa/interbotix_ws/install/interbotix_perception_msgs:/home/jv_costa/interbotix_ws/install/interbotix_moveit_interface_msgs:/home/jv_costa/interbotix_ws/install/interbotix_common_toolbox:/home/jv_costa/interbotix_ws/install/interbotix_common_sim:/home/jv_costa/interbotix_ws/install/dynamixel_workbench_toolbox:/home/jv_costa/apriltag_ws/install/apriltag_ros:/home/jv_costa/interbotix_ws/install/interbotix_xs_modules:/home/jv_costa/interbotix_ws/install/interbotix_perception_modules:/home/jv_costa/interbotix_ws/install/interbotix_common_modules:/opt/ros/humble LD_LIBRARY_PATH=/home/jv_costa/Cerise/Manipulator/arduinobot_ws/install/arduinobot_msgs/lib:${LD_LIBRARY_PATH} PYTHONPATH=/home/jv_costa/Cerise/Manipulator/arduinobot_ws/install/arduinobot_msgs/local/lib/python3.10/dist-packages:${PYTHONPATH} /usr/bin/cmake /home/jv_costa/Cerise/Manipulator/arduinobot_ws/src/arduinobot_remote -DCMAKE_INSTALL_PREFIX=/home/jv_costa/Cerise/Manipulator/arduinobot_ws/install/arduinobot_remote
[0.250s] -- The C compiler identification is GNU 11.4.0
[0.289s] -- The CXX compiler identification is GNU 11.4.0
[0.295s] -- Detecting C compiler ABI info
[0.345s] -- Detecting C compiler ABI info - done
[0.353s] -- Check for working C compiler: /usr/bin/cc - skipped
[0.354s] -- Detecting C compile features
[0.354s] -- Detecting C compile features - done
[0.357s] -- Detecting CXX compiler ABI info
[0.420s] -- Detecting CXX compiler ABI info - done
[0.428s] -- Check for working CXX compiler: /usr/bin/c++ - skipped
[0.428s] -- Detecting CXX compile features
[0.428s] -- Detecting CXX compile features - done
[0.432s] -- Found ament_cmake: 1.3.10 (/opt/ros/humble/share/ament_cmake/cmake)
[0.560s] -- Found Python3: /usr/bin/python3 (found version "3.10.12") found components: Interpreter 
[0.656s] -- Found rclcpp: 16.0.10 (/opt/ros/humble/share/rclcpp/cmake)
[0.709s] -- Found rosidl_generator_c: 3.1.5 (/opt/ros/humble/share/rosidl_generator_c/cmake)
[0.716s] -- Found rosidl_adapter: 3.1.5 (/opt/ros/humble/share/rosidl_adapter/cmake)
[0.725s] -- Found rosidl_generator_cpp: 3.1.5 (/opt/ros/humble/share/rosidl_generator_cpp/cmake)
[0.744s] -- Using all available rosidl_typesupport_c: rosidl_typesupport_fastrtps_c;rosidl_typesupport_introspection_c
[0.764s] -- Using all available rosidl_typesupport_cpp: rosidl_typesupport_fastrtps_cpp;rosidl_typesupport_introspection_cpp
[0.818s] -- Found rmw_implementation_cmake: 6.1.2 (/opt/ros/humble/share/rmw_implementation_cmake/cmake)
[0.823s] -- Found rmw_fastrtps_cpp: 6.2.7 (/opt/ros/humble/share/rmw_fastrtps_cpp/cmake)
[0.904s] -- Found OpenSSL: /usr/lib/x86_64-linux-gnu/libcrypto.so (found version "3.0.2")  
[0.930s] -- Found FastRTPS: /opt/ros/humble/include  
[0.970s] -- Using RMW implementation 'rmw_fastrtps_cpp' as default
[0.981s] -- Looking for pthread.h
[1.034s] -- Looking for pthread.h - found
[1.034s] -- Performing Test CMAKE_HAVE_LIBC_PTHREAD
[1.086s] -- Performing Test CMAKE_HAVE_LIBC_PTHREAD - Success
[1.086s] -- Found Threads: TRUE  
[1.133s] -- Found rclcpp_action: 16.0.10 (/opt/ros/humble/share/rclcpp_action/cmake)
[1.164s] -- Found rclcpp_components: 16.0.10 (/opt/ros/humble/share/rclcpp_components/cmake)
[1.188s] -- Found arduinobot_msgs: 0.0.0 (/home/jv_costa/Cerise/Manipulator/arduinobot_ws/install/arduinobot_msgs/share/arduinobot_msgs/cmake)
[1.200s] -- Found moveit_ros_planning_interface: 2.5.5 (/opt/ros/humble/share/moveit_ros_planning_interface/cmake)
[1.231s] -- Found Boost: /usr/lib/x86_64-linux-gnu/cmake/Boost-1.74.0/BoostConfig.cmake (found version "1.74.0") found components: date_time filesystem program_options system thread 
[1.356s] -- Found Boost: /usr/lib/x86_64-linux-gnu/cmake/Boost-1.74.0/BoostConfig.cmake (found version "1.74.0") found components: chrono date_time filesystem iostreams program_options regex serialization system thread 
[1.373s] -- Found parameter_traits: 0.3.8 (/opt/ros/humble/share/parameter_traits/cmake)
[1.398s] -- Found rclcpp_lifecycle: 16.0.10 (/opt/ros/humble/share/rclcpp_lifecycle/cmake)
[1.422s] -- Found Boost: /usr/lib/x86_64-linux-gnu/cmake/Boost-1.74.0/BoostConfig.cmake (found version "1.74.0") found components: filesystem 
[1.503s] -- library: /usr/lib/x86_64-linux-gnu/libcurl.so
[1.534s] -- Found Eigen3: TRUE (found version "3.4.0") 
[1.535s] -- Ensuring Eigen3 include directory is part of orocos-kdl CMake target
[1.650s] -- Found Boost: /usr/lib/x86_64-linux-gnu/cmake/Boost-1.74.0/BoostConfig.cmake (found version "1.74.0") found components: system filesystem date_time program_options thread chrono 
[1.679s] -- Found Boost: /usr/lib/x86_64-linux-gnu/cmake/Boost-1.74.0/BoostConfig.cmake (found version "1.74.0") found components: thread system filesystem regex date_time program_options 
[1.699s] -- Found Boost: /usr/lib/x86_64-linux-gnu/cmake/Boost-1.74.0/BoostConfig.cmake (found version "1.74.0") found components: system filesystem date_time program_options thread 
[1.723s] -- Found rclpy: 3.3.14 (/opt/ros/humble/share/rclpy/cmake)
[1.916s] -- Configuring done
[1.954s] -- Generating done
[1.962s] -- Build files have been written to: /home/jv_costa/Cerise/Manipulator/arduinobot_ws/build/arduinobot_remote
[1.988s] Invoked command in '/home/jv_costa/Cerise/Manipulator/arduinobot_ws/build/arduinobot_remote' returned '0': AMENT_PREFIX_PATH=/home/jv_costa/Cerise/Manipulator/arduinobot_ws/install/arduinobot_msgs:${AMENT_PREFIX_PATH} CMAKE_PREFIX_PATH=/home/jv_costa/Cerise/Manipulator/arduinobot_ws/install/arduinobot_msgs:/home/jv_costa/ldlidar_ros2_ws/install/ldlidar_stl_ros2:/home/jv_costa/interbotix_ws/install/interbotix_ros_xsarms_examples:/home/jv_costa/interbotix_ws/install/interbotix_xsarm_moveit_interface:/home/jv_costa/interbotix_ws/install/interbotix_moveit_interface:/home/jv_costa/interbotix_ws/install/moveit_visual_tools:/home/jv_costa/interbotix_ws/install/interbotix_ros_xsarms:/home/jv_costa/interbotix_ws/install/interbotix_xsarm_moveit:/home/jv_costa/interbotix_ws/install/interbotix_xsarm_sim:/home/jv_costa/interbotix_ws/install/interbotix_xsarm_ros_control:/home/jv_costa/interbotix_ws/install/interbotix_xsarm_puppet:/home/jv_costa/interbotix_ws/install/interbotix_xsarm_perception:/home/jv_costa/interbotix_ws/install/interbotix_xsarm_joy:/home/jv_costa/interbotix_ws/install/interbotix_xsarm_dual:/home/jv_costa/interbotix_ws/install/interbotix_xsarm_control:/home/jv_costa/interbotix_ws/install/interbotix_xsarm_descriptions:/home/jv_costa/interbotix_ws/install/interbotix_xs_toolbox:/home/jv_costa/interbotix_ws/install/interbotix_xs_rviz:/home/jv_costa/interbotix_ws/install/interbotix_ros_xseries:/home/jv_costa/interbotix_ws/install/interbotix_xs_sdk:/home/jv_costa/interbotix_ws/install/interbotix_xs_ros_control:/home/jv_costa/interbotix_ws/install/interbotix_perception_toolbox:/home/jv_costa/interbotix_ws/install/interbotix_perception_pipelines:/home/jv_costa/interbotix_ws/install/interbotix_xs_msgs:/home/jv_costa/interbotix_ws/install/interbotix_xs_driver:/home/jv_costa/interbotix_ws/install/interbotix_tf_tools:/home/jv_costa/interbotix_ws/install/interbotix_perception_msgs:/home/jv_costa/interbotix_ws/install/interbotix_moveit_interface_msgs:/home/jv_costa/interbotix_ws/install/interbotix_common_toolbox:/home/jv_costa/interbotix_ws/install/interbotix_common_sim:/home/jv_costa/interbotix_ws/install/dynamixel_workbench_toolbox:/home/jv_costa/apriltag_ws/install/apriltag_ros:/home/jv_costa/interbotix_ws/install/interbotix_xs_modules:/home/jv_costa/interbotix_ws/install/interbotix_perception_modules:/home/jv_costa/interbotix_ws/install/interbotix_common_modules:/opt/ros/humble LD_LIBRARY_PATH=/home/jv_costa/Cerise/Manipulator/arduinobot_ws/install/arduinobot_msgs/lib:${LD_LIBRARY_PATH} PYTHONPATH=/home/jv_costa/Cerise/Manipulator/arduinobot_ws/install/arduinobot_msgs/local/lib/python3.10/dist-packages:${PYTHONPATH} /usr/bin/cmake /home/jv_costa/Cerise/Manipulator/arduinobot_ws/src/arduinobot_remote -DCMAKE_INSTALL_PREFIX=/home/jv_costa/Cerise/Manipulator/arduinobot_ws/install/arduinobot_remote
[1.989s] Invoking command in '/home/jv_costa/Cerise/Manipulator/arduinobot_ws/build/arduinobot_remote': AMENT_PREFIX_PATH=/home/jv_costa/Cerise/Manipulator/arduinobot_ws/install/arduinobot_msgs:${AMENT_PREFIX_PATH} CMAKE_PREFIX_PATH=/home/jv_costa/Cerise/Manipulator/arduinobot_ws/install/arduinobot_msgs:/home/jv_costa/ldlidar_ros2_ws/install/ldlidar_stl_ros2:/home/jv_costa/interbotix_ws/install/interbotix_ros_xsarms_examples:/home/jv_costa/interbotix_ws/install/interbotix_xsarm_moveit_interface:/home/jv_costa/interbotix_ws/install/interbotix_moveit_interface:/home/jv_costa/interbotix_ws/install/moveit_visual_tools:/home/jv_costa/interbotix_ws/install/interbotix_ros_xsarms:/home/jv_costa/interbotix_ws/install/interbotix_xsarm_moveit:/home/jv_costa/interbotix_ws/install/interbotix_xsarm_sim:/home/jv_costa/interbotix_ws/install/interbotix_xsarm_ros_control:/home/jv_costa/interbotix_ws/install/interbotix_xsarm_puppet:/home/jv_costa/interbotix_ws/install/interbotix_xsarm_perception:/home/jv_costa/interbotix_ws/install/interbotix_xsarm_joy:/home/jv_costa/interbotix_ws/install/interbotix_xsarm_dual:/home/jv_costa/interbotix_ws/install/interbotix_xsarm_control:/home/jv_costa/interbotix_ws/install/interbotix_xsarm_descriptions:/home/jv_costa/interbotix_ws/install/interbotix_xs_toolbox:/home/jv_costa/interbotix_ws/install/interbotix_xs_rviz:/home/jv_costa/interbotix_ws/install/interbotix_ros_xseries:/home/jv_costa/interbotix_ws/install/interbotix_xs_sdk:/home/jv_costa/interbotix_ws/install/interbotix_xs_ros_control:/home/jv_costa/interbotix_ws/install/interbotix_perception_toolbox:/home/jv_costa/interbotix_ws/install/interbotix_perception_pipelines:/home/jv_costa/interbotix_ws/install/interbotix_xs_msgs:/home/jv_costa/interbotix_ws/install/interbotix_xs_driver:/home/jv_costa/interbotix_ws/install/interbotix_tf_tools:/home/jv_costa/interbotix_ws/install/interbotix_perception_msgs:/home/jv_costa/interbotix_ws/install/interbotix_moveit_interface_msgs:/home/jv_costa/interbotix_ws/install/interbotix_common_toolbox:/home/jv_costa/interbotix_ws/install/interbotix_common_sim:/home/jv_costa/interbotix_ws/install/dynamixel_workbench_toolbox:/home/jv_costa/apriltag_ws/install/apriltag_ros:/home/jv_costa/interbotix_ws/install/interbotix_xs_modules:/home/jv_costa/interbotix_ws/install/interbotix_perception_modules:/home/jv_costa/interbotix_ws/install/interbotix_common_modules:/opt/ros/humble LD_LIBRARY_PATH=/home/jv_costa/Cerise/Manipulator/arduinobot_ws/install/arduinobot_msgs/lib:${LD_LIBRARY_PATH} PYTHONPATH=/home/jv_costa/Cerise/Manipulator/arduinobot_ws/install/arduinobot_msgs/local/lib/python3.10/dist-packages:${PYTHONPATH} /usr/bin/cmake --build /home/jv_costa/Cerise/Manipulator/arduinobot_ws/build/arduinobot_remote -- -j16 -l16
[2.084s] [ 25%] [32mBuilding CXX object CMakeFiles/task_server_node.dir/rclcpp_components/node_main_task_server_node.cpp.o[0m
[2.092s] [ 50%] [32mBuilding CXX object CMakeFiles/task_server.dir/src/task_server.cpp.o[0m
[2.114s] [ 50%] Built target ament_cmake_python_copy_arduinobot_remote
[2.883s] running egg_info
[2.884s] creating arduinobot_remote.egg-info
[2.884s] writing arduinobot_remote.egg-info/PKG-INFO
[2.884s] writing dependency_links to arduinobot_remote.egg-info/dependency_links.txt
[2.884s] writing top-level names to arduinobot_remote.egg-info/top_level.txt
[2.885s] writing manifest file 'arduinobot_remote.egg-info/SOURCES.txt'
[2.894s] reading manifest file 'arduinobot_remote.egg-info/SOURCES.txt'
[2.898s] writing manifest file 'arduinobot_remote.egg-info/SOURCES.txt'
[2.951s] [ 50%] Built target ament_cmake_python_build_arduinobot_remote_egg
[6.290s] [ 75%] [32m[1mLinking CXX executable task_server_node[0m
[6.411s] [ 75%] Built target task_server_node
[9.523s] [100%] [32m[1mLinking CXX shared library libtask_server.so[0m
[9.702s] [100%] Built target task_server
[9.710s] Invoked command in '/home/jv_costa/Cerise/Manipulator/arduinobot_ws/build/arduinobot_remote' returned '0': AMENT_PREFIX_PATH=/home/jv_costa/Cerise/Manipulator/arduinobot_ws/install/arduinobot_msgs:${AMENT_PREFIX_PATH} CMAKE_PREFIX_PATH=/home/jv_costa/Cerise/Manipulator/arduinobot_ws/install/arduinobot_msgs:/home/jv_costa/ldlidar_ros2_ws/install/ldlidar_stl_ros2:/home/jv_costa/interbotix_ws/install/interbotix_ros_xsarms_examples:/home/jv_costa/interbotix_ws/install/interbotix_xsarm_moveit_interface:/home/jv_costa/interbotix_ws/install/interbotix_moveit_interface:/home/jv_costa/interbotix_ws/install/moveit_visual_tools:/home/jv_costa/interbotix_ws/install/interbotix_ros_xsarms:/home/jv_costa/interbotix_ws/install/interbotix_xsarm_moveit:/home/jv_costa/interbotix_ws/install/interbotix_xsarm_sim:/home/jv_costa/interbotix_ws/install/interbotix_xsarm_ros_control:/home/jv_costa/interbotix_ws/install/interbotix_xsarm_puppet:/home/jv_costa/interbotix_ws/install/interbotix_xsarm_perception:/home/jv_costa/interbotix_ws/install/interbotix_xsarm_joy:/home/jv_costa/interbotix_ws/install/interbotix_xsarm_dual:/home/jv_costa/interbotix_ws/install/interbotix_xsarm_control:/home/jv_costa/interbotix_ws/install/interbotix_xsarm_descriptions:/home/jv_costa/interbotix_ws/install/interbotix_xs_toolbox:/home/jv_costa/interbotix_ws/install/interbotix_xs_rviz:/home/jv_costa/interbotix_ws/install/interbotix_ros_xseries:/home/jv_costa/interbotix_ws/install/interbotix_xs_sdk:/home/jv_costa/interbotix_ws/install/interbotix_xs_ros_control:/home/jv_costa/interbotix_ws/install/interbotix_perception_toolbox:/home/jv_costa/interbotix_ws/install/interbotix_perception_pipelines:/home/jv_costa/interbotix_ws/install/interbotix_xs_msgs:/home/jv_costa/interbotix_ws/install/interbotix_xs_driver:/home/jv_costa/interbotix_ws/install/interbotix_tf_tools:/home/jv_costa/interbotix_ws/install/interbotix_perception_msgs:/home/jv_costa/interbotix_ws/install/interbotix_moveit_interface_msgs:/home/jv_costa/interbotix_ws/install/interbotix_common_toolbox:/home/jv_costa/interbotix_ws/install/interbotix_common_sim:/home/jv_costa/interbotix_ws/install/dynamixel_workbench_toolbox:/home/jv_costa/apriltag_ws/install/apriltag_ros:/home/jv_costa/interbotix_ws/install/interbotix_xs_modules:/home/jv_costa/interbotix_ws/install/interbotix_perception_modules:/home/jv_costa/interbotix_ws/install/interbotix_common_modules:/opt/ros/humble LD_LIBRARY_PATH=/home/jv_costa/Cerise/Manipulator/arduinobot_ws/install/arduinobot_msgs/lib:${LD_LIBRARY_PATH} PYTHONPATH=/home/jv_costa/Cerise/Manipulator/arduinobot_ws/install/arduinobot_msgs/local/lib/python3.10/dist-packages:${PYTHONPATH} /usr/bin/cmake --build /home/jv_costa/Cerise/Manipulator/arduinobot_ws/build/arduinobot_remote -- -j16 -l16
[9.736s] Invoking command in '/home/jv_costa/Cerise/Manipulator/arduinobot_ws/build/arduinobot_remote': AMENT_PREFIX_PATH=/home/jv_costa/Cerise/Manipulator/arduinobot_ws/install/arduinobot_msgs:${AMENT_PREFIX_PATH} CMAKE_PREFIX_PATH=/home/jv_costa/Cerise/Manipulator/arduinobot_ws/install/arduinobot_msgs:/home/jv_costa/ldlidar_ros2_ws/install/ldlidar_stl_ros2:/home/jv_costa/interbotix_ws/install/interbotix_ros_xsarms_examples:/home/jv_costa/interbotix_ws/install/interbotix_xsarm_moveit_interface:/home/jv_costa/interbotix_ws/install/interbotix_moveit_interface:/home/jv_costa/interbotix_ws/install/moveit_visual_tools:/home/jv_costa/interbotix_ws/install/interbotix_ros_xsarms:/home/jv_costa/interbotix_ws/install/interbotix_xsarm_moveit:/home/jv_costa/interbotix_ws/install/interbotix_xsarm_sim:/home/jv_costa/interbotix_ws/install/interbotix_xsarm_ros_control:/home/jv_costa/interbotix_ws/install/interbotix_xsarm_puppet:/home/jv_costa/interbotix_ws/install/interbotix_xsarm_perception:/home/jv_costa/interbotix_ws/install/interbotix_xsarm_joy:/home/jv_costa/interbotix_ws/install/interbotix_xsarm_dual:/home/jv_costa/interbotix_ws/install/interbotix_xsarm_control:/home/jv_costa/interbotix_ws/install/interbotix_xsarm_descriptions:/home/jv_costa/interbotix_ws/install/interbotix_xs_toolbox:/home/jv_costa/interbotix_ws/install/interbotix_xs_rviz:/home/jv_costa/interbotix_ws/install/interbotix_ros_xseries:/home/jv_costa/interbotix_ws/install/interbotix_xs_sdk:/home/jv_costa/interbotix_ws/install/interbotix_xs_ros_control:/home/jv_costa/interbotix_ws/install/interbotix_perception_toolbox:/home/jv_costa/interbotix_ws/install/interbotix_perception_pipelines:/home/jv_costa/interbotix_ws/install/interbotix_xs_msgs:/home/jv_costa/interbotix_ws/install/interbotix_xs_driver:/home/jv_costa/interbotix_ws/install/interbotix_tf_tools:/home/jv_costa/interbotix_ws/install/interbotix_perception_msgs:/home/jv_costa/interbotix_ws/install/interbotix_moveit_interface_msgs:/home/jv_costa/interbotix_ws/install/interbotix_common_toolbox:/home/jv_costa/interbotix_ws/install/interbotix_common_sim:/home/jv_costa/interbotix_ws/install/dynamixel_workbench_toolbox:/home/jv_costa/apriltag_ws/install/apriltag_ros:/home/jv_costa/interbotix_ws/install/interbotix_xs_modules:/home/jv_costa/interbotix_ws/install/interbotix_perception_modules:/home/jv_costa/interbotix_ws/install/interbotix_common_modules:/opt/ros/humble LD_LIBRARY_PATH=/home/jv_costa/Cerise/Manipulator/arduinobot_ws/install/arduinobot_msgs/lib:${LD_LIBRARY_PATH} PYTHONPATH=/home/jv_costa/Cerise/Manipulator/arduinobot_ws/install/arduinobot_msgs/local/lib/python3.10/dist-packages:${PYTHONPATH} /usr/bin/cmake --install /home/jv_costa/Cerise/Manipulator/arduinobot_ws/build/arduinobot_remote
[9.741s] -- Install configuration: ""
[9.742s] -- Installing: /home/jv_costa/Cerise/Manipulator/arduinobot_ws/install/arduinobot_remote/lib/arduinobot_remote/task_server_node
[9.742s] -- Set runtime path of "/home/jv_costa/Cerise/Manipulator/arduinobot_ws/install/arduinobot_remote/lib/arduinobot_remote/task_server_node" to ""
[9.742s] -- Installing: /home/jv_costa/Cerise/Manipulator/arduinobot_ws/install/arduinobot_remote/share/arduinobot_remote/environment/pythonpath.sh
[9.742s] -- Installing: /home/jv_costa/Cerise/Manipulator/arduinobot_ws/install/arduinobot_remote/share/arduinobot_remote/environment/pythonpath.dsv
[9.743s] -- Installing: /home/jv_costa/Cerise/Manipulator/arduinobot_ws/install/arduinobot_remote/local/lib/python3.10/dist-packages/arduinobot_remote-0.0.0-py3.10.egg-info
[9.743s] -- Installing: /home/jv_costa/Cerise/Manipulator/arduinobot_ws/install/arduinobot_remote/local/lib/python3.10/dist-packages/arduinobot_remote-0.0.0-py3.10.egg-info/dependency_links.txt
[9.743s] -- Installing: /home/jv_costa/Cerise/Manipulator/arduinobot_ws/install/arduinobot_remote/local/lib/python3.10/dist-packages/arduinobot_remote-0.0.0-py3.10.egg-info/top_level.txt
[9.743s] -- Installing: /home/jv_costa/Cerise/Manipulator/arduinobot_ws/install/arduinobot_remote/local/lib/python3.10/dist-packages/arduinobot_remote-0.0.0-py3.10.egg-info/SOURCES.txt
[9.743s] -- Installing: /home/jv_costa/Cerise/Manipulator/arduinobot_ws/install/arduinobot_remote/local/lib/python3.10/dist-packages/arduinobot_remote-0.0.0-py3.10.egg-info/PKG-INFO
[9.743s] -- Installing: /home/jv_costa/Cerise/Manipulator/arduinobot_ws/install/arduinobot_remote/local/lib/python3.10/dist-packages/arduinobot_remote
[9.743s] -- Installing: /home/jv_costa/Cerise/Manipulator/arduinobot_ws/install/arduinobot_remote/local/lib/python3.10/dist-packages/arduinobot_remote/alexa_interface.py
[9.743s] -- Installing: /home/jv_costa/Cerise/Manipulator/arduinobot_ws/install/arduinobot_remote/local/lib/python3.10/dist-packages/arduinobot_remote/__init__.py
[9.767s] Listing '/home/jv_costa/Cerise/Manipulator/arduinobot_ws/install/arduinobot_remote/local/lib/python3.10/dist-packages/arduinobot_remote'...
[9.767s] Compiling '/home/jv_costa/Cerise/Manipulator/arduinobot_ws/install/arduinobot_remote/local/lib/python3.10/dist-packages/arduinobot_remote/__init__.py'...
[9.767s] Compiling '/home/jv_costa/Cerise/Manipulator/arduinobot_ws/install/arduinobot_remote/local/lib/python3.10/dist-packages/arduinobot_remote/alexa_interface.py'...
[9.770s] -- Installing: /home/jv_costa/Cerise/Manipulator/arduinobot_ws/install/arduinobot_remote/share/arduinobot_remote/launch
[9.770s] -- Installing: /home/jv_costa/Cerise/Manipulator/arduinobot_ws/install/arduinobot_remote/share/arduinobot_remote/launch/remote_interface.launch.py
[9.770s] -- Installing: /home/jv_costa/Cerise/Manipulator/arduinobot_ws/install/arduinobot_remote/lib/libtask_server.so
[9.771s] -- Set runtime path of "/home/jv_costa/Cerise/Manipulator/arduinobot_ws/install/arduinobot_remote/lib/libtask_server.so" to ""
[9.771s] -- Installing: /home/jv_costa/Cerise/Manipulator/arduinobot_ws/install/arduinobot_remote/lib/arduinobot_remote/alexa_interface.py
[9.771s] -- Installing: /home/jv_costa/Cerise/Manipulator/arduinobot_ws/install/arduinobot_remote/share/ament_index/resource_index/package_run_dependencies/arduinobot_remote
[9.771s] -- Installing: /home/jv_costa/Cerise/Manipulator/arduinobot_ws/install/arduinobot_remote/share/ament_index/resource_index/parent_prefix_path/arduinobot_remote
[9.771s] -- Installing: /home/jv_costa/Cerise/Manipulator/arduinobot_ws/install/arduinobot_remote/share/arduinobot_remote/environment/ament_prefix_path.sh
[9.772s] -- Installing: /home/jv_costa/Cerise/Manipulator/arduinobot_ws/install/arduinobot_remote/share/arduinobot_remote/environment/ament_prefix_path.dsv
[9.772s] -- Installing: /home/jv_costa/Cerise/Manipulator/arduinobot_ws/install/arduinobot_remote/share/arduinobot_remote/environment/path.sh
[9.772s] -- Installing: /home/jv_costa/Cerise/Manipulator/arduinobot_ws/install/arduinobot_remote/share/arduinobot_remote/environment/path.dsv
[9.772s] -- Installing: /home/jv_costa/Cerise/Manipulator/arduinobot_ws/install/arduinobot_remote/share/arduinobot_remote/local_setup.bash
[9.772s] -- Installing: /home/jv_costa/Cerise/Manipulator/arduinobot_ws/install/arduinobot_remote/share/arduinobot_remote/local_setup.sh
[9.772s] -- Installing: /home/jv_costa/Cerise/Manipulator/arduinobot_ws/install/arduinobot_remote/share/arduinobot_remote/local_setup.zsh
[9.772s] -- Installing: /home/jv_costa/Cerise/Manipulator/arduinobot_ws/install/arduinobot_remote/share/arduinobot_remote/local_setup.dsv
[9.772s] -- Installing: /home/jv_costa/Cerise/Manipulator/arduinobot_ws/install/arduinobot_remote/share/arduinobot_remote/package.dsv
[9.772s] -- Installing: /home/jv_costa/Cerise/Manipulator/arduinobot_ws/install/arduinobot_remote/share/ament_index/resource_index/packages/arduinobot_remote
[9.772s] -- Installing: /home/jv_costa/Cerise/Manipulator/arduinobot_ws/install/arduinobot_remote/share/ament_index/resource_index/rclcpp_components/arduinobot_remote
[9.772s] -- Installing: /home/jv_costa/Cerise/Manipulator/arduinobot_ws/install/arduinobot_remote/share/arduinobot_remote/cmake/arduinobot_remoteConfig.cmake
[9.772s] -- Installing: /home/jv_costa/Cerise/Manipulator/arduinobot_ws/install/arduinobot_remote/share/arduinobot_remote/cmake/arduinobot_remoteConfig-version.cmake
[9.772s] -- Installing: /home/jv_costa/Cerise/Manipulator/arduinobot_ws/install/arduinobot_remote/share/arduinobot_remote/package.xml
[9.774s] Invoked command in '/home/jv_costa/Cerise/Manipulator/arduinobot_ws/build/arduinobot_remote' returned '0': AMENT_PREFIX_PATH=/home/jv_costa/Cerise/Manipulator/arduinobot_ws/install/arduinobot_msgs:${AMENT_PREFIX_PATH} CMAKE_PREFIX_PATH=/home/jv_costa/Cerise/Manipulator/arduinobot_ws/install/arduinobot_msgs:/home/jv_costa/ldlidar_ros2_ws/install/ldlidar_stl_ros2:/home/jv_costa/interbotix_ws/install/interbotix_ros_xsarms_examples:/home/jv_costa/interbotix_ws/install/interbotix_xsarm_moveit_interface:/home/jv_costa/interbotix_ws/install/interbotix_moveit_interface:/home/jv_costa/interbotix_ws/install/moveit_visual_tools:/home/jv_costa/interbotix_ws/install/interbotix_ros_xsarms:/home/jv_costa/interbotix_ws/install/interbotix_xsarm_moveit:/home/jv_costa/interbotix_ws/install/interbotix_xsarm_sim:/home/jv_costa/interbotix_ws/install/interbotix_xsarm_ros_control:/home/jv_costa/interbotix_ws/install/interbotix_xsarm_puppet:/home/jv_costa/interbotix_ws/install/interbotix_xsarm_perception:/home/jv_costa/interbotix_ws/install/interbotix_xsarm_joy:/home/jv_costa/interbotix_ws/install/interbotix_xsarm_dual:/home/jv_costa/interbotix_ws/install/interbotix_xsarm_control:/home/jv_costa/interbotix_ws/install/interbotix_xsarm_descriptions:/home/jv_costa/interbotix_ws/install/interbotix_xs_toolbox:/home/jv_costa/interbotix_ws/install/interbotix_xs_rviz:/home/jv_costa/interbotix_ws/install/interbotix_ros_xseries:/home/jv_costa/interbotix_ws/install/interbotix_xs_sdk:/home/jv_costa/interbotix_ws/install/interbotix_xs_ros_control:/home/jv_costa/interbotix_ws/install/interbotix_perception_toolbox:/home/jv_costa/interbotix_ws/install/interbotix_perception_pipelines:/home/jv_costa/interbotix_ws/install/interbotix_xs_msgs:/home/jv_costa/interbotix_ws/install/interbotix_xs_driver:/home/jv_costa/interbotix_ws/install/interbotix_tf_tools:/home/jv_costa/interbotix_ws/install/interbotix_perception_msgs:/home/jv_costa/interbotix_ws/install/interbotix_moveit_interface_msgs:/home/jv_costa/interbotix_ws/install/interbotix_common_toolbox:/home/jv_costa/interbotix_ws/install/interbotix_common_sim:/home/jv_costa/interbotix_ws/install/dynamixel_workbench_toolbox:/home/jv_costa/apriltag_ws/install/apriltag_ros:/home/jv_costa/interbotix_ws/install/interbotix_xs_modules:/home/jv_costa/interbotix_ws/install/interbotix_perception_modules:/home/jv_costa/interbotix_ws/install/interbotix_common_modules:/opt/ros/humble LD_LIBRARY_PATH=/home/jv_costa/Cerise/Manipulator/arduinobot_ws/install/arduinobot_msgs/lib:${LD_LIBRARY_PATH} PYTHONPATH=/home/jv_costa/Cerise/Manipulator/arduinobot_ws/install/arduinobot_msgs/local/lib/python3.10/dist-packages:${PYTHONPATH} /usr/bin/cmake --install /home/jv_costa/Cerise/Manipulator/arduinobot_ws/build/arduinobot_remote
