[0.587s] Invoking command in '/home/jv_costa/Cerise/Manipulator/arduinobot_ws/src/arduinobot_py_examples': AMENT_PREFIX_PATH=/home/jv_costa/Cerise/Manipulator/arduinobot_ws/install/arduinobot_msgs:${AMENT_PREFIX_PATH} CMAKE_PREFIX_PATH=/home/jv_costa/Cerise/Manipulator/arduinobot_ws/install/arduinobot_msgs:${CMAKE_PREFIX_PATH} LD_LIBRARY_PATH=/home/jv_costa/Cerise/Manipulator/arduinobot_ws/install/arduinobot_msgs/lib:${LD_LIBRARY_PATH} PYTHONPATH=/home/jv_costa/Cerise/Manipulator/arduinobot_ws/build/arduinobot_py_examples/prefix_override:/usr/lib/python3/dist-packages/colcon_core/task/python/colcon_distutils_commands:/home/jv_costa/Cerise/Manipulator/arduinobot_ws/install/arduinobot_py_examples/lib/python3.10/site-packages:/home/jv_costa/Cerise/Manipulator/arduinobot_ws/install/arduinobot_msgs/local/lib/python3.10/dist-packages:${PYTHONPATH} /usr/bin/python3 -W ignore:setup.py install is deprecated setup.py egg_info --egg-base ../../build/arduinobot_py_examples build --build-base /home/jv_costa/Cerise/Manipulator/arduinobot_ws/build/arduinobot_py_examples/build install --record /home/jv_costa/Cerise/Manipulator/arduinobot_ws/build/arduinobot_py_examples/install.log --single-version-externally-managed install_data
[0.780s] running egg_info
[0.780s] creating ../../build/arduinobot_py_examples/arduinobot_py_examples.egg-info
[0.781s] writing ../../build/arduinobot_py_examples/arduinobot_py_examples.egg-info/PKG-INFO
[0.781s] writing dependency_links to ../../build/arduinobot_py_examples/arduinobot_py_examples.egg-info/dependency_links.txt
[0.781s] writing entry points to ../../build/arduinobot_py_examples/arduinobot_py_examples.egg-info/entry_points.txt
[0.781s] writing requirements to ../../build/arduinobot_py_examples/arduinobot_py_examples.egg-info/requires.txt
[0.781s] writing top-level names to ../../build/arduinobot_py_examples/arduinobot_py_examples.egg-info/top_level.txt
[0.781s] writing manifest file '../../build/arduinobot_py_examples/arduinobot_py_examples.egg-info/SOURCES.txt'
[0.782s] reading manifest file '../../build/arduinobot_py_examples/arduinobot_py_examples.egg-info/SOURCES.txt'
[0.783s] writing manifest file '../../build/arduinobot_py_examples/arduinobot_py_examples.egg-info/SOURCES.txt'
[0.783s] running build
[0.783s] running build_py
[0.783s] creating /home/jv_costa/Cerise/Manipulator/arduinobot_ws/build/arduinobot_py_examples/build
[0.783s] creating /home/jv_costa/Cerise/Manipulator/arduinobot_ws/build/arduinobot_py_examples/build/lib
[0.784s] creating /home/jv_costa/Cerise/Manipulator/arduinobot_ws/build/arduinobot_py_examples/build/lib/arduinobot_py_examples
[0.784s] copying arduinobot_py_examples/simple_action_server.py -> /home/jv_costa/Cerise/Manipulator/arduinobot_ws/build/arduinobot_py_examples/build/lib/arduinobot_py_examples
[0.784s] copying arduinobot_py_examples/simple_subscriber.py -> /home/jv_costa/Cerise/Manipulator/arduinobot_ws/build/arduinobot_py_examples/build/lib/arduinobot_py_examples
[0.784s] copying arduinobot_py_examples/simple_service_client.py -> /home/jv_costa/Cerise/Manipulator/arduinobot_ws/build/arduinobot_py_examples/build/lib/arduinobot_py_examples
[0.784s] copying arduinobot_py_examples/simple_action_client.py -> /home/jv_costa/Cerise/Manipulator/arduinobot_ws/build/arduinobot_py_examples/build/lib/arduinobot_py_examples
[0.784s] copying arduinobot_py_examples/__init__.py -> /home/jv_costa/Cerise/Manipulator/arduinobot_ws/build/arduinobot_py_examples/build/lib/arduinobot_py_examples
[0.784s] copying arduinobot_py_examples/simple_service_server.py -> /home/jv_costa/Cerise/Manipulator/arduinobot_ws/build/arduinobot_py_examples/build/lib/arduinobot_py_examples
[0.785s] copying arduinobot_py_examples/simple_parameter.py -> /home/jv_costa/Cerise/Manipulator/arduinobot_ws/build/arduinobot_py_examples/build/lib/arduinobot_py_examples
[0.785s] copying arduinobot_py_examples/simple_publisher.py -> /home/jv_costa/Cerise/Manipulator/arduinobot_ws/build/arduinobot_py_examples/build/lib/arduinobot_py_examples
[0.785s] running install
[0.785s] running install_lib
[0.785s] creating /home/jv_costa/Cerise/Manipulator/arduinobot_ws/install/arduinobot_py_examples/lib/python3.10/site-packages/arduinobot_py_examples
[0.785s] copying /home/jv_costa/Cerise/Manipulator/arduinobot_ws/build/arduinobot_py_examples/build/lib/arduinobot_py_examples/simple_action_server.py -> /home/jv_costa/Cerise/Manipulator/arduinobot_ws/install/arduinobot_py_examples/lib/python3.10/site-packages/arduinobot_py_examples
[0.785s] copying /home/jv_costa/Cerise/Manipulator/arduinobot_ws/build/arduinobot_py_examples/build/lib/arduinobot_py_examples/simple_subscriber.py -> /home/jv_costa/Cerise/Manipulator/arduinobot_ws/install/arduinobot_py_examples/lib/python3.10/site-packages/arduinobot_py_examples
[0.785s] copying /home/jv_costa/Cerise/Manipulator/arduinobot_ws/build/arduinobot_py_examples/build/lib/arduinobot_py_examples/simple_service_client.py -> /home/jv_costa/Cerise/Manipulator/arduinobot_ws/install/arduinobot_py_examples/lib/python3.10/site-packages/arduinobot_py_examples
[0.785s] copying /home/jv_costa/Cerise/Manipulator/arduinobot_ws/build/arduinobot_py_examples/build/lib/arduinobot_py_examples/simple_action_client.py -> /home/jv_costa/Cerise/Manipulator/arduinobot_ws/install/arduinobot_py_examples/lib/python3.10/site-packages/arduinobot_py_examples
[0.785s] copying /home/jv_costa/Cerise/Manipulator/arduinobot_ws/build/arduinobot_py_examples/build/lib/arduinobot_py_examples/__init__.py -> /home/jv_costa/Cerise/Manipulator/arduinobot_ws/install/arduinobot_py_examples/lib/python3.10/site-packages/arduinobot_py_examples
[0.785s] copying /home/jv_costa/Cerise/Manipulator/arduinobot_ws/build/arduinobot_py_examples/build/lib/arduinobot_py_examples/simple_service_server.py -> /home/jv_costa/Cerise/Manipulator/arduinobot_ws/install/arduinobot_py_examples/lib/python3.10/site-packages/arduinobot_py_examples
[0.786s] copying /home/jv_costa/Cerise/Manipulator/arduinobot_ws/build/arduinobot_py_examples/build/lib/arduinobot_py_examples/simple_parameter.py -> /home/jv_costa/Cerise/Manipulator/arduinobot_ws/install/arduinobot_py_examples/lib/python3.10/site-packages/arduinobot_py_examples
[0.786s] copying /home/jv_costa/Cerise/Manipulator/arduinobot_ws/build/arduinobot_py_examples/build/lib/arduinobot_py_examples/simple_publisher.py -> /home/jv_costa/Cerise/Manipulator/arduinobot_ws/install/arduinobot_py_examples/lib/python3.10/site-packages/arduinobot_py_examples
[0.786s] byte-compiling /home/jv_costa/Cerise/Manipulator/arduinobot_ws/install/arduinobot_py_examples/lib/python3.10/site-packages/arduinobot_py_examples/simple_action_server.py to simple_action_server.cpython-310.pyc
[0.786s] byte-compiling /home/jv_costa/Cerise/Manipulator/arduinobot_ws/install/arduinobot_py_examples/lib/python3.10/site-packages/arduinobot_py_examples/simple_subscriber.py to simple_subscriber.cpython-310.pyc
[0.786s] byte-compiling /home/jv_costa/Cerise/Manipulator/arduinobot_ws/install/arduinobot_py_examples/lib/python3.10/site-packages/arduinobot_py_examples/simple_service_client.py to simple_service_client.cpython-310.pyc
[0.786s] byte-compiling /home/jv_costa/Cerise/Manipulator/arduinobot_ws/install/arduinobot_py_examples/lib/python3.10/site-packages/arduinobot_py_examples/simple_action_client.py to simple_action_client.cpython-310.pyc
[0.786s] byte-compiling /home/jv_costa/Cerise/Manipulator/arduinobot_ws/install/arduinobot_py_examples/lib/python3.10/site-packages/arduinobot_py_examples/__init__.py to __init__.cpython-310.pyc
[0.787s] byte-compiling /home/jv_costa/Cerise/Manipulator/arduinobot_ws/install/arduinobot_py_examples/lib/python3.10/site-packages/arduinobot_py_examples/simple_service_server.py to simple_service_server.cpython-310.pyc
[0.787s] byte-compiling /home/jv_costa/Cerise/Manipulator/arduinobot_ws/install/arduinobot_py_examples/lib/python3.10/site-packages/arduinobot_py_examples/simple_parameter.py to simple_parameter.cpython-310.pyc
[0.787s] byte-compiling /home/jv_costa/Cerise/Manipulator/arduinobot_ws/install/arduinobot_py_examples/lib/python3.10/site-packages/arduinobot_py_examples/simple_publisher.py to simple_publisher.cpython-310.pyc
[0.787s] running install_data
[0.787s] creating /home/jv_costa/Cerise/Manipulator/arduinobot_ws/install/arduinobot_py_examples/share/ament_index
[0.787s] creating /home/jv_costa/Cerise/Manipulator/arduinobot_ws/install/arduinobot_py_examples/share/ament_index/resource_index
[0.787s] creating /home/jv_costa/Cerise/Manipulator/arduinobot_ws/install/arduinobot_py_examples/share/ament_index/resource_index/packages
[0.787s] copying resource/arduinobot_py_examples -> /home/jv_costa/Cerise/Manipulator/arduinobot_ws/install/arduinobot_py_examples/share/ament_index/resource_index/packages
[0.787s] copying package.xml -> /home/jv_costa/Cerise/Manipulator/arduinobot_ws/install/arduinobot_py_examples/share/arduinobot_py_examples
[0.787s] running install_egg_info
[0.789s] Copying ../../build/arduinobot_py_examples/arduinobot_py_examples.egg-info to /home/jv_costa/Cerise/Manipulator/arduinobot_ws/install/arduinobot_py_examples/lib/python3.10/site-packages/arduinobot_py_examples-0.0.0-py3.10.egg-info
[0.789s] running install_scripts
[0.806s] Installing simple_action_client script to /home/jv_costa/Cerise/Manipulator/arduinobot_ws/install/arduinobot_py_examples/lib/arduinobot_py_examples
[0.806s] Installing simple_action_server script to /home/jv_costa/Cerise/Manipulator/arduinobot_ws/install/arduinobot_py_examples/lib/arduinobot_py_examples
[0.806s] Installing simple_parameter script to /home/jv_costa/Cerise/Manipulator/arduinobot_ws/install/arduinobot_py_examples/lib/arduinobot_py_examples
[0.806s] Installing simple_publisher script to /home/jv_costa/Cerise/Manipulator/arduinobot_ws/install/arduinobot_py_examples/lib/arduinobot_py_examples
[0.806s] Installing simple_service_client script to /home/jv_costa/Cerise/Manipulator/arduinobot_ws/install/arduinobot_py_examples/lib/arduinobot_py_examples
[0.806s] Installing simple_service_server script to /home/jv_costa/Cerise/Manipulator/arduinobot_ws/install/arduinobot_py_examples/lib/arduinobot_py_examples
[0.806s] Installing simple_subscriber script to /home/jv_costa/Cerise/Manipulator/arduinobot_ws/install/arduinobot_py_examples/lib/arduinobot_py_examples
[0.806s] writing list of installed files to '/home/jv_costa/Cerise/Manipulator/arduinobot_ws/build/arduinobot_py_examples/install.log'
[0.827s] Invoked command in '/home/jv_costa/Cerise/Manipulator/arduinobot_ws/src/arduinobot_py_examples' returned '0': AMENT_PREFIX_PATH=/home/jv_costa/Cerise/Manipulator/arduinobot_ws/install/arduinobot_msgs:${AMENT_PREFIX_PATH} CMAKE_PREFIX_PATH=/home/jv_costa/Cerise/Manipulator/arduinobot_ws/install/arduinobot_msgs:${CMAKE_PREFIX_PATH} LD_LIBRARY_PATH=/home/jv_costa/Cerise/Manipulator/arduinobot_ws/install/arduinobot_msgs/lib:${LD_LIBRARY_PATH} PYTHONPATH=/home/jv_costa/Cerise/Manipulator/arduinobot_ws/build/arduinobot_py_examples/prefix_override:/usr/lib/python3/dist-packages/colcon_core/task/python/colcon_distutils_commands:/home/jv_costa/Cerise/Manipulator/arduinobot_ws/install/arduinobot_py_examples/lib/python3.10/site-packages:/home/jv_costa/Cerise/Manipulator/arduinobot_ws/install/arduinobot_msgs/local/lib/python3.10/dist-packages:${PYTHONPATH} /usr/bin/python3 -W ignore:setup.py install is deprecated setup.py egg_info --egg-base ../../build/arduinobot_py_examples build --build-base /home/jv_costa/Cerise/Manipulator/arduinobot_ws/build/arduinobot_py_examples/build install --record /home/jv_costa/Cerise/Manipulator/arduinobot_ws/build/arduinobot_py_examples/install.log --single-version-externally-managed install_data
