[0.017s] Invoking command in '/home/jv_costa/Cerise/Manipulator/arduinobot_ws/build/arduinobot_firmware': CMAKE_PREFIX_PATH=${CMAKE_PREFIX_PATH}:/home/jv_costa/Cerise/Manipulator/arduinobot_ws/install/arduinobot_py_examples:/home/jv_costa/interbotix_ws/install/interbotix_xs_modules:/home/jv_costa/interbotix_ws/install/interbotix_perception_modules:/home/jv_costa/interbotix_ws/install/interbotix_common_modules:/opt/ros/humble /usr/bin/cmake --build /home/jv_costa/Cerise/Manipulator/arduinobot_ws/build/arduinobot_firmware -- -j16 -l16
[0.053s] [ 50%] Built target simple_serial_receiver
[0.054s] [ 50%] Built target ament_cmake_python_copy_arduinobot_firmware
[0.057s] [100%] Built target simple_serial_transmitter
[0.214s] running egg_info
[0.214s] writing arduinobot_firmware.egg-info/PKG-INFO
[0.214s] writing dependency_links to arduinobot_firmware.egg-info/dependency_links.txt
[0.214s] writing top-level names to arduinobot_firmware.egg-info/top_level.txt
[0.215s] reading manifest file 'arduinobot_firmware.egg-info/SOURCES.txt'
[0.216s] writing manifest file 'arduinobot_firmware.egg-info/SOURCES.txt'
[0.233s] [100%] Built target ament_cmake_python_build_arduinobot_firmware_egg
[0.239s] Invoked command in '/home/jv_costa/Cerise/Manipulator/arduinobot_ws/build/arduinobot_firmware' returned '0': CMAKE_PREFIX_PATH=${CMAKE_PREFIX_PATH}:/home/jv_costa/Cerise/Manipulator/arduinobot_ws/install/arduinobot_py_examples:/home/jv_costa/interbotix_ws/install/interbotix_xs_modules:/home/jv_costa/interbotix_ws/install/interbotix_perception_modules:/home/jv_costa/interbotix_ws/install/interbotix_common_modules:/opt/ros/humble /usr/bin/cmake --build /home/jv_costa/Cerise/Manipulator/arduinobot_ws/build/arduinobot_firmware -- -j16 -l16
[0.259s] Invoking command in '/home/jv_costa/Cerise/Manipulator/arduinobot_ws/build/arduinobot_firmware': CMAKE_PREFIX_PATH=${CMAKE_PREFIX_PATH}:/home/jv_costa/Cerise/Manipulator/arduinobot_ws/install/arduinobot_py_examples:/home/jv_costa/interbotix_ws/install/interbotix_xs_modules:/home/jv_costa/interbotix_ws/install/interbotix_perception_modules:/home/jv_costa/interbotix_ws/install/interbotix_common_modules:/opt/ros/humble /usr/bin/cmake --install /home/jv_costa/Cerise/Manipulator/arduinobot_ws/build/arduinobot_firmware
[0.264s] -- Install configuration: ""
[0.264s] -- Up-to-date: /home/jv_costa/Cerise/Manipulator/arduinobot_ws/install/arduinobot_firmware/share/arduinobot_firmware/environment/pythonpath.sh
[0.264s] -- Up-to-date: /home/jv_costa/Cerise/Manipulator/arduinobot_ws/install/arduinobot_firmware/share/arduinobot_firmware/environment/pythonpath.dsv
[0.264s] -- Up-to-date: /home/jv_costa/Cerise/Manipulator/arduinobot_ws/install/arduinobot_firmware/local/lib/python3.10/dist-packages/arduinobot_firmware-0.0.0-py3.10.egg-info
[0.264s] -- Installing: /home/jv_costa/Cerise/Manipulator/arduinobot_ws/install/arduinobot_firmware/local/lib/python3.10/dist-packages/arduinobot_firmware-0.0.0-py3.10.egg-info/dependency_links.txt
[0.264s] -- Installing: /home/jv_costa/Cerise/Manipulator/arduinobot_ws/install/arduinobot_firmware/local/lib/python3.10/dist-packages/arduinobot_firmware-0.0.0-py3.10.egg-info/top_level.txt
[0.264s] -- Installing: /home/jv_costa/Cerise/Manipulator/arduinobot_ws/install/arduinobot_firmware/local/lib/python3.10/dist-packages/arduinobot_firmware-0.0.0-py3.10.egg-info/SOURCES.txt
[0.264s] -- Installing: /home/jv_costa/Cerise/Manipulator/arduinobot_ws/install/arduinobot_firmware/local/lib/python3.10/dist-packages/arduinobot_firmware-0.0.0-py3.10.egg-info/PKG-INFO
[0.264s] -- Up-to-date: /home/jv_costa/Cerise/Manipulator/arduinobot_ws/install/arduinobot_firmware/local/lib/python3.10/dist-packages/arduinobot_firmware
[0.264s] -- Up-to-date: /home/jv_costa/Cerise/Manipulator/arduinobot_ws/install/arduinobot_firmware/local/lib/python3.10/dist-packages/arduinobot_firmware/simple_serial_transmitter.py
[0.264s] -- Up-to-date: /home/jv_costa/Cerise/Manipulator/arduinobot_ws/install/arduinobot_firmware/local/lib/python3.10/dist-packages/arduinobot_firmware/simple_serial_receiver.py
[0.264s] -- Up-to-date: /home/jv_costa/Cerise/Manipulator/arduinobot_ws/install/arduinobot_firmware/local/lib/python3.10/dist-packages/arduinobot_firmware/__init__.py
[0.285s] Listing '/home/jv_costa/Cerise/Manipulator/arduinobot_ws/install/arduinobot_firmware/local/lib/python3.10/dist-packages/arduinobot_firmware'...
[0.287s] -- Up-to-date: /home/jv_costa/Cerise/Manipulator/arduinobot_ws/install/arduinobot_firmware/lib/arduinobot_firmware/simple_serial_receiver
[0.287s] -- Up-to-date: /home/jv_costa/Cerise/Manipulator/arduinobot_ws/install/arduinobot_firmware/lib/arduinobot_firmware/simple_serial_transmitter
[0.288s] -- Up-to-date: /home/jv_costa/Cerise/Manipulator/arduinobot_ws/install/arduinobot_firmware/lib/arduinobot_firmware/simple_serial_transmitter.py
[0.288s] -- Up-to-date: /home/jv_costa/Cerise/Manipulator/arduinobot_ws/install/arduinobot_firmware/lib/arduinobot_firmware/simple_serial_receiver.py
[0.288s] -- Up-to-date: /home/jv_costa/Cerise/Manipulator/arduinobot_ws/install/arduinobot_firmware/share/ament_index/resource_index/package_run_dependencies/arduinobot_firmware
[0.288s] -- Up-to-date: /home/jv_costa/Cerise/Manipulator/arduinobot_ws/install/arduinobot_firmware/share/ament_index/resource_index/parent_prefix_path/arduinobot_firmware
[0.288s] -- Up-to-date: /home/jv_costa/Cerise/Manipulator/arduinobot_ws/install/arduinobot_firmware/share/arduinobot_firmware/environment/ament_prefix_path.sh
[0.288s] -- Up-to-date: /home/jv_costa/Cerise/Manipulator/arduinobot_ws/install/arduinobot_firmware/share/arduinobot_firmware/environment/ament_prefix_path.dsv
[0.288s] -- Up-to-date: /home/jv_costa/Cerise/Manipulator/arduinobot_ws/install/arduinobot_firmware/share/arduinobot_firmware/environment/path.sh
[0.288s] -- Up-to-date: /home/jv_costa/Cerise/Manipulator/arduinobot_ws/install/arduinobot_firmware/share/arduinobot_firmware/environment/path.dsv
[0.288s] -- Up-to-date: /home/jv_costa/Cerise/Manipulator/arduinobot_ws/install/arduinobot_firmware/share/arduinobot_firmware/local_setup.bash
[0.288s] -- Up-to-date: /home/jv_costa/Cerise/Manipulator/arduinobot_ws/install/arduinobot_firmware/share/arduinobot_firmware/local_setup.sh
[0.288s] -- Up-to-date: /home/jv_costa/Cerise/Manipulator/arduinobot_ws/install/arduinobot_firmware/share/arduinobot_firmware/local_setup.zsh
[0.288s] -- Up-to-date: /home/jv_costa/Cerise/Manipulator/arduinobot_ws/install/arduinobot_firmware/share/arduinobot_firmware/local_setup.dsv
[0.288s] -- Installing: /home/jv_costa/Cerise/Manipulator/arduinobot_ws/install/arduinobot_firmware/share/arduinobot_firmware/package.dsv
[0.288s] -- Up-to-date: /home/jv_costa/Cerise/Manipulator/arduinobot_ws/install/arduinobot_firmware/share/ament_index/resource_index/packages/arduinobot_firmware
[0.288s] -- Up-to-date: /home/jv_costa/Cerise/Manipulator/arduinobot_ws/install/arduinobot_firmware/share/arduinobot_firmware/cmake/arduinobot_firmwareConfig.cmake
[0.288s] -- Up-to-date: /home/jv_costa/Cerise/Manipulator/arduinobot_ws/install/arduinobot_firmware/share/arduinobot_firmware/cmake/arduinobot_firmwareConfig-version.cmake
[0.288s] -- Up-to-date: /home/jv_costa/Cerise/Manipulator/arduinobot_ws/install/arduinobot_firmware/share/arduinobot_firmware/package.xml
[0.290s] Invoked command in '/home/jv_costa/Cerise/Manipulator/arduinobot_ws/build/arduinobot_firmware' returned '0': CMAKE_PREFIX_PATH=${CMAKE_PREFIX_PATH}:/home/jv_costa/Cerise/Manipulator/arduinobot_ws/install/arduinobot_py_examples:/home/jv_costa/interbotix_ws/install/interbotix_xs_modules:/home/jv_costa/interbotix_ws/install/interbotix_perception_modules:/home/jv_costa/interbotix_ws/install/interbotix_common_modules:/opt/ros/humble /usr/bin/cmake --install /home/jv_costa/Cerise/Manipulator/arduinobot_ws/build/arduinobot_firmware
