[0.028s] Invoking command in '/home/jv_costa/Cerise/Manipulator/arduinobot_ws/build/arduinobot_msgs': CMAKE_PREFIX_PATH=${CMAKE_PREFIX_PATH}:/home/jv_costa/interbotix_ws/install/interbotix_xs_modules:/home/jv_costa/interbotix_ws/install/interbotix_perception_modules:/home/jv_costa/interbotix_ws/install/interbotix_common_modules:/opt/ros/humble /usr/bin/cmake /home/jv_costa/Cerise/Manipulator/arduinobot_ws/src/arduinobot_msgs -DCMAKE_INSTALL_PREFIX=/home/jv_costa/Cerise/Manipulator/arduinobot_ws/install/arduinobot_msgs
[0.147s] -- The C compiler identification is GNU 11.4.0
[0.212s] -- The CXX compiler identification is GNU 11.4.0
[0.221s] -- Detecting C compiler ABI info
[0.298s] -- Detecting C compiler ABI info - done
[0.303s] -- Check for working C compiler: /usr/bin/cc - skipped
[0.303s] -- Detecting C compile features
[0.304s] -- Detecting C compile features - done
[0.307s] -- Detecting CXX compiler ABI info
[0.396s] -- Detecting CXX compiler ABI info - done
[0.404s] -- Check for working CXX compiler: /usr/bin/c++ - skipped
[0.404s] -- Detecting CXX compile features
[0.405s] -- Detecting CXX compile features - done
[0.409s] -- Found ament_cmake: 1.3.10 (/opt/ros/humble/share/ament_cmake/cmake)
[0.624s] -- Found Python3: /usr/bin/python3 (found version "3.10.12") found components: Interpreter 
[0.788s] -- Found std_msgs: 4.2.4 (/opt/ros/humble/share/std_msgs/cmake)
[0.892s] -- Found rosidl_generator_c: 3.1.5 (/opt/ros/humble/share/rosidl_generator_c/cmake)
[0.898s] -- Found rosidl_adapter: 3.1.5 (/opt/ros/humble/share/rosidl_adapter/cmake)
[0.910s] -- Found rosidl_generator_cpp: 3.1.5 (/opt/ros/humble/share/rosidl_generator_cpp/cmake)
[0.937s] -- Using all available rosidl_typesupport_c: rosidl_typesupport_fastrtps_c;rosidl_typesupport_introspection_c
[0.958s] -- Using all available rosidl_typesupport_cpp: rosidl_typesupport_fastrtps_cpp;rosidl_typesupport_introspection_cpp
[1.010s] -- Found rosidl_default_generators: 1.2.0 (/opt/ros/humble/share/rosidl_default_generators/cmake)
[1.272s] -- Found ament_cmake_ros: 0.10.0 (/opt/ros/humble/share/ament_cmake_ros/cmake)
[1.523s] -- Using all available rosidl_typesupport_c: rosidl_typesupport_fastrtps_c;rosidl_typesupport_introspection_c
[1.638s] -- Using all available rosidl_typesupport_cpp: rosidl_typesupport_fastrtps_cpp;rosidl_typesupport_introspection_cpp
[1.668s] -- Found PythonInterp: /usr/bin/python3 (found suitable version "3.10.12", minimum required is "3.6") 
[1.683s] -- Found python_cmake_module: 0.10.0 (/opt/ros/humble/share/python_cmake_module/cmake)
[1.740s] -- Found PythonLibs: /usr/lib/x86_64-linux-gnu/libpython3.10.so (found suitable version "3.10.12", minimum required is "3.5") 
[1.740s] -- Using PYTHON_EXECUTABLE: /usr/bin/python3
[1.740s] -- Using PYTHON_INCLUDE_DIRS: /usr/include/python3.10
[1.740s] -- Using PYTHON_LIBRARIES: /usr/lib/x86_64-linux-gnu/libpython3.10.so
[1.756s] -- Found PythonExtra: .so  
[1.844s] -- Configuring done
[1.877s] -- Generating done
[1.880s] -- Build files have been written to: /home/jv_costa/Cerise/Manipulator/arduinobot_ws/build/arduinobot_msgs
[1.888s] Invoked command in '/home/jv_costa/Cerise/Manipulator/arduinobot_ws/build/arduinobot_msgs' returned '0': CMAKE_PREFIX_PATH=${CMAKE_PREFIX_PATH}:/home/jv_costa/interbotix_ws/install/interbotix_xs_modules:/home/jv_costa/interbotix_ws/install/interbotix_perception_modules:/home/jv_costa/interbotix_ws/install/interbotix_common_modules:/opt/ros/humble /usr/bin/cmake /home/jv_costa/Cerise/Manipulator/arduinobot_ws/src/arduinobot_msgs -DCMAKE_INSTALL_PREFIX=/home/jv_costa/Cerise/Manipulator/arduinobot_ws/install/arduinobot_msgs
[1.889s] Invoking command in '/home/jv_costa/Cerise/Manipulator/arduinobot_ws/build/arduinobot_msgs': CMAKE_PREFIX_PATH=${CMAKE_PREFIX_PATH}:/home/jv_costa/interbotix_ws/install/interbotix_xs_modules:/home/jv_costa/interbotix_ws/install/interbotix_perception_modules:/home/jv_costa/interbotix_ws/install/interbotix_common_modules:/opt/ros/humble /usr/bin/cmake --build /home/jv_costa/Cerise/Manipulator/arduinobot_ws/build/arduinobot_msgs -- -j16 -l16
[1.992s] [  1%] [34m[1mGenerating C code for ROS interfaces[0m
[2.015s] [  3%] [34m[1mGenerating C++ code for ROS interfaces[0m
[2.059s] [  3%] Built target ament_cmake_python_copy_arduinobot_msgs
[2.676s] running egg_info
[2.676s] creating arduinobot_msgs.egg-info
[2.677s] writing arduinobot_msgs.egg-info/PKG-INFO
[2.677s] writing dependency_links to arduinobot_msgs.egg-info/dependency_links.txt
[2.677s] writing top-level names to arduinobot_msgs.egg-info/top_level.txt
[2.677s] writing manifest file 'arduinobot_msgs.egg-info/SOURCES.txt'
[2.679s] reading manifest file 'arduinobot_msgs.egg-info/SOURCES.txt'
[2.679s] writing manifest file 'arduinobot_msgs.egg-info/SOURCES.txt'
[2.704s] [  3%] Built target ament_cmake_python_build_arduinobot_msgs_egg
[3.093s] [  3%] Built target arduinobot_msgs__cpp
[3.113s] [  4%] [34m[1mGenerating C++ introspection for ROS interfaces[0m
[3.114s] [  6%] [34m[1mGenerating C++ type support for eProsima Fast-RTPS[0m
[3.114s] [  7%] [34m[1mGenerating C++ type support dispatch for ROS interfaces[0m
[3.140s] [  9%] [32mBuilding C object CMakeFiles/arduinobot_msgs__rosidl_generator_c.dir/rosidl_generator_c/arduinobot_msgs/srv/detail/add_two_ints__functions.c.o[0m
[3.140s] [ 12%] [32mBuilding C object CMakeFiles/arduinobot_msgs__rosidl_generator_c.dir/rosidl_generator_c/arduinobot_msgs/action/detail/arduinobot_task__functions.c.o[0m
[3.141s] [ 14%] [32mBuilding C object CMakeFiles/arduinobot_msgs__rosidl_generator_c.dir/rosidl_generator_c/arduinobot_msgs/srv/detail/quaternion_to_euler__functions.c.o[0m
[3.141s] [ 14%] [32mBuilding C object CMakeFiles/arduinobot_msgs__rosidl_generator_c.dir/rosidl_generator_c/arduinobot_msgs/srv/detail/euler_to_quaternion__functions.c.o[0m
[3.141s] [ 15%] [32mBuilding C object CMakeFiles/arduinobot_msgs__rosidl_generator_c.dir/rosidl_generator_c/arduinobot_msgs/action/detail/fibonacci__functions.c.o[0m
[3.286s] [ 17%] [32m[1mLinking C shared library libarduinobot_msgs__rosidl_generator_c.so[0m
[3.315s] [ 17%] Built target arduinobot_msgs__rosidl_generator_c
[3.323s] [ 19%] [34m[1mGenerating C type support for eProsima Fast-RTPS[0m
[3.328s] [ 22%] [34m[1mGenerating C introspection for ROS interfaces[0m
[3.328s] [ 22%] [34m[1mGenerating C type support dispatch for ROS interfaces[0m
[3.707s] [ 25%] [32mBuilding CXX object CMakeFiles/arduinobot_msgs__rosidl_typesupport_introspection_cpp.dir/rosidl_typesupport_introspection_cpp/arduinobot_msgs/srv/detail/add_two_ints__type_support.cpp.o[0m
[3.707s] [ 25%] [32mBuilding CXX object CMakeFiles/arduinobot_msgs__rosidl_typesupport_introspection_cpp.dir/rosidl_typesupport_introspection_cpp/arduinobot_msgs/srv/detail/euler_to_quaternion__type_support.cpp.o[0m
[3.707s] [ 26%] [32mBuilding CXX object CMakeFiles/arduinobot_msgs__rosidl_typesupport_introspection_cpp.dir/rosidl_typesupport_introspection_cpp/arduinobot_msgs/srv/detail/quaternion_to_euler__type_support.cpp.o[0m
[3.707s] [ 28%] [32mBuilding CXX object CMakeFiles/arduinobot_msgs__rosidl_typesupport_introspection_cpp.dir/rosidl_typesupport_introspection_cpp/arduinobot_msgs/action/detail/fibonacci__type_support.cpp.o[0m
[3.707s] [ 30%] [32mBuilding CXX object CMakeFiles/arduinobot_msgs__rosidl_typesupport_introspection_cpp.dir/rosidl_typesupport_introspection_cpp/arduinobot_msgs/action/detail/arduinobot_task__type_support.cpp.o[0m
[3.805s] [ 33%] [32mBuilding CXX object CMakeFiles/arduinobot_msgs__rosidl_typesupport_cpp.dir/rosidl_typesupport_cpp/arduinobot_msgs/srv/euler_to_quaternion__type_support.cpp.o[0m
[3.805s] [ 33%] [32mBuilding CXX object CMakeFiles/arduinobot_msgs__rosidl_typesupport_cpp.dir/rosidl_typesupport_cpp/arduinobot_msgs/srv/quaternion_to_euler__type_support.cpp.o[0m
[3.807s] [ 34%] [32mBuilding CXX object CMakeFiles/arduinobot_msgs__rosidl_typesupport_cpp.dir/rosidl_typesupport_cpp/arduinobot_msgs/action/arduinobot_task__type_support.cpp.o[0m
[3.822s] [ 36%] [32mBuilding CXX object CMakeFiles/arduinobot_msgs__rosidl_typesupport_cpp.dir/rosidl_typesupport_cpp/arduinobot_msgs/srv/add_two_ints__type_support.cpp.o[0m
[3.822s] [ 38%] [32mBuilding CXX object CMakeFiles/arduinobot_msgs__rosidl_typesupport_cpp.dir/rosidl_typesupport_cpp/arduinobot_msgs/action/fibonacci__type_support.cpp.o[0m
[4.068s] [ 39%] [32mBuilding CXX object CMakeFiles/arduinobot_msgs__rosidl_typesupport_fastrtps_cpp.dir/rosidl_typesupport_fastrtps_cpp/arduinobot_msgs/srv/detail/dds_fastrtps/add_two_ints__type_support.cpp.o[0m
[4.068s] [ 41%] [32mBuilding CXX object CMakeFiles/arduinobot_msgs__rosidl_typesupport_fastrtps_cpp.dir/rosidl_typesupport_fastrtps_cpp/arduinobot_msgs/srv/detail/dds_fastrtps/euler_to_quaternion__type_support.cpp.o[0m
[4.071s] [ 42%] [32mBuilding CXX object CMakeFiles/arduinobot_msgs__rosidl_typesupport_fastrtps_cpp.dir/rosidl_typesupport_fastrtps_cpp/arduinobot_msgs/srv/detail/dds_fastrtps/quaternion_to_euler__type_support.cpp.o[0m
[4.196s] [ 44%] [32mBuilding CXX object CMakeFiles/arduinobot_msgs__rosidl_typesupport_fastrtps_cpp.dir/rosidl_typesupport_fastrtps_cpp/arduinobot_msgs/action/detail/dds_fastrtps/fibonacci__type_support.cpp.o[0m
[4.247s] [ 46%] [32mBuilding CXX object CMakeFiles/arduinobot_msgs__rosidl_typesupport_c.dir/rosidl_typesupport_c/arduinobot_msgs/srv/euler_to_quaternion__type_support.cpp.o[0m
[4.255s] [ 47%] [32mBuilding CXX object CMakeFiles/arduinobot_msgs__rosidl_typesupport_c.dir/rosidl_typesupport_c/arduinobot_msgs/srv/add_two_ints__type_support.cpp.o[0m
[4.318s] [ 49%] [32mBuilding CXX object CMakeFiles/arduinobot_msgs__rosidl_typesupport_c.dir/rosidl_typesupport_c/arduinobot_msgs/srv/quaternion_to_euler__type_support.cpp.o[0m
[4.334s] [ 50%] [32mBuilding CXX object CMakeFiles/arduinobot_msgs__rosidl_typesupport_c.dir/rosidl_typesupport_c/arduinobot_msgs/action/fibonacci__type_support.cpp.o[0m
[4.361s] [ 52%] [32mBuilding CXX object CMakeFiles/arduinobot_msgs__rosidl_typesupport_c.dir/rosidl_typesupport_c/arduinobot_msgs/action/arduinobot_task__type_support.cpp.o[0m
[4.420s] [ 53%] [32mBuilding CXX object CMakeFiles/arduinobot_msgs__rosidl_typesupport_fastrtps_cpp.dir/rosidl_typesupport_fastrtps_cpp/arduinobot_msgs/action/detail/dds_fastrtps/arduinobot_task__type_support.cpp.o[0m
[4.485s] [ 55%] [32m[1mLinking CXX shared library libarduinobot_msgs__rosidl_typesupport_c.so[0m
[4.568s] [ 55%] Built target arduinobot_msgs__rosidl_typesupport_c
[4.611s] [ 57%] [32m[1mLinking CXX shared library libarduinobot_msgs__rosidl_typesupport_cpp.so[0m
[4.618s] [ 61%] [32mBuilding C object CMakeFiles/arduinobot_msgs__rosidl_typesupport_introspection_c.dir/rosidl_typesupport_introspection_c/arduinobot_msgs/srv/detail/add_two_ints__type_support.c.o[0m
[4.618s] [ 61%] [32mBuilding CXX object CMakeFiles/arduinobot_msgs__rosidl_typesupport_fastrtps_c.dir/rosidl_typesupport_fastrtps_c/arduinobot_msgs/srv/detail/euler_to_quaternion__type_support_c.cpp.o[0m
[4.619s] [ 61%] [32mBuilding CXX object CMakeFiles/arduinobot_msgs__rosidl_typesupport_fastrtps_c.dir/rosidl_typesupport_fastrtps_c/arduinobot_msgs/srv/detail/add_two_ints__type_support_c.cpp.o[0m
[4.619s] [ 63%] [32mBuilding CXX object CMakeFiles/arduinobot_msgs__rosidl_typesupport_fastrtps_c.dir/rosidl_typesupport_fastrtps_c/arduinobot_msgs/srv/detail/quaternion_to_euler__type_support_c.cpp.o[0m
[4.621s] [ 65%] [32mBuilding C object CMakeFiles/arduinobot_msgs__rosidl_typesupport_introspection_c.dir/rosidl_typesupport_introspection_c/arduinobot_msgs/srv/detail/quaternion_to_euler__type_support.c.o[0m
[4.629s] [ 66%] [32mBuilding C object CMakeFiles/arduinobot_msgs__rosidl_typesupport_introspection_c.dir/rosidl_typesupport_introspection_c/arduinobot_msgs/action/detail/fibonacci__type_support.c.o[0m
[4.629s] [ 68%] [32mBuilding CXX object CMakeFiles/arduinobot_msgs__rosidl_typesupport_fastrtps_c.dir/rosidl_typesupport_fastrtps_c/arduinobot_msgs/action/detail/fibonacci__type_support_c.cpp.o[0m
[4.650s] [ 69%] [32mBuilding C object CMakeFiles/arduinobot_msgs__rosidl_typesupport_introspection_c.dir/rosidl_typesupport_introspection_c/arduinobot_msgs/srv/detail/euler_to_quaternion__type_support.c.o[0m
[4.737s] [ 71%] [32mBuilding C object CMakeFiles/arduinobot_msgs__rosidl_typesupport_introspection_c.dir/rosidl_typesupport_introspection_c/arduinobot_msgs/action/detail/arduinobot_task__type_support.c.o[0m
[4.738s] [ 73%] [32mBuilding CXX object CMakeFiles/arduinobot_msgs__rosidl_typesupport_fastrtps_c.dir/rosidl_typesupport_fastrtps_c/arduinobot_msgs/action/detail/arduinobot_task__type_support_c.cpp.o[0m
[4.777s] [ 73%] Built target arduinobot_msgs__rosidl_typesupport_cpp
[4.807s] [ 74%] [32m[1mLinking CXX shared library libarduinobot_msgs__rosidl_typesupport_introspection_cpp.so[0m
[4.825s] [ 76%] [32m[1mLinking C shared library libarduinobot_msgs__rosidl_typesupport_introspection_c.so[0m
[4.883s] [ 76%] Built target arduinobot_msgs__rosidl_typesupport_introspection_c
[4.900s] [ 76%] Built target arduinobot_msgs__rosidl_typesupport_introspection_cpp
[5.116s] [ 77%] [32m[1mLinking CXX shared library libarduinobot_msgs__rosidl_typesupport_fastrtps_c.so[0m
[5.174s] [ 77%] Built target arduinobot_msgs__rosidl_typesupport_fastrtps_c
[5.218s] [ 79%] [32m[1mLinking CXX shared library libarduinobot_msgs__rosidl_typesupport_fastrtps_cpp.so[0m
[5.274s] [ 79%] Built target arduinobot_msgs__rosidl_typesupport_fastrtps_cpp
[5.289s] [ 79%] Built target arduinobot_msgs
[5.305s] [ 80%] [34m[1mGenerating Python code for ROS interfaces[0m
[6.336s] [ 80%] Built target arduinobot_msgs__py
[6.353s] [ 84%] [32mBuilding C object CMakeFiles/arduinobot_msgs__rosidl_generator_py.dir/rosidl_generator_py/arduinobot_msgs/srv/_add_two_ints_s.c.o[0m
[6.353s] [ 84%] [32mBuilding C object CMakeFiles/arduinobot_msgs__rosidl_generator_py.dir/rosidl_generator_py/arduinobot_msgs/srv/_euler_to_quaternion_s.c.o[0m
[6.353s] [ 85%] [32mBuilding C object CMakeFiles/arduinobot_msgs__rosidl_generator_py.dir/rosidl_generator_py/arduinobot_msgs/action/_fibonacci_s.c.o[0m
[6.354s] [ 87%] [32mBuilding C object CMakeFiles/arduinobot_msgs__rosidl_generator_py.dir/rosidl_generator_py/arduinobot_msgs/srv/_quaternion_to_euler_s.c.o[0m
[6.358s] [ 88%] [32mBuilding C object CMakeFiles/arduinobot_msgs__rosidl_generator_py.dir/rosidl_generator_py/arduinobot_msgs/action/_arduinobot_task_s.c.o[0m
[6.481s] [ 90%] [32m[1mLinking C shared library rosidl_generator_py/arduinobot_msgs/libarduinobot_msgs__rosidl_generator_py.so[0m
[6.512s] [ 90%] Built target arduinobot_msgs__rosidl_generator_py
[6.527s] [ 93%] [32mBuilding C object CMakeFiles/arduinobot_msgs__rosidl_typesupport_fastrtps_c__pyext.dir/rosidl_generator_py/arduinobot_msgs/_arduinobot_msgs_s.ep.rosidl_typesupport_fastrtps_c.c.o[0m
[6.527s] [ 95%] [32mBuilding C object CMakeFiles/arduinobot_msgs__rosidl_typesupport_introspection_c__pyext.dir/rosidl_generator_py/arduinobot_msgs/_arduinobot_msgs_s.ep.rosidl_typesupport_introspection_c.c.o[0m
[6.527s] [ 95%] [32mBuilding C object CMakeFiles/arduinobot_msgs__rosidl_typesupport_c__pyext.dir/rosidl_generator_py/arduinobot_msgs/_arduinobot_msgs_s.ep.rosidl_typesupport_c.c.o[0m
[6.634s] [ 98%] [32m[1mLinking C shared library rosidl_generator_py/arduinobot_msgs/arduinobot_msgs_s__rosidl_typesupport_c.cpython-310-x86_64-linux-gnu.so[0m
[6.634s] [ 98%] [32m[1mLinking C shared library rosidl_generator_py/arduinobot_msgs/arduinobot_msgs_s__rosidl_typesupport_introspection_c.cpython-310-x86_64-linux-gnu.so[0m
[6.635s] [100%] [32m[1mLinking C shared library rosidl_generator_py/arduinobot_msgs/arduinobot_msgs_s__rosidl_typesupport_fastrtps_c.cpython-310-x86_64-linux-gnu.so[0m
[6.665s] [100%] Built target arduinobot_msgs__rosidl_typesupport_c__pyext
[6.665s] [100%] Built target arduinobot_msgs__rosidl_typesupport_fastrtps_c__pyext
[6.665s] [100%] Built target arduinobot_msgs__rosidl_typesupport_introspection_c__pyext
[6.674s] Invoked command in '/home/jv_costa/Cerise/Manipulator/arduinobot_ws/build/arduinobot_msgs' returned '0': CMAKE_PREFIX_PATH=${CMAKE_PREFIX_PATH}:/home/jv_costa/interbotix_ws/install/interbotix_xs_modules:/home/jv_costa/interbotix_ws/install/interbotix_perception_modules:/home/jv_costa/interbotix_ws/install/interbotix_common_modules:/opt/ros/humble /usr/bin/cmake --build /home/jv_costa/Cerise/Manipulator/arduinobot_ws/build/arduinobot_msgs -- -j16 -l16
[6.775s] Invoking command in '/home/jv_costa/Cerise/Manipulator/arduinobot_ws/build/arduinobot_msgs': CMAKE_PREFIX_PATH=${CMAKE_PREFIX_PATH}:/home/jv_costa/interbotix_ws/install/interbotix_xs_modules:/home/jv_costa/interbotix_ws/install/interbotix_perception_modules:/home/jv_costa/interbotix_ws/install/interbotix_common_modules:/opt/ros/humble /usr/bin/cmake --install /home/jv_costa/Cerise/Manipulator/arduinobot_ws/build/arduinobot_msgs
[6.781s] -- Install configuration: ""
[6.781s] -- Installing: /home/jv_costa/Cerise/Manipulator/arduinobot_ws/install/arduinobot_msgs/share/ament_index/resource_index/rosidl_interfaces/arduinobot_msgs
[6.781s] -- Installing: /home/jv_costa/Cerise/Manipulator/arduinobot_ws/install/arduinobot_msgs/include/arduinobot_msgs/arduinobot_msgs
[6.781s] -- Installing: /home/jv_costa/Cerise/Manipulator/arduinobot_ws/install/arduinobot_msgs/include/arduinobot_msgs/arduinobot_msgs/srv
[6.781s] -- Installing: /home/jv_costa/Cerise/Manipulator/arduinobot_ws/install/arduinobot_msgs/include/arduinobot_msgs/arduinobot_msgs/srv/detail
[6.781s] -- Installing: /home/jv_costa/Cerise/Manipulator/arduinobot_ws/install/arduinobot_msgs/include/arduinobot_msgs/arduinobot_msgs/srv/detail/quaternion_to_euler__functions.h
[6.782s] -- Installing: /home/jv_costa/Cerise/Manipulator/arduinobot_ws/install/arduinobot_msgs/include/arduinobot_msgs/arduinobot_msgs/srv/detail/quaternion_to_euler__type_support.h
[6.782s] -- Installing: /home/jv_costa/Cerise/Manipulator/arduinobot_ws/install/arduinobot_msgs/include/arduinobot_msgs/arduinobot_msgs/srv/detail/euler_to_quaternion__struct.h
[6.782s] -- Installing: /home/jv_costa/Cerise/Manipulator/arduinobot_ws/install/arduinobot_msgs/include/arduinobot_msgs/arduinobot_msgs/srv/detail/add_two_ints__functions.c
[6.782s] -- Installing: /home/jv_costa/Cerise/Manipulator/arduinobot_ws/install/arduinobot_msgs/include/arduinobot_msgs/arduinobot_msgs/srv/detail/euler_to_quaternion__type_support.h
[6.782s] -- Installing: /home/jv_costa/Cerise/Manipulator/arduinobot_ws/install/arduinobot_msgs/include/arduinobot_msgs/arduinobot_msgs/srv/detail/euler_to_quaternion__functions.h
[6.782s] -- Installing: /home/jv_costa/Cerise/Manipulator/arduinobot_ws/install/arduinobot_msgs/include/arduinobot_msgs/arduinobot_msgs/srv/detail/quaternion_to_euler__struct.h
[6.782s] -- Installing: /home/jv_costa/Cerise/Manipulator/arduinobot_ws/install/arduinobot_msgs/include/arduinobot_msgs/arduinobot_msgs/srv/detail/add_two_ints__functions.h
[6.782s] -- Installing: /home/jv_costa/Cerise/Manipulator/arduinobot_ws/install/arduinobot_msgs/include/arduinobot_msgs/arduinobot_msgs/srv/detail/euler_to_quaternion__functions.c
[6.782s] -- Installing: /home/jv_costa/Cerise/Manipulator/arduinobot_ws/install/arduinobot_msgs/include/arduinobot_msgs/arduinobot_msgs/srv/detail/add_two_ints__struct.h
[6.782s] -- Installing: /home/jv_costa/Cerise/Manipulator/arduinobot_ws/install/arduinobot_msgs/include/arduinobot_msgs/arduinobot_msgs/srv/detail/add_two_ints__type_support.h
[6.782s] -- Installing: /home/jv_costa/Cerise/Manipulator/arduinobot_ws/install/arduinobot_msgs/include/arduinobot_msgs/arduinobot_msgs/srv/detail/quaternion_to_euler__functions.c
[6.782s] -- Installing: /home/jv_costa/Cerise/Manipulator/arduinobot_ws/install/arduinobot_msgs/include/arduinobot_msgs/arduinobot_msgs/srv/quaternion_to_euler.h
[6.782s] -- Installing: /home/jv_costa/Cerise/Manipulator/arduinobot_ws/install/arduinobot_msgs/include/arduinobot_msgs/arduinobot_msgs/srv/euler_to_quaternion.h
[6.782s] -- Installing: /home/jv_costa/Cerise/Manipulator/arduinobot_ws/install/arduinobot_msgs/include/arduinobot_msgs/arduinobot_msgs/srv/add_two_ints.h
[6.782s] -- Installing: /home/jv_costa/Cerise/Manipulator/arduinobot_ws/install/arduinobot_msgs/include/arduinobot_msgs/arduinobot_msgs/msg
[6.782s] -- Installing: /home/jv_costa/Cerise/Manipulator/arduinobot_ws/install/arduinobot_msgs/include/arduinobot_msgs/arduinobot_msgs/msg/rosidl_generator_c__visibility_control.h
[6.782s] -- Installing: /home/jv_costa/Cerise/Manipulator/arduinobot_ws/install/arduinobot_msgs/include/arduinobot_msgs/arduinobot_msgs/action
[6.782s] -- Installing: /home/jv_costa/Cerise/Manipulator/arduinobot_ws/install/arduinobot_msgs/include/arduinobot_msgs/arduinobot_msgs/action/detail
[6.782s] -- Installing: /home/jv_costa/Cerise/Manipulator/arduinobot_ws/install/arduinobot_msgs/include/arduinobot_msgs/arduinobot_msgs/action/detail/arduinobot_task__functions.c
[6.783s] -- Installing: /home/jv_costa/Cerise/Manipulator/arduinobot_ws/install/arduinobot_msgs/include/arduinobot_msgs/arduinobot_msgs/action/detail/fibonacci__type_support.h
[6.783s] -- Installing: /home/jv_costa/Cerise/Manipulator/arduinobot_ws/install/arduinobot_msgs/include/arduinobot_msgs/arduinobot_msgs/action/detail/fibonacci__functions.h
[6.783s] -- Installing: /home/jv_costa/Cerise/Manipulator/arduinobot_ws/install/arduinobot_msgs/include/arduinobot_msgs/arduinobot_msgs/action/detail/arduinobot_task__struct.h
[6.783s] -- Installing: /home/jv_costa/Cerise/Manipulator/arduinobot_ws/install/arduinobot_msgs/include/arduinobot_msgs/arduinobot_msgs/action/detail/arduinobot_task__functions.h
[6.783s] -- Installing: /home/jv_costa/Cerise/Manipulator/arduinobot_ws/install/arduinobot_msgs/include/arduinobot_msgs/arduinobot_msgs/action/detail/arduinobot_task__type_support.h
[6.783s] -- Installing: /home/jv_costa/Cerise/Manipulator/arduinobot_ws/install/arduinobot_msgs/include/arduinobot_msgs/arduinobot_msgs/action/detail/fibonacci__struct.h
[6.783s] -- Installing: /home/jv_costa/Cerise/Manipulator/arduinobot_ws/install/arduinobot_msgs/include/arduinobot_msgs/arduinobot_msgs/action/detail/fibonacci__functions.c
[6.783s] -- Installing: /home/jv_costa/Cerise/Manipulator/arduinobot_ws/install/arduinobot_msgs/include/arduinobot_msgs/arduinobot_msgs/action/fibonacci.h
[6.783s] -- Installing: /home/jv_costa/Cerise/Manipulator/arduinobot_ws/install/arduinobot_msgs/include/arduinobot_msgs/arduinobot_msgs/action/arduinobot_task.h
[6.783s] -- Installing: /home/jv_costa/Cerise/Manipulator/arduinobot_ws/install/arduinobot_msgs/share/arduinobot_msgs/environment/library_path.sh
[6.783s] -- Installing: /home/jv_costa/Cerise/Manipulator/arduinobot_ws/install/arduinobot_msgs/share/arduinobot_msgs/environment/library_path.dsv
[6.783s] -- Installing: /home/jv_costa/Cerise/Manipulator/arduinobot_ws/install/arduinobot_msgs/lib/libarduinobot_msgs__rosidl_generator_c.so
[6.783s] -- Set runtime path of "/home/jv_costa/Cerise/Manipulator/arduinobot_ws/install/arduinobot_msgs/lib/libarduinobot_msgs__rosidl_generator_c.so" to ""
[6.783s] -- Up-to-date: /home/jv_costa/Cerise/Manipulator/arduinobot_ws/install/arduinobot_msgs/include/arduinobot_msgs/arduinobot_msgs
[6.783s] -- Up-to-date: /home/jv_costa/Cerise/Manipulator/arduinobot_ws/install/arduinobot_msgs/include/arduinobot_msgs/arduinobot_msgs/srv
[6.783s] -- Up-to-date: /home/jv_costa/Cerise/Manipulator/arduinobot_ws/install/arduinobot_msgs/include/arduinobot_msgs/arduinobot_msgs/srv/detail
[6.783s] -- Installing: /home/jv_costa/Cerise/Manipulator/arduinobot_ws/install/arduinobot_msgs/include/arduinobot_msgs/arduinobot_msgs/srv/detail/quaternion_to_euler__rosidl_typesupport_fastrtps_c.h
[6.783s] -- Installing: /home/jv_costa/Cerise/Manipulator/arduinobot_ws/install/arduinobot_msgs/include/arduinobot_msgs/arduinobot_msgs/srv/detail/euler_to_quaternion__rosidl_typesupport_fastrtps_c.h
[6.783s] -- Installing: /home/jv_costa/Cerise/Manipulator/arduinobot_ws/install/arduinobot_msgs/include/arduinobot_msgs/arduinobot_msgs/srv/detail/add_two_ints__rosidl_typesupport_fastrtps_c.h
[6.783s] -- Up-to-date: /home/jv_costa/Cerise/Manipulator/arduinobot_ws/install/arduinobot_msgs/include/arduinobot_msgs/arduinobot_msgs/msg
[6.783s] -- Installing: /home/jv_costa/Cerise/Manipulator/arduinobot_ws/install/arduinobot_msgs/include/arduinobot_msgs/arduinobot_msgs/msg/rosidl_typesupport_fastrtps_c__visibility_control.h
[6.783s] -- Up-to-date: /home/jv_costa/Cerise/Manipulator/arduinobot_ws/install/arduinobot_msgs/include/arduinobot_msgs/arduinobot_msgs/action
[6.783s] -- Up-to-date: /home/jv_costa/Cerise/Manipulator/arduinobot_ws/install/arduinobot_msgs/include/arduinobot_msgs/arduinobot_msgs/action/detail
[6.783s] -- Installing: /home/jv_costa/Cerise/Manipulator/arduinobot_ws/install/arduinobot_msgs/include/arduinobot_msgs/arduinobot_msgs/action/detail/arduinobot_task__rosidl_typesupport_fastrtps_c.h
[6.784s] -- Installing: /home/jv_costa/Cerise/Manipulator/arduinobot_ws/install/arduinobot_msgs/include/arduinobot_msgs/arduinobot_msgs/action/detail/fibonacci__rosidl_typesupport_fastrtps_c.h
[6.784s] -- Installing: /home/jv_costa/Cerise/Manipulator/arduinobot_ws/install/arduinobot_msgs/lib/libarduinobot_msgs__rosidl_typesupport_fastrtps_c.so
[6.784s] -- Set runtime path of "/home/jv_costa/Cerise/Manipulator/arduinobot_ws/install/arduinobot_msgs/lib/libarduinobot_msgs__rosidl_typesupport_fastrtps_c.so" to ""
[6.784s] -- Up-to-date: /home/jv_costa/Cerise/Manipulator/arduinobot_ws/install/arduinobot_msgs/include/arduinobot_msgs/arduinobot_msgs
[6.784s] -- Up-to-date: /home/jv_costa/Cerise/Manipulator/arduinobot_ws/install/arduinobot_msgs/include/arduinobot_msgs/arduinobot_msgs/srv
[6.784s] -- Up-to-date: /home/jv_costa/Cerise/Manipulator/arduinobot_ws/install/arduinobot_msgs/include/arduinobot_msgs/arduinobot_msgs/srv/detail
[6.784s] -- Installing: /home/jv_costa/Cerise/Manipulator/arduinobot_ws/install/arduinobot_msgs/include/arduinobot_msgs/arduinobot_msgs/srv/detail/quaternion_to_euler__traits.hpp
[6.784s] -- Installing: /home/jv_costa/Cerise/Manipulator/arduinobot_ws/install/arduinobot_msgs/include/arduinobot_msgs/arduinobot_msgs/srv/detail/euler_to_quaternion__builder.hpp
[6.784s] -- Installing: /home/jv_costa/Cerise/Manipulator/arduinobot_ws/install/arduinobot_msgs/include/arduinobot_msgs/arduinobot_msgs/srv/detail/add_two_ints__builder.hpp
[6.784s] -- Installing: /home/jv_costa/Cerise/Manipulator/arduinobot_ws/install/arduinobot_msgs/include/arduinobot_msgs/arduinobot_msgs/srv/detail/euler_to_quaternion__traits.hpp
[6.784s] -- Installing: /home/jv_costa/Cerise/Manipulator/arduinobot_ws/install/arduinobot_msgs/include/arduinobot_msgs/arduinobot_msgs/srv/detail/euler_to_quaternion__struct.hpp
[6.784s] -- Installing: /home/jv_costa/Cerise/Manipulator/arduinobot_ws/install/arduinobot_msgs/include/arduinobot_msgs/arduinobot_msgs/srv/detail/add_two_ints__traits.hpp
[6.784s] -- Installing: /home/jv_costa/Cerise/Manipulator/arduinobot_ws/install/arduinobot_msgs/include/arduinobot_msgs/arduinobot_msgs/srv/detail/add_two_ints__struct.hpp
[6.784s] -- Installing: /home/jv_costa/Cerise/Manipulator/arduinobot_ws/install/arduinobot_msgs/include/arduinobot_msgs/arduinobot_msgs/srv/detail/quaternion_to_euler__builder.hpp
[6.784s] -- Installing: /home/jv_costa/Cerise/Manipulator/arduinobot_ws/install/arduinobot_msgs/include/arduinobot_msgs/arduinobot_msgs/srv/detail/quaternion_to_euler__struct.hpp
[6.784s] -- Installing: /home/jv_costa/Cerise/Manipulator/arduinobot_ws/install/arduinobot_msgs/include/arduinobot_msgs/arduinobot_msgs/srv/quaternion_to_euler.hpp
[6.784s] -- Installing: /home/jv_costa/Cerise/Manipulator/arduinobot_ws/install/arduinobot_msgs/include/arduinobot_msgs/arduinobot_msgs/srv/add_two_ints.hpp
[6.784s] -- Installing: /home/jv_costa/Cerise/Manipulator/arduinobot_ws/install/arduinobot_msgs/include/arduinobot_msgs/arduinobot_msgs/srv/euler_to_quaternion.hpp
[6.784s] -- Up-to-date: /home/jv_costa/Cerise/Manipulator/arduinobot_ws/install/arduinobot_msgs/include/arduinobot_msgs/arduinobot_msgs/action
[6.784s] -- Up-to-date: /home/jv_costa/Cerise/Manipulator/arduinobot_ws/install/arduinobot_msgs/include/arduinobot_msgs/arduinobot_msgs/action/detail
[6.784s] -- Installing: /home/jv_costa/Cerise/Manipulator/arduinobot_ws/install/arduinobot_msgs/include/arduinobot_msgs/arduinobot_msgs/action/detail/fibonacci__struct.hpp
[6.784s] -- Installing: /home/jv_costa/Cerise/Manipulator/arduinobot_ws/install/arduinobot_msgs/include/arduinobot_msgs/arduinobot_msgs/action/detail/arduinobot_task__builder.hpp
[6.785s] -- Installing: /home/jv_costa/Cerise/Manipulator/arduinobot_ws/install/arduinobot_msgs/include/arduinobot_msgs/arduinobot_msgs/action/detail/fibonacci__builder.hpp
[6.785s] -- Installing: /home/jv_costa/Cerise/Manipulator/arduinobot_ws/install/arduinobot_msgs/include/arduinobot_msgs/arduinobot_msgs/action/detail/arduinobot_task__struct.hpp
[6.785s] -- Installing: /home/jv_costa/Cerise/Manipulator/arduinobot_ws/install/arduinobot_msgs/include/arduinobot_msgs/arduinobot_msgs/action/detail/arduinobot_task__traits.hpp
[6.785s] -- Installing: /home/jv_costa/Cerise/Manipulator/arduinobot_ws/install/arduinobot_msgs/include/arduinobot_msgs/arduinobot_msgs/action/detail/fibonacci__traits.hpp
[6.785s] -- Installing: /home/jv_costa/Cerise/Manipulator/arduinobot_ws/install/arduinobot_msgs/include/arduinobot_msgs/arduinobot_msgs/action/arduinobot_task.hpp
[6.785s] -- Installing: /home/jv_costa/Cerise/Manipulator/arduinobot_ws/install/arduinobot_msgs/include/arduinobot_msgs/arduinobot_msgs/action/fibonacci.hpp
[6.785s] -- Up-to-date: /home/jv_costa/Cerise/Manipulator/arduinobot_ws/install/arduinobot_msgs/include/arduinobot_msgs/arduinobot_msgs
[6.785s] -- Up-to-date: /home/jv_costa/Cerise/Manipulator/arduinobot_ws/install/arduinobot_msgs/include/arduinobot_msgs/arduinobot_msgs/srv
[6.785s] -- Up-to-date: /home/jv_costa/Cerise/Manipulator/arduinobot_ws/install/arduinobot_msgs/include/arduinobot_msgs/arduinobot_msgs/srv/detail
[6.785s] -- Installing: /home/jv_costa/Cerise/Manipulator/arduinobot_ws/install/arduinobot_msgs/include/arduinobot_msgs/arduinobot_msgs/srv/detail/add_two_ints__rosidl_typesupport_fastrtps_cpp.hpp
[6.785s] -- Installing: /home/jv_costa/Cerise/Manipulator/arduinobot_ws/install/arduinobot_msgs/include/arduinobot_msgs/arduinobot_msgs/srv/detail/quaternion_to_euler__rosidl_typesupport_fastrtps_cpp.hpp
[6.785s] -- Installing: /home/jv_costa/Cerise/Manipulator/arduinobot_ws/install/arduinobot_msgs/include/arduinobot_msgs/arduinobot_msgs/srv/detail/euler_to_quaternion__rosidl_typesupport_fastrtps_cpp.hpp
[6.785s] -- Installing: /home/jv_costa/Cerise/Manipulator/arduinobot_ws/install/arduinobot_msgs/include/arduinobot_msgs/arduinobot_msgs/srv/detail/dds_fastrtps
[6.785s] -- Up-to-date: /home/jv_costa/Cerise/Manipulator/arduinobot_ws/install/arduinobot_msgs/include/arduinobot_msgs/arduinobot_msgs/msg
[6.785s] -- Installing: /home/jv_costa/Cerise/Manipulator/arduinobot_ws/install/arduinobot_msgs/include/arduinobot_msgs/arduinobot_msgs/msg/rosidl_typesupport_fastrtps_cpp__visibility_control.h
[6.785s] -- Up-to-date: /home/jv_costa/Cerise/Manipulator/arduinobot_ws/install/arduinobot_msgs/include/arduinobot_msgs/arduinobot_msgs/action
[6.785s] -- Up-to-date: /home/jv_costa/Cerise/Manipulator/arduinobot_ws/install/arduinobot_msgs/include/arduinobot_msgs/arduinobot_msgs/action/detail
[6.785s] -- Installing: /home/jv_costa/Cerise/Manipulator/arduinobot_ws/install/arduinobot_msgs/include/arduinobot_msgs/arduinobot_msgs/action/detail/arduinobot_task__rosidl_typesupport_fastrtps_cpp.hpp
[6.785s] -- Installing: /home/jv_costa/Cerise/Manipulator/arduinobot_ws/install/arduinobot_msgs/include/arduinobot_msgs/arduinobot_msgs/action/detail/fibonacci__rosidl_typesupport_fastrtps_cpp.hpp
[6.785s] -- Installing: /home/jv_costa/Cerise/Manipulator/arduinobot_ws/install/arduinobot_msgs/include/arduinobot_msgs/arduinobot_msgs/action/detail/dds_fastrtps
[6.785s] -- Installing: /home/jv_costa/Cerise/Manipulator/arduinobot_ws/install/arduinobot_msgs/lib/libarduinobot_msgs__rosidl_typesupport_fastrtps_cpp.so
[6.785s] -- Set runtime path of "/home/jv_costa/Cerise/Manipulator/arduinobot_ws/install/arduinobot_msgs/lib/libarduinobot_msgs__rosidl_typesupport_fastrtps_cpp.so" to ""
[6.785s] -- Up-to-date: /home/jv_costa/Cerise/Manipulator/arduinobot_ws/install/arduinobot_msgs/include/arduinobot_msgs/arduinobot_msgs
[6.785s] -- Up-to-date: /home/jv_costa/Cerise/Manipulator/arduinobot_ws/install/arduinobot_msgs/include/arduinobot_msgs/arduinobot_msgs/srv
[6.785s] -- Up-to-date: /home/jv_costa/Cerise/Manipulator/arduinobot_ws/install/arduinobot_msgs/include/arduinobot_msgs/arduinobot_msgs/srv/detail
[6.785s] -- Installing: /home/jv_costa/Cerise/Manipulator/arduinobot_ws/install/arduinobot_msgs/include/arduinobot_msgs/arduinobot_msgs/srv/detail/euler_to_quaternion__rosidl_typesupport_introspection_c.h
[6.786s] -- Installing: /home/jv_costa/Cerise/Manipulator/arduinobot_ws/install/arduinobot_msgs/include/arduinobot_msgs/arduinobot_msgs/srv/detail/add_two_ints__rosidl_typesupport_introspection_c.h
[6.786s] -- Installing: /home/jv_costa/Cerise/Manipulator/arduinobot_ws/install/arduinobot_msgs/include/arduinobot_msgs/arduinobot_msgs/srv/detail/add_two_ints__type_support.c
[6.786s] -- Installing: /home/jv_costa/Cerise/Manipulator/arduinobot_ws/install/arduinobot_msgs/include/arduinobot_msgs/arduinobot_msgs/srv/detail/euler_to_quaternion__type_support.c
[6.786s] -- Installing: /home/jv_costa/Cerise/Manipulator/arduinobot_ws/install/arduinobot_msgs/include/arduinobot_msgs/arduinobot_msgs/srv/detail/quaternion_to_euler__type_support.c
[6.786s] -- Installing: /home/jv_costa/Cerise/Manipulator/arduinobot_ws/install/arduinobot_msgs/include/arduinobot_msgs/arduinobot_msgs/srv/detail/quaternion_to_euler__rosidl_typesupport_introspection_c.h
[6.786s] -- Up-to-date: /home/jv_costa/Cerise/Manipulator/arduinobot_ws/install/arduinobot_msgs/include/arduinobot_msgs/arduinobot_msgs/msg
[6.786s] -- Installing: /home/jv_costa/Cerise/Manipulator/arduinobot_ws/install/arduinobot_msgs/include/arduinobot_msgs/arduinobot_msgs/msg/rosidl_typesupport_introspection_c__visibility_control.h
[6.786s] -- Up-to-date: /home/jv_costa/Cerise/Manipulator/arduinobot_ws/install/arduinobot_msgs/include/arduinobot_msgs/arduinobot_msgs/action
[6.786s] -- Up-to-date: /home/jv_costa/Cerise/Manipulator/arduinobot_ws/install/arduinobot_msgs/include/arduinobot_msgs/arduinobot_msgs/action/detail
[6.786s] -- Installing: /home/jv_costa/Cerise/Manipulator/arduinobot_ws/install/arduinobot_msgs/include/arduinobot_msgs/arduinobot_msgs/action/detail/fibonacci__type_support.c
[6.786s] -- Installing: /home/jv_costa/Cerise/Manipulator/arduinobot_ws/install/arduinobot_msgs/include/arduinobot_msgs/arduinobot_msgs/action/detail/arduinobot_task__type_support.c
[6.786s] -- Installing: /home/jv_costa/Cerise/Manipulator/arduinobot_ws/install/arduinobot_msgs/include/arduinobot_msgs/arduinobot_msgs/action/detail/arduinobot_task__rosidl_typesupport_introspection_c.h
[6.786s] -- Installing: /home/jv_costa/Cerise/Manipulator/arduinobot_ws/install/arduinobot_msgs/include/arduinobot_msgs/arduinobot_msgs/action/detail/fibonacci__rosidl_typesupport_introspection_c.h
[6.786s] -- Installing: /home/jv_costa/Cerise/Manipulator/arduinobot_ws/install/arduinobot_msgs/lib/libarduinobot_msgs__rosidl_typesupport_introspection_c.so
[6.786s] -- Set runtime path of "/home/jv_costa/Cerise/Manipulator/arduinobot_ws/install/arduinobot_msgs/lib/libarduinobot_msgs__rosidl_typesupport_introspection_c.so" to ""
[6.786s] -- Installing: /home/jv_costa/Cerise/Manipulator/arduinobot_ws/install/arduinobot_msgs/lib/libarduinobot_msgs__rosidl_typesupport_c.so
[6.786s] -- Set runtime path of "/home/jv_costa/Cerise/Manipulator/arduinobot_ws/install/arduinobot_msgs/lib/libarduinobot_msgs__rosidl_typesupport_c.so" to ""
[6.786s] -- Up-to-date: /home/jv_costa/Cerise/Manipulator/arduinobot_ws/install/arduinobot_msgs/include/arduinobot_msgs/arduinobot_msgs
[6.786s] -- Up-to-date: /home/jv_costa/Cerise/Manipulator/arduinobot_ws/install/arduinobot_msgs/include/arduinobot_msgs/arduinobot_msgs/srv
[6.786s] -- Up-to-date: /home/jv_costa/Cerise/Manipulator/arduinobot_ws/install/arduinobot_msgs/include/arduinobot_msgs/arduinobot_msgs/srv/detail
[6.787s] -- Installing: /home/jv_costa/Cerise/Manipulator/arduinobot_ws/install/arduinobot_msgs/include/arduinobot_msgs/arduinobot_msgs/srv/detail/quaternion_to_euler__rosidl_typesupport_introspection_cpp.hpp
[6.787s] -- Installing: /home/jv_costa/Cerise/Manipulator/arduinobot_ws/install/arduinobot_msgs/include/arduinobot_msgs/arduinobot_msgs/srv/detail/euler_to_quaternion__type_support.cpp
[6.787s] -- Installing: /home/jv_costa/Cerise/Manipulator/arduinobot_ws/install/arduinobot_msgs/include/arduinobot_msgs/arduinobot_msgs/srv/detail/add_two_ints__rosidl_typesupport_introspection_cpp.hpp
[6.787s] -- Installing: /home/jv_costa/Cerise/Manipulator/arduinobot_ws/install/arduinobot_msgs/include/arduinobot_msgs/arduinobot_msgs/srv/detail/add_two_ints__type_support.cpp
[6.787s] -- Installing: /home/jv_costa/Cerise/Manipulator/arduinobot_ws/install/arduinobot_msgs/include/arduinobot_msgs/arduinobot_msgs/srv/detail/quaternion_to_euler__type_support.cpp
[6.787s] -- Installing: /home/jv_costa/Cerise/Manipulator/arduinobot_ws/install/arduinobot_msgs/include/arduinobot_msgs/arduinobot_msgs/srv/detail/euler_to_quaternion__rosidl_typesupport_introspection_cpp.hpp
[6.787s] -- Up-to-date: /home/jv_costa/Cerise/Manipulator/arduinobot_ws/install/arduinobot_msgs/include/arduinobot_msgs/arduinobot_msgs/action
[6.787s] -- Up-to-date: /home/jv_costa/Cerise/Manipulator/arduinobot_ws/install/arduinobot_msgs/include/arduinobot_msgs/arduinobot_msgs/action/detail
[6.787s] -- Installing: /home/jv_costa/Cerise/Manipulator/arduinobot_ws/install/arduinobot_msgs/include/arduinobot_msgs/arduinobot_msgs/action/detail/arduinobot_task__type_support.cpp
[6.787s] -- Installing: /home/jv_costa/Cerise/Manipulator/arduinobot_ws/install/arduinobot_msgs/include/arduinobot_msgs/arduinobot_msgs/action/detail/arduinobot_task__rosidl_typesupport_introspection_cpp.hpp
[6.787s] -- Installing: /home/jv_costa/Cerise/Manipulator/arduinobot_ws/install/arduinobot_msgs/include/arduinobot_msgs/arduinobot_msgs/action/detail/fibonacci__type_support.cpp
[6.787s] -- Installing: /home/jv_costa/Cerise/Manipulator/arduinobot_ws/install/arduinobot_msgs/include/arduinobot_msgs/arduinobot_msgs/action/detail/fibonacci__rosidl_typesupport_introspection_cpp.hpp
[6.787s] -- Installing: /home/jv_costa/Cerise/Manipulator/arduinobot_ws/install/arduinobot_msgs/lib/libarduinobot_msgs__rosidl_typesupport_introspection_cpp.so
[6.787s] -- Set runtime path of "/home/jv_costa/Cerise/Manipulator/arduinobot_ws/install/arduinobot_msgs/lib/libarduinobot_msgs__rosidl_typesupport_introspection_cpp.so" to ""
[6.787s] -- Installing: /home/jv_costa/Cerise/Manipulator/arduinobot_ws/install/arduinobot_msgs/lib/libarduinobot_msgs__rosidl_typesupport_cpp.so
[6.787s] -- Set runtime path of "/home/jv_costa/Cerise/Manipulator/arduinobot_ws/install/arduinobot_msgs/lib/libarduinobot_msgs__rosidl_typesupport_cpp.so" to ""
[6.788s] -- Installing: /home/jv_costa/Cerise/Manipulator/arduinobot_ws/install/arduinobot_msgs/share/arduinobot_msgs/environment/pythonpath.sh
[6.788s] -- Installing: /home/jv_costa/Cerise/Manipulator/arduinobot_ws/install/arduinobot_msgs/share/arduinobot_msgs/environment/pythonpath.dsv
[6.788s] -- Installing: /home/jv_costa/Cerise/Manipulator/arduinobot_ws/install/arduinobot_msgs/local/lib/python3.10/dist-packages/arduinobot_msgs-0.0.0-py3.10.egg-info
[6.788s] -- Installing: /home/jv_costa/Cerise/Manipulator/arduinobot_ws/install/arduinobot_msgs/local/lib/python3.10/dist-packages/arduinobot_msgs-0.0.0-py3.10.egg-info/dependency_links.txt
[6.788s] -- Installing: /home/jv_costa/Cerise/Manipulator/arduinobot_ws/install/arduinobot_msgs/local/lib/python3.10/dist-packages/arduinobot_msgs-0.0.0-py3.10.egg-info/top_level.txt
[6.788s] -- Installing: /home/jv_costa/Cerise/Manipulator/arduinobot_ws/install/arduinobot_msgs/local/lib/python3.10/dist-packages/arduinobot_msgs-0.0.0-py3.10.egg-info/SOURCES.txt
[6.788s] -- Installing: /home/jv_costa/Cerise/Manipulator/arduinobot_ws/install/arduinobot_msgs/local/lib/python3.10/dist-packages/arduinobot_msgs-0.0.0-py3.10.egg-info/PKG-INFO
[6.788s] -- Installing: /home/jv_costa/Cerise/Manipulator/arduinobot_ws/install/arduinobot_msgs/local/lib/python3.10/dist-packages/arduinobot_msgs
[6.788s] -- Installing: /home/jv_costa/Cerise/Manipulator/arduinobot_ws/install/arduinobot_msgs/local/lib/python3.10/dist-packages/arduinobot_msgs/_arduinobot_msgs_s.ep.rosidl_typesupport_introspection_c.c
[6.788s] -- Installing: /home/jv_costa/Cerise/Manipulator/arduinobot_ws/install/arduinobot_msgs/local/lib/python3.10/dist-packages/arduinobot_msgs/arduinobot_msgs_s__rosidl_typesupport_introspection_c.cpython-310-x86_64-linux-gnu.so
[6.788s] -- Installing: /home/jv_costa/Cerise/Manipulator/arduinobot_ws/install/arduinobot_msgs/local/lib/python3.10/dist-packages/arduinobot_msgs/srv
[6.788s] -- Installing: /home/jv_costa/Cerise/Manipulator/arduinobot_ws/install/arduinobot_msgs/local/lib/python3.10/dist-packages/arduinobot_msgs/srv/_euler_to_quaternion_s.c
[6.788s] -- Installing: /home/jv_costa/Cerise/Manipulator/arduinobot_ws/install/arduinobot_msgs/local/lib/python3.10/dist-packages/arduinobot_msgs/srv/_euler_to_quaternion.py
[6.789s] -- Installing: /home/jv_costa/Cerise/Manipulator/arduinobot_ws/install/arduinobot_msgs/local/lib/python3.10/dist-packages/arduinobot_msgs/srv/_quaternion_to_euler_s.c
[6.789s] -- Installing: /home/jv_costa/Cerise/Manipulator/arduinobot_ws/install/arduinobot_msgs/local/lib/python3.10/dist-packages/arduinobot_msgs/srv/_quaternion_to_euler.py
[6.789s] -- Installing: /home/jv_costa/Cerise/Manipulator/arduinobot_ws/install/arduinobot_msgs/local/lib/python3.10/dist-packages/arduinobot_msgs/srv/_add_two_ints.py
[6.789s] -- Installing: /home/jv_costa/Cerise/Manipulator/arduinobot_ws/install/arduinobot_msgs/local/lib/python3.10/dist-packages/arduinobot_msgs/srv/__init__.py
[6.789s] -- Installing: /home/jv_costa/Cerise/Manipulator/arduinobot_ws/install/arduinobot_msgs/local/lib/python3.10/dist-packages/arduinobot_msgs/srv/_add_two_ints_s.c
[6.789s] -- Installing: /home/jv_costa/Cerise/Manipulator/arduinobot_ws/install/arduinobot_msgs/local/lib/python3.10/dist-packages/arduinobot_msgs/arduinobot_msgs_s__rosidl_typesupport_c.cpython-310-x86_64-linux-gnu.so
[6.789s] -- Installing: /home/jv_costa/Cerise/Manipulator/arduinobot_ws/install/arduinobot_msgs/local/lib/python3.10/dist-packages/arduinobot_msgs/action
[6.789s] -- Installing: /home/jv_costa/Cerise/Manipulator/arduinobot_ws/install/arduinobot_msgs/local/lib/python3.10/dist-packages/arduinobot_msgs/action/_fibonacci.py
[6.789s] -- Installing: /home/jv_costa/Cerise/Manipulator/arduinobot_ws/install/arduinobot_msgs/local/lib/python3.10/dist-packages/arduinobot_msgs/action/_arduinobot_task.py
[6.789s] -- Installing: /home/jv_costa/Cerise/Manipulator/arduinobot_ws/install/arduinobot_msgs/local/lib/python3.10/dist-packages/arduinobot_msgs/action/_arduinobot_task_s.c
[6.789s] -- Installing: /home/jv_costa/Cerise/Manipulator/arduinobot_ws/install/arduinobot_msgs/local/lib/python3.10/dist-packages/arduinobot_msgs/action/_fibonacci_s.c
[6.789s] -- Installing: /home/jv_costa/Cerise/Manipulator/arduinobot_ws/install/arduinobot_msgs/local/lib/python3.10/dist-packages/arduinobot_msgs/action/__init__.py
[6.789s] -- Installing: /home/jv_costa/Cerise/Manipulator/arduinobot_ws/install/arduinobot_msgs/local/lib/python3.10/dist-packages/arduinobot_msgs/libarduinobot_msgs__rosidl_generator_py.so
[6.789s] -- Installing: /home/jv_costa/Cerise/Manipulator/arduinobot_ws/install/arduinobot_msgs/local/lib/python3.10/dist-packages/arduinobot_msgs/__init__.py
[6.789s] -- Installing: /home/jv_costa/Cerise/Manipulator/arduinobot_ws/install/arduinobot_msgs/local/lib/python3.10/dist-packages/arduinobot_msgs/arduinobot_msgs_s__rosidl_typesupport_fastrtps_c.cpython-310-x86_64-linux-gnu.so
[6.789s] -- Installing: /home/jv_costa/Cerise/Manipulator/arduinobot_ws/install/arduinobot_msgs/local/lib/python3.10/dist-packages/arduinobot_msgs/_arduinobot_msgs_s.ep.rosidl_typesupport_c.c
[6.790s] -- Installing: /home/jv_costa/Cerise/Manipulator/arduinobot_ws/install/arduinobot_msgs/local/lib/python3.10/dist-packages/arduinobot_msgs/_arduinobot_msgs_s.ep.rosidl_typesupport_fastrtps_c.c
[6.827s] Listing '/home/jv_costa/Cerise/Manipulator/arduinobot_ws/install/arduinobot_msgs/local/lib/python3.10/dist-packages/arduinobot_msgs'...
[6.827s] Compiling '/home/jv_costa/Cerise/Manipulator/arduinobot_ws/install/arduinobot_msgs/local/lib/python3.10/dist-packages/arduinobot_msgs/__init__.py'...
[6.827s] Listing '/home/jv_costa/Cerise/Manipulator/arduinobot_ws/install/arduinobot_msgs/local/lib/python3.10/dist-packages/arduinobot_msgs/action'...
[6.827s] Compiling '/home/jv_costa/Cerise/Manipulator/arduinobot_ws/install/arduinobot_msgs/local/lib/python3.10/dist-packages/arduinobot_msgs/action/__init__.py'...
[6.827s] Compiling '/home/jv_costa/Cerise/Manipulator/arduinobot_ws/install/arduinobot_msgs/local/lib/python3.10/dist-packages/arduinobot_msgs/action/_arduinobot_task.py'...
[6.827s] Compiling '/home/jv_costa/Cerise/Manipulator/arduinobot_ws/install/arduinobot_msgs/local/lib/python3.10/dist-packages/arduinobot_msgs/action/_fibonacci.py'...
[6.827s] Listing '/home/jv_costa/Cerise/Manipulator/arduinobot_ws/install/arduinobot_msgs/local/lib/python3.10/dist-packages/arduinobot_msgs/srv'...
[6.827s] Compiling '/home/jv_costa/Cerise/Manipulator/arduinobot_ws/install/arduinobot_msgs/local/lib/python3.10/dist-packages/arduinobot_msgs/srv/__init__.py'...
[6.827s] Compiling '/home/jv_costa/Cerise/Manipulator/arduinobot_ws/install/arduinobot_msgs/local/lib/python3.10/dist-packages/arduinobot_msgs/srv/_add_two_ints.py'...
[6.827s] Compiling '/home/jv_costa/Cerise/Manipulator/arduinobot_ws/install/arduinobot_msgs/local/lib/python3.10/dist-packages/arduinobot_msgs/srv/_euler_to_quaternion.py'...
[6.827s] Compiling '/home/jv_costa/Cerise/Manipulator/arduinobot_ws/install/arduinobot_msgs/local/lib/python3.10/dist-packages/arduinobot_msgs/srv/_quaternion_to_euler.py'...
[6.830s] -- Installing: /home/jv_costa/Cerise/Manipulator/arduinobot_ws/install/arduinobot_msgs/local/lib/python3.10/dist-packages/arduinobot_msgs/arduinobot_msgs_s__rosidl_typesupport_fastrtps_c.cpython-310-x86_64-linux-gnu.so
[6.830s] -- Set runtime path of "/home/jv_costa/Cerise/Manipulator/arduinobot_ws/install/arduinobot_msgs/local/lib/python3.10/dist-packages/arduinobot_msgs/arduinobot_msgs_s__rosidl_typesupport_fastrtps_c.cpython-310-x86_64-linux-gnu.so" to ""
[6.830s] -- Installing: /home/jv_costa/Cerise/Manipulator/arduinobot_ws/install/arduinobot_msgs/local/lib/python3.10/dist-packages/arduinobot_msgs/arduinobot_msgs_s__rosidl_typesupport_introspection_c.cpython-310-x86_64-linux-gnu.so
[6.830s] -- Set runtime path of "/home/jv_costa/Cerise/Manipulator/arduinobot_ws/install/arduinobot_msgs/local/lib/python3.10/dist-packages/arduinobot_msgs/arduinobot_msgs_s__rosidl_typesupport_introspection_c.cpython-310-x86_64-linux-gnu.so" to ""
[6.831s] -- Installing: /home/jv_costa/Cerise/Manipulator/arduinobot_ws/install/arduinobot_msgs/local/lib/python3.10/dist-packages/arduinobot_msgs/arduinobot_msgs_s__rosidl_typesupport_c.cpython-310-x86_64-linux-gnu.so
[6.831s] -- Set runtime path of "/home/jv_costa/Cerise/Manipulator/arduinobot_ws/install/arduinobot_msgs/local/lib/python3.10/dist-packages/arduinobot_msgs/arduinobot_msgs_s__rosidl_typesupport_c.cpython-310-x86_64-linux-gnu.so" to ""
[6.831s] -- Installing: /home/jv_costa/Cerise/Manipulator/arduinobot_ws/install/arduinobot_msgs/lib/libarduinobot_msgs__rosidl_generator_py.so
[6.831s] -- Set runtime path of "/home/jv_costa/Cerise/Manipulator/arduinobot_ws/install/arduinobot_msgs/lib/libarduinobot_msgs__rosidl_generator_py.so" to ""
[6.831s] -- Installing: /home/jv_costa/Cerise/Manipulator/arduinobot_ws/install/arduinobot_msgs/share/arduinobot_msgs/srv/AddTwoInts.idl
[6.831s] -- Installing: /home/jv_costa/Cerise/Manipulator/arduinobot_ws/install/arduinobot_msgs/share/arduinobot_msgs/srv/EulerToQuaternion.idl
[6.831s] -- Installing: /home/jv_costa/Cerise/Manipulator/arduinobot_ws/install/arduinobot_msgs/share/arduinobot_msgs/srv/QuaternionToEuler.idl
[6.831s] -- Installing: /home/jv_costa/Cerise/Manipulator/arduinobot_ws/install/arduinobot_msgs/share/arduinobot_msgs/action/Fibonacci.idl
[6.831s] -- Installing: /home/jv_costa/Cerise/Manipulator/arduinobot_ws/install/arduinobot_msgs/share/arduinobot_msgs/action/ArduinobotTask.idl
[6.831s] -- Installing: /home/jv_costa/Cerise/Manipulator/arduinobot_ws/install/arduinobot_msgs/share/arduinobot_msgs/srv/AddTwoInts.srv
[6.831s] -- Installing: /home/jv_costa/Cerise/Manipulator/arduinobot_ws/install/arduinobot_msgs/share/arduinobot_msgs/srv/AddTwoInts_Request.msg
[6.831s] -- Installing: /home/jv_costa/Cerise/Manipulator/arduinobot_ws/install/arduinobot_msgs/share/arduinobot_msgs/srv/AddTwoInts_Response.msg
[6.831s] -- Installing: /home/jv_costa/Cerise/Manipulator/arduinobot_ws/install/arduinobot_msgs/share/arduinobot_msgs/srv/EulerToQuaternion.srv
[6.831s] -- Installing: /home/jv_costa/Cerise/Manipulator/arduinobot_ws/install/arduinobot_msgs/share/arduinobot_msgs/srv/EulerToQuaternion_Request.msg
[6.831s] -- Installing: /home/jv_costa/Cerise/Manipulator/arduinobot_ws/install/arduinobot_msgs/share/arduinobot_msgs/srv/EulerToQuaternion_Response.msg
[6.832s] -- Installing: /home/jv_costa/Cerise/Manipulator/arduinobot_ws/install/arduinobot_msgs/share/arduinobot_msgs/srv/QuaternionToEuler.srv
[6.832s] -- Installing: /home/jv_costa/Cerise/Manipulator/arduinobot_ws/install/arduinobot_msgs/share/arduinobot_msgs/srv/QuaternionToEuler_Request.msg
[6.832s] -- Installing: /home/jv_costa/Cerise/Manipulator/arduinobot_ws/install/arduinobot_msgs/share/arduinobot_msgs/srv/QuaternionToEuler_Response.msg
[6.832s] -- Installing: /home/jv_costa/Cerise/Manipulator/arduinobot_ws/install/arduinobot_msgs/share/arduinobot_msgs/action/Fibonacci.action
[6.832s] -- Installing: /home/jv_costa/Cerise/Manipulator/arduinobot_ws/install/arduinobot_msgs/share/arduinobot_msgs/action/ArduinobotTask.action
[6.832s] -- Installing: /home/jv_costa/Cerise/Manipulator/arduinobot_ws/install/arduinobot_msgs/share/ament_index/resource_index/package_run_dependencies/arduinobot_msgs
[6.832s] -- Installing: /home/jv_costa/Cerise/Manipulator/arduinobot_ws/install/arduinobot_msgs/share/ament_index/resource_index/parent_prefix_path/arduinobot_msgs
[6.832s] -- Installing: /home/jv_costa/Cerise/Manipulator/arduinobot_ws/install/arduinobot_msgs/share/arduinobot_msgs/environment/ament_prefix_path.sh
[6.832s] -- Installing: /home/jv_costa/Cerise/Manipulator/arduinobot_ws/install/arduinobot_msgs/share/arduinobot_msgs/environment/ament_prefix_path.dsv
[6.832s] -- Installing: /home/jv_costa/Cerise/Manipulator/arduinobot_ws/install/arduinobot_msgs/share/arduinobot_msgs/environment/path.sh
[6.832s] -- Installing: /home/jv_costa/Cerise/Manipulator/arduinobot_ws/install/arduinobot_msgs/share/arduinobot_msgs/environment/path.dsv
[6.832s] -- Installing: /home/jv_costa/Cerise/Manipulator/arduinobot_ws/install/arduinobot_msgs/share/arduinobot_msgs/local_setup.bash
[6.832s] -- Installing: /home/jv_costa/Cerise/Manipulator/arduinobot_ws/install/arduinobot_msgs/share/arduinobot_msgs/local_setup.sh
[6.832s] -- Installing: /home/jv_costa/Cerise/Manipulator/arduinobot_ws/install/arduinobot_msgs/share/arduinobot_msgs/local_setup.zsh
[6.832s] -- Installing: /home/jv_costa/Cerise/Manipulator/arduinobot_ws/install/arduinobot_msgs/share/arduinobot_msgs/local_setup.dsv
[6.832s] -- Installing: /home/jv_costa/Cerise/Manipulator/arduinobot_ws/install/arduinobot_msgs/share/arduinobot_msgs/package.dsv
[6.832s] -- Installing: /home/jv_costa/Cerise/Manipulator/arduinobot_ws/install/arduinobot_msgs/share/ament_index/resource_index/packages/arduinobot_msgs
[6.832s] -- Installing: /home/jv_costa/Cerise/Manipulator/arduinobot_ws/install/arduinobot_msgs/share/arduinobot_msgs/cmake/export_arduinobot_msgs__rosidl_generator_cExport.cmake
[6.832s] -- Installing: /home/jv_costa/Cerise/Manipulator/arduinobot_ws/install/arduinobot_msgs/share/arduinobot_msgs/cmake/export_arduinobot_msgs__rosidl_generator_cExport-noconfig.cmake
[6.832s] -- Installing: /home/jv_costa/Cerise/Manipulator/arduinobot_ws/install/arduinobot_msgs/share/arduinobot_msgs/cmake/export_arduinobot_msgs__rosidl_typesupport_fastrtps_cExport.cmake
[6.833s] -- Installing: /home/jv_costa/Cerise/Manipulator/arduinobot_ws/install/arduinobot_msgs/share/arduinobot_msgs/cmake/export_arduinobot_msgs__rosidl_typesupport_fastrtps_cExport-noconfig.cmake
[6.833s] -- Installing: /home/jv_costa/Cerise/Manipulator/arduinobot_ws/install/arduinobot_msgs/share/arduinobot_msgs/cmake/export_arduinobot_msgs__rosidl_generator_cppExport.cmake
[6.833s] -- Installing: /home/jv_costa/Cerise/Manipulator/arduinobot_ws/install/arduinobot_msgs/share/arduinobot_msgs/cmake/export_arduinobot_msgs__rosidl_typesupport_fastrtps_cppExport.cmake
[6.833s] -- Installing: /home/jv_costa/Cerise/Manipulator/arduinobot_ws/install/arduinobot_msgs/share/arduinobot_msgs/cmake/export_arduinobot_msgs__rosidl_typesupport_fastrtps_cppExport-noconfig.cmake
[6.833s] -- Installing: /home/jv_costa/Cerise/Manipulator/arduinobot_ws/install/arduinobot_msgs/share/arduinobot_msgs/cmake/arduinobot_msgs__rosidl_typesupport_introspection_cExport.cmake
[6.833s] -- Installing: /home/jv_costa/Cerise/Manipulator/arduinobot_ws/install/arduinobot_msgs/share/arduinobot_msgs/cmake/arduinobot_msgs__rosidl_typesupport_introspection_cExport-noconfig.cmake
[6.833s] -- Installing: /home/jv_costa/Cerise/Manipulator/arduinobot_ws/install/arduinobot_msgs/share/arduinobot_msgs/cmake/arduinobot_msgs__rosidl_typesupport_cExport.cmake
[6.833s] -- Installing: /home/jv_costa/Cerise/Manipulator/arduinobot_ws/install/arduinobot_msgs/share/arduinobot_msgs/cmake/arduinobot_msgs__rosidl_typesupport_cExport-noconfig.cmake
[6.833s] -- Installing: /home/jv_costa/Cerise/Manipulator/arduinobot_ws/install/arduinobot_msgs/share/arduinobot_msgs/cmake/arduinobot_msgs__rosidl_typesupport_introspection_cppExport.cmake
[6.833s] -- Installing: /home/jv_costa/Cerise/Manipulator/arduinobot_ws/install/arduinobot_msgs/share/arduinobot_msgs/cmake/arduinobot_msgs__rosidl_typesupport_introspection_cppExport-noconfig.cmake
[6.833s] -- Installing: /home/jv_costa/Cerise/Manipulator/arduinobot_ws/install/arduinobot_msgs/share/arduinobot_msgs/cmake/arduinobot_msgs__rosidl_typesupport_cppExport.cmake
[6.833s] -- Installing: /home/jv_costa/Cerise/Manipulator/arduinobot_ws/install/arduinobot_msgs/share/arduinobot_msgs/cmake/arduinobot_msgs__rosidl_typesupport_cppExport-noconfig.cmake
[6.833s] -- Installing: /home/jv_costa/Cerise/Manipulator/arduinobot_ws/install/arduinobot_msgs/share/arduinobot_msgs/cmake/export_arduinobot_msgs__rosidl_generator_pyExport.cmake
[6.833s] -- Installing: /home/jv_costa/Cerise/Manipulator/arduinobot_ws/install/arduinobot_msgs/share/arduinobot_msgs/cmake/export_arduinobot_msgs__rosidl_generator_pyExport-noconfig.cmake
[6.833s] -- Installing: /home/jv_costa/Cerise/Manipulator/arduinobot_ws/install/arduinobot_msgs/share/arduinobot_msgs/cmake/rosidl_cmake-extras.cmake
[6.833s] -- Installing: /home/jv_costa/Cerise/Manipulator/arduinobot_ws/install/arduinobot_msgs/share/arduinobot_msgs/cmake/ament_cmake_export_dependencies-extras.cmake
[6.833s] -- Installing: /home/jv_costa/Cerise/Manipulator/arduinobot_ws/install/arduinobot_msgs/share/arduinobot_msgs/cmake/ament_cmake_export_include_directories-extras.cmake
[6.833s] -- Installing: /home/jv_costa/Cerise/Manipulator/arduinobot_ws/install/arduinobot_msgs/share/arduinobot_msgs/cmake/ament_cmake_export_libraries-extras.cmake
[6.834s] -- Installing: /home/jv_costa/Cerise/Manipulator/arduinobot_ws/install/arduinobot_msgs/share/arduinobot_msgs/cmake/ament_cmake_export_targets-extras.cmake
[6.834s] -- Installing: /home/jv_costa/Cerise/Manipulator/arduinobot_ws/install/arduinobot_msgs/share/arduinobot_msgs/cmake/rosidl_cmake_export_typesupport_targets-extras.cmake
[6.834s] -- Installing: /home/jv_costa/Cerise/Manipulator/arduinobot_ws/install/arduinobot_msgs/share/arduinobot_msgs/cmake/rosidl_cmake_export_typesupport_libraries-extras.cmake
[6.834s] -- Installing: /home/jv_costa/Cerise/Manipulator/arduinobot_ws/install/arduinobot_msgs/share/arduinobot_msgs/cmake/arduinobot_msgsConfig.cmake
[6.834s] -- Installing: /home/jv_costa/Cerise/Manipulator/arduinobot_ws/install/arduinobot_msgs/share/arduinobot_msgs/cmake/arduinobot_msgsConfig-version.cmake
[6.834s] -- Installing: /home/jv_costa/Cerise/Manipulator/arduinobot_ws/install/arduinobot_msgs/share/arduinobot_msgs/package.xml
[6.836s] Invoked command in '/home/jv_costa/Cerise/Manipulator/arduinobot_ws/build/arduinobot_msgs' returned '0': CMAKE_PREFIX_PATH=${CMAKE_PREFIX_PATH}:/home/jv_costa/interbotix_ws/install/interbotix_xs_modules:/home/jv_costa/interbotix_ws/install/interbotix_perception_modules:/home/jv_costa/interbotix_ws/install/interbotix_common_modules:/opt/ros/humble /usr/bin/cmake --install /home/jv_costa/Cerise/Manipulator/arduinobot_ws/build/arduinobot_msgs
