[0.107s] DEBUG:colcon:Command line arguments: ['/usr/bin/colcon', 'list', '-p', '--base-paths', '/home/jv_costa/Cerise/Manipulator/arduinobot_ws']
[0.107s] DEBUG:colcon:Parsed command line arguments: Namespace(log_base=None, log_level=None, verb_name='list', build_base='build', ignore_user_meta=False, metas=['./colcon.meta'], base_paths=['/home/jv_costa/Cerise/Manipulator/arduinobot_ws'], packages_ignore=None, packages_ignore_regex=None, paths=None, packages_up_to=None, packages_up_to_regex=None, packages_above=None, packages_above_and_dependencies=None, packages_above_depth=None, packages_select_by_dep=None, packages_skip_by_dep=None, packages_skip_up_to=None, packages_select_build_failed=False, packages_skip_build_finished=False, packages_select_test_failures=False, packages_skip_test_passed=False, packages_select=None, packages_skip=None, packages_select_regex=None, packages_skip_regex=None, packages_start=None, packages_end=None, allow_overriding=[], topological_order=False, names_only=False, paths_only=True, topological_graph=False, topological_graph_dot=False, topological_graph_density=False, topological_graph_legend=False, topological_graph_dot_cluster=False, topological_graph_dot_include_skipped=False, verb_parser=<colcon_defaults.argument_parser.defaults.DefaultArgumentsDecorator object at 0x7542e8d55930>, verb_extension=<colcon_package_information.verb.list.ListVerb object at 0x7542e8d54a30>, main=<bound method ListVerb.main of <colcon_package_information.verb.list.ListVerb object at 0x7542e8d54a30>>)
[0.348s] Level 1:colcon.colcon_core.package_discovery:discover_packages(colcon_meta) check parameters
[0.349s] Level 1:colcon.colcon_core.package_discovery:discover_packages(recursive) check parameters
[0.349s] Level 1:colcon.colcon_core.package_discovery:discover_packages(ignore) check parameters
[0.350s] Level 1:colcon.colcon_core.package_discovery:discover_packages(path) check parameters
[0.350s] Level 1:colcon.colcon_core.package_discovery:discover_packages(recursive) discover
[0.350s] INFO:colcon.colcon_core.package_discovery:Crawling recursively for packages in '/home/jv_costa/Cerise/Manipulator/arduinobot_ws'
[0.351s] Level 1:colcon.colcon_core.package_identification:_identify(/home/jv_costa/Cerise/Manipulator/arduinobot_ws) by extensions ['ignore', 'ignore_ament_install']
[0.352s] Level 1:colcon.colcon_core.package_identification:_identify(/home/jv_costa/Cerise/Manipulator/arduinobot_ws) by extension 'ignore'
[0.353s] Level 1:colcon.colcon_core.package_identification:_identify(/home/jv_costa/Cerise/Manipulator/arduinobot_ws) by extension 'ignore_ament_install'
[0.353s] Level 1:colcon.colcon_core.package_identification:_identify(/home/jv_costa/Cerise/Manipulator/arduinobot_ws) by extensions ['colcon_pkg']
[0.353s] Level 1:colcon.colcon_core.package_identification:_identify(/home/jv_costa/Cerise/Manipulator/arduinobot_ws) by extension 'colcon_pkg'
[0.353s] Level 1:colcon.colcon_core.package_identification:_identify(/home/jv_costa/Cerise/Manipulator/arduinobot_ws) by extensions ['colcon_meta']
[0.353s] Level 1:colcon.colcon_core.package_identification:_identify(/home/jv_costa/Cerise/Manipulator/arduinobot_ws) by extension 'colcon_meta'
[0.353s] Level 1:colcon.colcon_core.package_identification:_identify(/home/jv_costa/Cerise/Manipulator/arduinobot_ws) by extensions ['ros']
[0.353s] Level 1:colcon.colcon_core.package_identification:_identify(/home/jv_costa/Cerise/Manipulator/arduinobot_ws) by extension 'ros'
[0.395s] Level 1:colcon.colcon_core.package_identification:_identify(/home/jv_costa/Cerise/Manipulator/arduinobot_ws) by extensions ['cmake', 'python']
[0.395s] Level 1:colcon.colcon_core.package_identification:_identify(/home/jv_costa/Cerise/Manipulator/arduinobot_ws) by extension 'cmake'
[0.395s] Level 1:colcon.colcon_core.package_identification:_identify(/home/jv_costa/Cerise/Manipulator/arduinobot_ws) by extension 'python'
[0.395s] Level 1:colcon.colcon_core.package_identification:_identify(/home/jv_costa/Cerise/Manipulator/arduinobot_ws) by extensions ['python_setup_py']
[0.395s] Level 1:colcon.colcon_core.package_identification:_identify(/home/jv_costa/Cerise/Manipulator/arduinobot_ws) by extension 'python_setup_py'
[0.396s] Level 1:colcon.colcon_core.package_identification:_identify(/home/jv_costa/Cerise/Manipulator/arduinobot_ws/build) by extensions ['ignore', 'ignore_ament_install']
[0.396s] Level 1:colcon.colcon_core.package_identification:_identify(/home/jv_costa/Cerise/Manipulator/arduinobot_ws/build) by extension 'ignore'
[0.396s] Level 1:colcon.colcon_core.package_identification:_identify(/home/jv_costa/Cerise/Manipulator/arduinobot_ws/build) ignored
[0.396s] Level 1:colcon.colcon_core.package_identification:_identify(/home/jv_costa/Cerise/Manipulator/arduinobot_ws/install) by extensions ['ignore', 'ignore_ament_install']
[0.396s] Level 1:colcon.colcon_core.package_identification:_identify(/home/jv_costa/Cerise/Manipulator/arduinobot_ws/install) by extension 'ignore'
[0.396s] Level 1:colcon.colcon_core.package_identification:_identify(/home/jv_costa/Cerise/Manipulator/arduinobot_ws/install) ignored
[0.397s] Level 1:colcon.colcon_core.package_identification:_identify(/home/jv_costa/Cerise/Manipulator/arduinobot_ws/log) by extensions ['ignore', 'ignore_ament_install']
[0.397s] Level 1:colcon.colcon_core.package_identification:_identify(/home/jv_costa/Cerise/Manipulator/arduinobot_ws/log) by extension 'ignore'
[0.397s] Level 1:colcon.colcon_core.package_identification:_identify(/home/jv_costa/Cerise/Manipulator/arduinobot_ws/log) ignored
[0.397s] Level 1:colcon.colcon_core.package_identification:_identify(/home/jv_costa/Cerise/Manipulator/arduinobot_ws/src) by extensions ['ignore', 'ignore_ament_install']
[0.397s] Level 1:colcon.colcon_core.package_identification:_identify(/home/jv_costa/Cerise/Manipulator/arduinobot_ws/src) by extension 'ignore'
[0.397s] Level 1:colcon.colcon_core.package_identification:_identify(/home/jv_costa/Cerise/Manipulator/arduinobot_ws/src) by extension 'ignore_ament_install'
[0.397s] Level 1:colcon.colcon_core.package_identification:_identify(/home/jv_costa/Cerise/Manipulator/arduinobot_ws/src) by extensions ['colcon_pkg']
[0.397s] Level 1:colcon.colcon_core.package_identification:_identify(/home/jv_costa/Cerise/Manipulator/arduinobot_ws/src) by extension 'colcon_pkg'
[0.397s] Level 1:colcon.colcon_core.package_identification:_identify(/home/jv_costa/Cerise/Manipulator/arduinobot_ws/src) by extensions ['colcon_meta']
[0.397s] Level 1:colcon.colcon_core.package_identification:_identify(/home/jv_costa/Cerise/Manipulator/arduinobot_ws/src) by extension 'colcon_meta'
[0.397s] Level 1:colcon.colcon_core.package_identification:_identify(/home/jv_costa/Cerise/Manipulator/arduinobot_ws/src) by extensions ['ros']
[0.397s] Level 1:colcon.colcon_core.package_identification:_identify(/home/jv_costa/Cerise/Manipulator/arduinobot_ws/src) by extension 'ros'
[0.398s] Level 1:colcon.colcon_core.package_identification:_identify(/home/jv_costa/Cerise/Manipulator/arduinobot_ws/src) by extensions ['cmake', 'python']
[0.398s] Level 1:colcon.colcon_core.package_identification:_identify(/home/jv_costa/Cerise/Manipulator/arduinobot_ws/src) by extension 'cmake'
[0.398s] Level 1:colcon.colcon_core.package_identification:_identify(/home/jv_costa/Cerise/Manipulator/arduinobot_ws/src) by extension 'python'
[0.398s] Level 1:colcon.colcon_core.package_identification:_identify(/home/jv_costa/Cerise/Manipulator/arduinobot_ws/src) by extensions ['python_setup_py']
[0.398s] Level 1:colcon.colcon_core.package_identification:_identify(/home/jv_costa/Cerise/Manipulator/arduinobot_ws/src) by extension 'python_setup_py'
[0.398s] Level 1:colcon.colcon_core.package_identification:_identify(/home/jv_costa/Cerise/Manipulator/arduinobot_ws/src/arduinobot_bringup) by extensions ['ignore', 'ignore_ament_install']
[0.398s] Level 1:colcon.colcon_core.package_identification:_identify(/home/jv_costa/Cerise/Manipulator/arduinobot_ws/src/arduinobot_bringup) by extension 'ignore'
[0.398s] Level 1:colcon.colcon_core.package_identification:_identify(/home/jv_costa/Cerise/Manipulator/arduinobot_ws/src/arduinobot_bringup) by extension 'ignore_ament_install'
[0.398s] Level 1:colcon.colcon_core.package_identification:_identify(/home/jv_costa/Cerise/Manipulator/arduinobot_ws/src/arduinobot_bringup) by extensions ['colcon_pkg']
[0.398s] Level 1:colcon.colcon_core.package_identification:_identify(/home/jv_costa/Cerise/Manipulator/arduinobot_ws/src/arduinobot_bringup) by extension 'colcon_pkg'
[0.398s] Level 1:colcon.colcon_core.package_identification:_identify(/home/jv_costa/Cerise/Manipulator/arduinobot_ws/src/arduinobot_bringup) by extensions ['colcon_meta']
[0.398s] Level 1:colcon.colcon_core.package_identification:_identify(/home/jv_costa/Cerise/Manipulator/arduinobot_ws/src/arduinobot_bringup) by extension 'colcon_meta'
[0.398s] Level 1:colcon.colcon_core.package_identification:_identify(/home/jv_costa/Cerise/Manipulator/arduinobot_ws/src/arduinobot_bringup) by extensions ['ros']
[0.398s] Level 1:colcon.colcon_core.package_identification:_identify(/home/jv_costa/Cerise/Manipulator/arduinobot_ws/src/arduinobot_bringup) by extension 'ros'
[0.401s] DEBUG:colcon.colcon_core.package_identification:Package '/home/jv_costa/Cerise/Manipulator/arduinobot_ws/src/arduinobot_bringup' with type 'ros.ament_cmake' and name 'arduinobot_bringup'
[0.402s] Level 1:colcon.colcon_core.package_identification:_identify(/home/jv_costa/Cerise/Manipulator/arduinobot_ws/src/arduinobot_controller) by extensions ['ignore', 'ignore_ament_install']
[0.402s] Level 1:colcon.colcon_core.package_identification:_identify(/home/jv_costa/Cerise/Manipulator/arduinobot_ws/src/arduinobot_controller) by extension 'ignore'
[0.402s] Level 1:colcon.colcon_core.package_identification:_identify(/home/jv_costa/Cerise/Manipulator/arduinobot_ws/src/arduinobot_controller) by extension 'ignore_ament_install'
[0.402s] Level 1:colcon.colcon_core.package_identification:_identify(/home/jv_costa/Cerise/Manipulator/arduinobot_ws/src/arduinobot_controller) by extensions ['colcon_pkg']
[0.402s] Level 1:colcon.colcon_core.package_identification:_identify(/home/jv_costa/Cerise/Manipulator/arduinobot_ws/src/arduinobot_controller) by extension 'colcon_pkg'
[0.402s] Level 1:colcon.colcon_core.package_identification:_identify(/home/jv_costa/Cerise/Manipulator/arduinobot_ws/src/arduinobot_controller) by extensions ['colcon_meta']
[0.402s] Level 1:colcon.colcon_core.package_identification:_identify(/home/jv_costa/Cerise/Manipulator/arduinobot_ws/src/arduinobot_controller) by extension 'colcon_meta'
[0.402s] Level 1:colcon.colcon_core.package_identification:_identify(/home/jv_costa/Cerise/Manipulator/arduinobot_ws/src/arduinobot_controller) by extensions ['ros']
[0.402s] Level 1:colcon.colcon_core.package_identification:_identify(/home/jv_costa/Cerise/Manipulator/arduinobot_ws/src/arduinobot_controller) by extension 'ros'
[0.403s] DEBUG:colcon.colcon_core.package_identification:Package '/home/jv_costa/Cerise/Manipulator/arduinobot_ws/src/arduinobot_controller' with type 'ros.ament_cmake' and name 'arduinobot_controller'
[0.404s] Level 1:colcon.colcon_core.package_identification:_identify(/home/jv_costa/Cerise/Manipulator/arduinobot_ws/src/arduinobot_cpp_examples) by extensions ['ignore', 'ignore_ament_install']
[0.404s] Level 1:colcon.colcon_core.package_identification:_identify(/home/jv_costa/Cerise/Manipulator/arduinobot_ws/src/arduinobot_cpp_examples) by extension 'ignore'
[0.404s] Level 1:colcon.colcon_core.package_identification:_identify(/home/jv_costa/Cerise/Manipulator/arduinobot_ws/src/arduinobot_cpp_examples) by extension 'ignore_ament_install'
[0.404s] Level 1:colcon.colcon_core.package_identification:_identify(/home/jv_costa/Cerise/Manipulator/arduinobot_ws/src/arduinobot_cpp_examples) by extensions ['colcon_pkg']
[0.404s] Level 1:colcon.colcon_core.package_identification:_identify(/home/jv_costa/Cerise/Manipulator/arduinobot_ws/src/arduinobot_cpp_examples) by extension 'colcon_pkg'
[0.404s] Level 1:colcon.colcon_core.package_identification:_identify(/home/jv_costa/Cerise/Manipulator/arduinobot_ws/src/arduinobot_cpp_examples) by extensions ['colcon_meta']
[0.404s] Level 1:colcon.colcon_core.package_identification:_identify(/home/jv_costa/Cerise/Manipulator/arduinobot_ws/src/arduinobot_cpp_examples) by extension 'colcon_meta'
[0.404s] Level 1:colcon.colcon_core.package_identification:_identify(/home/jv_costa/Cerise/Manipulator/arduinobot_ws/src/arduinobot_cpp_examples) by extensions ['ros']
[0.404s] Level 1:colcon.colcon_core.package_identification:_identify(/home/jv_costa/Cerise/Manipulator/arduinobot_ws/src/arduinobot_cpp_examples) by extension 'ros'
[0.405s] DEBUG:colcon.colcon_core.package_identification:Package '/home/jv_costa/Cerise/Manipulator/arduinobot_ws/src/arduinobot_cpp_examples' with type 'ros.ament_cmake' and name 'arduinobot_cpp_examples'
[0.405s] Level 1:colcon.colcon_core.package_identification:_identify(/home/jv_costa/Cerise/Manipulator/arduinobot_ws/src/arduinobot_description) by extensions ['ignore', 'ignore_ament_install']
[0.405s] Level 1:colcon.colcon_core.package_identification:_identify(/home/jv_costa/Cerise/Manipulator/arduinobot_ws/src/arduinobot_description) by extension 'ignore'
[0.405s] Level 1:colcon.colcon_core.package_identification:_identify(/home/jv_costa/Cerise/Manipulator/arduinobot_ws/src/arduinobot_description) by extension 'ignore_ament_install'
[0.405s] Level 1:colcon.colcon_core.package_identification:_identify(/home/jv_costa/Cerise/Manipulator/arduinobot_ws/src/arduinobot_description) by extensions ['colcon_pkg']
[0.405s] Level 1:colcon.colcon_core.package_identification:_identify(/home/jv_costa/Cerise/Manipulator/arduinobot_ws/src/arduinobot_description) by extension 'colcon_pkg'
[0.405s] Level 1:colcon.colcon_core.package_identification:_identify(/home/jv_costa/Cerise/Manipulator/arduinobot_ws/src/arduinobot_description) by extensions ['colcon_meta']
[0.405s] Level 1:colcon.colcon_core.package_identification:_identify(/home/jv_costa/Cerise/Manipulator/arduinobot_ws/src/arduinobot_description) by extension 'colcon_meta'
[0.405s] Level 1:colcon.colcon_core.package_identification:_identify(/home/jv_costa/Cerise/Manipulator/arduinobot_ws/src/arduinobot_description) by extensions ['ros']
[0.405s] Level 1:colcon.colcon_core.package_identification:_identify(/home/jv_costa/Cerise/Manipulator/arduinobot_ws/src/arduinobot_description) by extension 'ros'
[0.406s] DEBUG:colcon.colcon_core.package_identification:Package '/home/jv_costa/Cerise/Manipulator/arduinobot_ws/src/arduinobot_description' with type 'ros.ament_cmake' and name 'arduinobot_description'
[0.406s] Level 1:colcon.colcon_core.package_identification:_identify(/home/jv_costa/Cerise/Manipulator/arduinobot_ws/src/arduinobot_firmware) by extensions ['ignore', 'ignore_ament_install']
[0.406s] Level 1:colcon.colcon_core.package_identification:_identify(/home/jv_costa/Cerise/Manipulator/arduinobot_ws/src/arduinobot_firmware) by extension 'ignore'
[0.406s] Level 1:colcon.colcon_core.package_identification:_identify(/home/jv_costa/Cerise/Manipulator/arduinobot_ws/src/arduinobot_firmware) by extension 'ignore_ament_install'
[0.406s] Level 1:colcon.colcon_core.package_identification:_identify(/home/jv_costa/Cerise/Manipulator/arduinobot_ws/src/arduinobot_firmware) by extensions ['colcon_pkg']
[0.406s] Level 1:colcon.colcon_core.package_identification:_identify(/home/jv_costa/Cerise/Manipulator/arduinobot_ws/src/arduinobot_firmware) by extension 'colcon_pkg'
[0.407s] Level 1:colcon.colcon_core.package_identification:_identify(/home/jv_costa/Cerise/Manipulator/arduinobot_ws/src/arduinobot_firmware) by extensions ['colcon_meta']
[0.407s] Level 1:colcon.colcon_core.package_identification:_identify(/home/jv_costa/Cerise/Manipulator/arduinobot_ws/src/arduinobot_firmware) by extension 'colcon_meta'
[0.407s] Level 1:colcon.colcon_core.package_identification:_identify(/home/jv_costa/Cerise/Manipulator/arduinobot_ws/src/arduinobot_firmware) by extensions ['ros']
[0.407s] Level 1:colcon.colcon_core.package_identification:_identify(/home/jv_costa/Cerise/Manipulator/arduinobot_ws/src/arduinobot_firmware) by extension 'ros'
[0.407s] DEBUG:colcon.colcon_core.package_identification:Package '/home/jv_costa/Cerise/Manipulator/arduinobot_ws/src/arduinobot_firmware' with type 'ros.ament_cmake' and name 'arduinobot_firmware'
[0.408s] Level 1:colcon.colcon_core.package_identification:_identify(/home/jv_costa/Cerise/Manipulator/arduinobot_ws/src/arduinobot_moveit) by extensions ['ignore', 'ignore_ament_install']
[0.408s] Level 1:colcon.colcon_core.package_identification:_identify(/home/jv_costa/Cerise/Manipulator/arduinobot_ws/src/arduinobot_moveit) by extension 'ignore'
[0.408s] Level 1:colcon.colcon_core.package_identification:_identify(/home/jv_costa/Cerise/Manipulator/arduinobot_ws/src/arduinobot_moveit) by extension 'ignore_ament_install'
[0.408s] Level 1:colcon.colcon_core.package_identification:_identify(/home/jv_costa/Cerise/Manipulator/arduinobot_ws/src/arduinobot_moveit) by extensions ['colcon_pkg']
[0.408s] Level 1:colcon.colcon_core.package_identification:_identify(/home/jv_costa/Cerise/Manipulator/arduinobot_ws/src/arduinobot_moveit) by extension 'colcon_pkg'
[0.408s] Level 1:colcon.colcon_core.package_identification:_identify(/home/jv_costa/Cerise/Manipulator/arduinobot_ws/src/arduinobot_moveit) by extensions ['colcon_meta']
[0.408s] Level 1:colcon.colcon_core.package_identification:_identify(/home/jv_costa/Cerise/Manipulator/arduinobot_ws/src/arduinobot_moveit) by extension 'colcon_meta'
[0.408s] Level 1:colcon.colcon_core.package_identification:_identify(/home/jv_costa/Cerise/Manipulator/arduinobot_ws/src/arduinobot_moveit) by extensions ['ros']
[0.408s] Level 1:colcon.colcon_core.package_identification:_identify(/home/jv_costa/Cerise/Manipulator/arduinobot_ws/src/arduinobot_moveit) by extension 'ros'
[0.409s] DEBUG:colcon.colcon_core.package_identification:Package '/home/jv_costa/Cerise/Manipulator/arduinobot_ws/src/arduinobot_moveit' with type 'ros.ament_cmake' and name 'arduinobot_moveit'
[0.409s] Level 1:colcon.colcon_core.package_identification:_identify(/home/jv_costa/Cerise/Manipulator/arduinobot_ws/src/arduinobot_msgs) by extensions ['ignore', 'ignore_ament_install']
[0.409s] Level 1:colcon.colcon_core.package_identification:_identify(/home/jv_costa/Cerise/Manipulator/arduinobot_ws/src/arduinobot_msgs) by extension 'ignore'
[0.409s] Level 1:colcon.colcon_core.package_identification:_identify(/home/jv_costa/Cerise/Manipulator/arduinobot_ws/src/arduinobot_msgs) by extension 'ignore_ament_install'
[0.409s] Level 1:colcon.colcon_core.package_identification:_identify(/home/jv_costa/Cerise/Manipulator/arduinobot_ws/src/arduinobot_msgs) by extensions ['colcon_pkg']
[0.409s] Level 1:colcon.colcon_core.package_identification:_identify(/home/jv_costa/Cerise/Manipulator/arduinobot_ws/src/arduinobot_msgs) by extension 'colcon_pkg'
[0.409s] Level 1:colcon.colcon_core.package_identification:_identify(/home/jv_costa/Cerise/Manipulator/arduinobot_ws/src/arduinobot_msgs) by extensions ['colcon_meta']
[0.409s] Level 1:colcon.colcon_core.package_identification:_identify(/home/jv_costa/Cerise/Manipulator/arduinobot_ws/src/arduinobot_msgs) by extension 'colcon_meta'
[0.409s] Level 1:colcon.colcon_core.package_identification:_identify(/home/jv_costa/Cerise/Manipulator/arduinobot_ws/src/arduinobot_msgs) by extensions ['ros']
[0.409s] Level 1:colcon.colcon_core.package_identification:_identify(/home/jv_costa/Cerise/Manipulator/arduinobot_ws/src/arduinobot_msgs) by extension 'ros'
[0.410s] DEBUG:colcon.colcon_core.package_identification:Package '/home/jv_costa/Cerise/Manipulator/arduinobot_ws/src/arduinobot_msgs' with type 'ros.ament_cmake' and name 'arduinobot_msgs'
[0.410s] Level 1:colcon.colcon_core.package_identification:_identify(/home/jv_costa/Cerise/Manipulator/arduinobot_ws/src/arduinobot_py_examples) by extensions ['ignore', 'ignore_ament_install']
[0.410s] Level 1:colcon.colcon_core.package_identification:_identify(/home/jv_costa/Cerise/Manipulator/arduinobot_ws/src/arduinobot_py_examples) by extension 'ignore'
[0.410s] Level 1:colcon.colcon_core.package_identification:_identify(/home/jv_costa/Cerise/Manipulator/arduinobot_ws/src/arduinobot_py_examples) by extension 'ignore_ament_install'
[0.410s] Level 1:colcon.colcon_core.package_identification:_identify(/home/jv_costa/Cerise/Manipulator/arduinobot_ws/src/arduinobot_py_examples) by extensions ['colcon_pkg']
[0.410s] Level 1:colcon.colcon_core.package_identification:_identify(/home/jv_costa/Cerise/Manipulator/arduinobot_ws/src/arduinobot_py_examples) by extension 'colcon_pkg'
[0.410s] Level 1:colcon.colcon_core.package_identification:_identify(/home/jv_costa/Cerise/Manipulator/arduinobot_ws/src/arduinobot_py_examples) by extensions ['colcon_meta']
[0.410s] Level 1:colcon.colcon_core.package_identification:_identify(/home/jv_costa/Cerise/Manipulator/arduinobot_ws/src/arduinobot_py_examples) by extension 'colcon_meta'
[0.410s] Level 1:colcon.colcon_core.package_identification:_identify(/home/jv_costa/Cerise/Manipulator/arduinobot_ws/src/arduinobot_py_examples) by extensions ['ros']
[0.410s] Level 1:colcon.colcon_core.package_identification:_identify(/home/jv_costa/Cerise/Manipulator/arduinobot_ws/src/arduinobot_py_examples) by extension 'ros'
[0.411s] DEBUG:colcon.colcon_core.package_identification:Package '/home/jv_costa/Cerise/Manipulator/arduinobot_ws/src/arduinobot_py_examples' with type 'ros.ament_python' and name 'arduinobot_py_examples'
[0.411s] Level 1:colcon.colcon_core.package_identification:_identify(/home/jv_costa/Cerise/Manipulator/arduinobot_ws/src/arduinobot_remote) by extensions ['ignore', 'ignore_ament_install']
[0.411s] Level 1:colcon.colcon_core.package_identification:_identify(/home/jv_costa/Cerise/Manipulator/arduinobot_ws/src/arduinobot_remote) by extension 'ignore'
[0.411s] Level 1:colcon.colcon_core.package_identification:_identify(/home/jv_costa/Cerise/Manipulator/arduinobot_ws/src/arduinobot_remote) by extension 'ignore_ament_install'
[0.411s] Level 1:colcon.colcon_core.package_identification:_identify(/home/jv_costa/Cerise/Manipulator/arduinobot_ws/src/arduinobot_remote) by extensions ['colcon_pkg']
[0.411s] Level 1:colcon.colcon_core.package_identification:_identify(/home/jv_costa/Cerise/Manipulator/arduinobot_ws/src/arduinobot_remote) by extension 'colcon_pkg'
[0.411s] Level 1:colcon.colcon_core.package_identification:_identify(/home/jv_costa/Cerise/Manipulator/arduinobot_ws/src/arduinobot_remote) by extensions ['colcon_meta']
[0.411s] Level 1:colcon.colcon_core.package_identification:_identify(/home/jv_costa/Cerise/Manipulator/arduinobot_ws/src/arduinobot_remote) by extension 'colcon_meta'
[0.411s] Level 1:colcon.colcon_core.package_identification:_identify(/home/jv_costa/Cerise/Manipulator/arduinobot_ws/src/arduinobot_remote) by extensions ['ros']
[0.411s] Level 1:colcon.colcon_core.package_identification:_identify(/home/jv_costa/Cerise/Manipulator/arduinobot_ws/src/arduinobot_remote) by extension 'ros'
[0.412s] DEBUG:colcon.colcon_core.package_identification:Package '/home/jv_costa/Cerise/Manipulator/arduinobot_ws/src/arduinobot_remote' with type 'ros.ament_cmake' and name 'arduinobot_remote'
[0.412s] Level 1:colcon.colcon_core.package_identification:_identify(/home/jv_costa/Cerise/Manipulator/arduinobot_ws/src/arduinobot_utils) by extensions ['ignore', 'ignore_ament_install']
[0.412s] Level 1:colcon.colcon_core.package_identification:_identify(/home/jv_costa/Cerise/Manipulator/arduinobot_ws/src/arduinobot_utils) by extension 'ignore'
[0.413s] Level 1:colcon.colcon_core.package_identification:_identify(/home/jv_costa/Cerise/Manipulator/arduinobot_ws/src/arduinobot_utils) by extension 'ignore_ament_install'
[0.413s] Level 1:colcon.colcon_core.package_identification:_identify(/home/jv_costa/Cerise/Manipulator/arduinobot_ws/src/arduinobot_utils) by extensions ['colcon_pkg']
[0.413s] Level 1:colcon.colcon_core.package_identification:_identify(/home/jv_costa/Cerise/Manipulator/arduinobot_ws/src/arduinobot_utils) by extension 'colcon_pkg'
[0.413s] Level 1:colcon.colcon_core.package_identification:_identify(/home/jv_costa/Cerise/Manipulator/arduinobot_ws/src/arduinobot_utils) by extensions ['colcon_meta']
[0.413s] Level 1:colcon.colcon_core.package_identification:_identify(/home/jv_costa/Cerise/Manipulator/arduinobot_ws/src/arduinobot_utils) by extension 'colcon_meta'
[0.413s] Level 1:colcon.colcon_core.package_identification:_identify(/home/jv_costa/Cerise/Manipulator/arduinobot_ws/src/arduinobot_utils) by extensions ['ros']
[0.413s] Level 1:colcon.colcon_core.package_identification:_identify(/home/jv_costa/Cerise/Manipulator/arduinobot_ws/src/arduinobot_utils) by extension 'ros'
[0.414s] DEBUG:colcon.colcon_core.package_identification:Package '/home/jv_costa/Cerise/Manipulator/arduinobot_ws/src/arduinobot_utils' with type 'ros.ament_cmake' and name 'arduinobot_utils'
[0.414s] Level 1:colcon.colcon_core.package_discovery:discover_packages(recursive) using defaults
