[0.019s] Invoking command in '/home/jv_costa/Cerise/Manipulator/arduinobot_ws/build/arduinobot_cpp_examples': AMENT_PREFIX_PATH=/home/jv_costa/Cerise/Manipulator/arduinobot_ws/install/arduinobot_msgs:${AMENT_PREFIX_PATH} CMAKE_PREFIX_PATH=/home/jv_costa/Cerise/Manipulator/arduinobot_ws/install/arduinobot_msgs:/home/jv_costa/ldlidar_ros2_ws/install/ldlidar_stl_ros2:/home/jv_costa/interbotix_ws/install/interbotix_ros_xsarms_examples:/home/jv_costa/interbotix_ws/install/interbotix_xsarm_moveit_interface:/home/jv_costa/interbotix_ws/install/interbotix_moveit_interface:/home/jv_costa/interbotix_ws/install/moveit_visual_tools:/home/jv_costa/interbotix_ws/install/interbotix_ros_xsarms:/home/jv_costa/interbotix_ws/install/interbotix_xsarm_moveit:/home/jv_costa/interbotix_ws/install/interbotix_xsarm_sim:/home/jv_costa/interbotix_ws/install/interbotix_xsarm_ros_control:/home/jv_costa/interbotix_ws/install/interbotix_xsarm_puppet:/home/jv_costa/interbotix_ws/install/interbotix_xsarm_perception:/home/jv_costa/interbotix_ws/install/interbotix_xsarm_joy:/home/jv_costa/interbotix_ws/install/interbotix_xsarm_dual:/home/jv_costa/interbotix_ws/install/interbotix_xsarm_control:/home/jv_costa/interbotix_ws/install/interbotix_xsarm_descriptions:/home/jv_costa/interbotix_ws/install/interbotix_xs_toolbox:/home/jv_costa/interbotix_ws/install/interbotix_xs_rviz:/home/jv_costa/interbotix_ws/install/interbotix_ros_xseries:/home/jv_costa/interbotix_ws/install/interbotix_xs_sdk:/home/jv_costa/interbotix_ws/install/interbotix_xs_ros_control:/home/jv_costa/interbotix_ws/install/interbotix_perception_toolbox:/home/jv_costa/interbotix_ws/install/interbotix_perception_pipelines:/home/jv_costa/interbotix_ws/install/interbotix_xs_msgs:/home/jv_costa/interbotix_ws/install/interbotix_xs_driver:/home/jv_costa/interbotix_ws/install/interbotix_tf_tools:/home/jv_costa/interbotix_ws/install/interbotix_perception_msgs:/home/jv_costa/interbotix_ws/install/interbotix_moveit_interface_msgs:/home/jv_costa/interbotix_ws/install/interbotix_common_toolbox:/home/jv_costa/interbotix_ws/install/interbotix_common_sim:/home/jv_costa/interbotix_ws/install/dynamixel_workbench_toolbox:/home/jv_costa/apriltag_ws/install/apriltag_ros:/home/jv_costa/interbotix_ws/install/interbotix_xs_modules:/home/jv_costa/interbotix_ws/install/interbotix_perception_modules:/home/jv_costa/interbotix_ws/install/interbotix_common_modules:/opt/ros/humble LD_LIBRARY_PATH=/home/jv_costa/Cerise/Manipulator/arduinobot_ws/install/arduinobot_msgs/lib:${LD_LIBRARY_PATH} PYTHONPATH=/home/jv_costa/Cerise/Manipulator/arduinobot_ws/install/arduinobot_msgs/local/lib/python3.10/dist-packages:${PYTHONPATH} /usr/bin/cmake /home/jv_costa/Cerise/Manipulator/arduinobot_ws/src/arduinobot_cpp_examples -DCMAKE_INSTALL_PREFIX=/home/jv_costa/Cerise/Manipulator/arduinobot_ws/install/arduinobot_cpp_examples
[0.220s] -- The C compiler identification is GNU 11.4.0
[0.220s] -- The CXX compiler identification is GNU 11.4.0
[0.220s] -- Detecting C compiler ABI info
[0.220s] -- Detecting C compiler ABI info - done
[0.220s] -- Check for working C compiler: /usr/bin/cc - skipped
[0.220s] -- Detecting C compile features
[0.220s] -- Detecting C compile features - done
[0.220s] -- Detecting CXX compiler ABI info
[0.221s] -- Detecting CXX compiler ABI info - done
[0.221s] -- Check for working CXX compiler: /usr/bin/c++ - skipped
[0.221s] -- Detecting CXX compile features
[0.221s] -- Detecting CXX compile features - done
[0.223s] -- Found ament_cmake: 1.3.10 (/opt/ros/humble/share/ament_cmake/cmake)
[0.352s] -- Found Python3: /usr/bin/python3 (found version "3.10.12") found components: Interpreter 
[0.457s] -- Found rclcpp: 16.0.10 (/opt/ros/humble/share/rclcpp/cmake)
[0.511s] -- Found rosidl_generator_c: 3.1.5 (/opt/ros/humble/share/rosidl_generator_c/cmake)
[0.518s] -- Found rosidl_adapter: 3.1.5 (/opt/ros/humble/share/rosidl_adapter/cmake)
[0.528s] -- Found rosidl_generator_cpp: 3.1.5 (/opt/ros/humble/share/rosidl_generator_cpp/cmake)
[0.542s] -- Using all available rosidl_typesupport_c: rosidl_typesupport_fastrtps_c;rosidl_typesupport_introspection_c
[0.561s] -- Using all available rosidl_typesupport_cpp: rosidl_typesupport_fastrtps_cpp;rosidl_typesupport_introspection_cpp
[0.614s] -- Found rmw_implementation_cmake: 6.1.2 (/opt/ros/humble/share/rmw_implementation_cmake/cmake)
[0.619s] -- Found rmw_fastrtps_cpp: 6.2.7 (/opt/ros/humble/share/rmw_fastrtps_cpp/cmake)
[0.699s] -- Found OpenSSL: /usr/lib/x86_64-linux-gnu/libcrypto.so (found version "3.0.2")  
[0.726s] -- Found FastRTPS: /opt/ros/humble/include  
[0.764s] -- Using RMW implementation 'rmw_fastrtps_cpp' as default
[0.776s] -- Looking for pthread.h
[0.830s] -- Looking for pthread.h - found
[0.831s] -- Performing Test CMAKE_HAVE_LIBC_PTHREAD
[0.886s] -- Performing Test CMAKE_HAVE_LIBC_PTHREAD - Success
[0.887s] -- Found Threads: TRUE  
[0.932s] -- Found arduinobot_msgs: 0.0.0 (/home/jv_costa/Cerise/Manipulator/arduinobot_ws/install/arduinobot_msgs/share/arduinobot_msgs/cmake)
[0.967s] -- Found rclcpp_action: 16.0.10 (/opt/ros/humble/share/rclcpp_action/cmake)
[0.980s] -- Found rclcpp_components: 16.0.10 (/opt/ros/humble/share/rclcpp_components/cmake)
[1.012s] -- Found moveit_ros_planning_interface: 2.5.5 (/opt/ros/humble/share/moveit_ros_planning_interface/cmake)
[1.054s] -- Found Boost: /usr/lib/x86_64-linux-gnu/cmake/Boost-1.74.0/BoostConfig.cmake (found version "1.74.0") found components: date_time filesystem program_options system thread 
[1.199s] -- Found Boost: /usr/lib/x86_64-linux-gnu/cmake/Boost-1.74.0/BoostConfig.cmake (found version "1.74.0") found components: chrono date_time filesystem iostreams program_options regex serialization system thread 
[1.219s] -- Found parameter_traits: 0.3.8 (/opt/ros/humble/share/parameter_traits/cmake)
[1.248s] -- Found rclcpp_lifecycle: 16.0.10 (/opt/ros/humble/share/rclcpp_lifecycle/cmake)
[1.273s] -- Found Boost: /usr/lib/x86_64-linux-gnu/cmake/Boost-1.74.0/BoostConfig.cmake (found version "1.74.0") found components: filesystem 
[1.357s] -- library: /usr/lib/x86_64-linux-gnu/libcurl.so
[1.394s] -- Found Eigen3: TRUE (found version "3.4.0") 
[1.394s] -- Ensuring Eigen3 include directory is part of orocos-kdl CMake target
[1.525s] -- Found Boost: /usr/lib/x86_64-linux-gnu/cmake/Boost-1.74.0/BoostConfig.cmake (found version "1.74.0") found components: system filesystem date_time program_options thread chrono 
[1.557s] -- Found Boost: /usr/lib/x86_64-linux-gnu/cmake/Boost-1.74.0/BoostConfig.cmake (found version "1.74.0") found components: thread system filesystem regex date_time program_options 
[1.579s] -- Found Boost: /usr/lib/x86_64-linux-gnu/cmake/Boost-1.74.0/BoostConfig.cmake (found version "1.74.0") found components: system filesystem date_time program_options thread 
[1.676s] -- Configuring done
[1.726s] -- Generating done
[1.728s] -- Build files have been written to: /home/jv_costa/Cerise/Manipulator/arduinobot_ws/build/arduinobot_cpp_examples
[1.739s] Invoked command in '/home/jv_costa/Cerise/Manipulator/arduinobot_ws/build/arduinobot_cpp_examples' returned '0': AMENT_PREFIX_PATH=/home/jv_costa/Cerise/Manipulator/arduinobot_ws/install/arduinobot_msgs:${AMENT_PREFIX_PATH} CMAKE_PREFIX_PATH=/home/jv_costa/Cerise/Manipulator/arduinobot_ws/install/arduinobot_msgs:/home/jv_costa/ldlidar_ros2_ws/install/ldlidar_stl_ros2:/home/jv_costa/interbotix_ws/install/interbotix_ros_xsarms_examples:/home/jv_costa/interbotix_ws/install/interbotix_xsarm_moveit_interface:/home/jv_costa/interbotix_ws/install/interbotix_moveit_interface:/home/jv_costa/interbotix_ws/install/moveit_visual_tools:/home/jv_costa/interbotix_ws/install/interbotix_ros_xsarms:/home/jv_costa/interbotix_ws/install/interbotix_xsarm_moveit:/home/jv_costa/interbotix_ws/install/interbotix_xsarm_sim:/home/jv_costa/interbotix_ws/install/interbotix_xsarm_ros_control:/home/jv_costa/interbotix_ws/install/interbotix_xsarm_puppet:/home/jv_costa/interbotix_ws/install/interbotix_xsarm_perception:/home/jv_costa/interbotix_ws/install/interbotix_xsarm_joy:/home/jv_costa/interbotix_ws/install/interbotix_xsarm_dual:/home/jv_costa/interbotix_ws/install/interbotix_xsarm_control:/home/jv_costa/interbotix_ws/install/interbotix_xsarm_descriptions:/home/jv_costa/interbotix_ws/install/interbotix_xs_toolbox:/home/jv_costa/interbotix_ws/install/interbotix_xs_rviz:/home/jv_costa/interbotix_ws/install/interbotix_ros_xseries:/home/jv_costa/interbotix_ws/install/interbotix_xs_sdk:/home/jv_costa/interbotix_ws/install/interbotix_xs_ros_control:/home/jv_costa/interbotix_ws/install/interbotix_perception_toolbox:/home/jv_costa/interbotix_ws/install/interbotix_perception_pipelines:/home/jv_costa/interbotix_ws/install/interbotix_xs_msgs:/home/jv_costa/interbotix_ws/install/interbotix_xs_driver:/home/jv_costa/interbotix_ws/install/interbotix_tf_tools:/home/jv_costa/interbotix_ws/install/interbotix_perception_msgs:/home/jv_costa/interbotix_ws/install/interbotix_moveit_interface_msgs:/home/jv_costa/interbotix_ws/install/interbotix_common_toolbox:/home/jv_costa/interbotix_ws/install/interbotix_common_sim:/home/jv_costa/interbotix_ws/install/dynamixel_workbench_toolbox:/home/jv_costa/apriltag_ws/install/apriltag_ros:/home/jv_costa/interbotix_ws/install/interbotix_xs_modules:/home/jv_costa/interbotix_ws/install/interbotix_perception_modules:/home/jv_costa/interbotix_ws/install/interbotix_common_modules:/opt/ros/humble LD_LIBRARY_PATH=/home/jv_costa/Cerise/Manipulator/arduinobot_ws/install/arduinobot_msgs/lib:${LD_LIBRARY_PATH} PYTHONPATH=/home/jv_costa/Cerise/Manipulator/arduinobot_ws/install/arduinobot_msgs/local/lib/python3.10/dist-packages:${PYTHONPATH} /usr/bin/cmake /home/jv_costa/Cerise/Manipulator/arduinobot_ws/src/arduinobot_cpp_examples -DCMAKE_INSTALL_PREFIX=/home/jv_costa/Cerise/Manipulator/arduinobot_ws/install/arduinobot_cpp_examples
[1.741s] Invoking command in '/home/jv_costa/Cerise/Manipulator/arduinobot_ws/build/arduinobot_cpp_examples': AMENT_PREFIX_PATH=/home/jv_costa/Cerise/Manipulator/arduinobot_ws/install/arduinobot_msgs:${AMENT_PREFIX_PATH} CMAKE_PREFIX_PATH=/home/jv_costa/Cerise/Manipulator/arduinobot_ws/install/arduinobot_msgs:/home/jv_costa/ldlidar_ros2_ws/install/ldlidar_stl_ros2:/home/jv_costa/interbotix_ws/install/interbotix_ros_xsarms_examples:/home/jv_costa/interbotix_ws/install/interbotix_xsarm_moveit_interface:/home/jv_costa/interbotix_ws/install/interbotix_moveit_interface:/home/jv_costa/interbotix_ws/install/moveit_visual_tools:/home/jv_costa/interbotix_ws/install/interbotix_ros_xsarms:/home/jv_costa/interbotix_ws/install/interbotix_xsarm_moveit:/home/jv_costa/interbotix_ws/install/interbotix_xsarm_sim:/home/jv_costa/interbotix_ws/install/interbotix_xsarm_ros_control:/home/jv_costa/interbotix_ws/install/interbotix_xsarm_puppet:/home/jv_costa/interbotix_ws/install/interbotix_xsarm_perception:/home/jv_costa/interbotix_ws/install/interbotix_xsarm_joy:/home/jv_costa/interbotix_ws/install/interbotix_xsarm_dual:/home/jv_costa/interbotix_ws/install/interbotix_xsarm_control:/home/jv_costa/interbotix_ws/install/interbotix_xsarm_descriptions:/home/jv_costa/interbotix_ws/install/interbotix_xs_toolbox:/home/jv_costa/interbotix_ws/install/interbotix_xs_rviz:/home/jv_costa/interbotix_ws/install/interbotix_ros_xseries:/home/jv_costa/interbotix_ws/install/interbotix_xs_sdk:/home/jv_costa/interbotix_ws/install/interbotix_xs_ros_control:/home/jv_costa/interbotix_ws/install/interbotix_perception_toolbox:/home/jv_costa/interbotix_ws/install/interbotix_perception_pipelines:/home/jv_costa/interbotix_ws/install/interbotix_xs_msgs:/home/jv_costa/interbotix_ws/install/interbotix_xs_driver:/home/jv_costa/interbotix_ws/install/interbotix_tf_tools:/home/jv_costa/interbotix_ws/install/interbotix_perception_msgs:/home/jv_costa/interbotix_ws/install/interbotix_moveit_interface_msgs:/home/jv_costa/interbotix_ws/install/interbotix_common_toolbox:/home/jv_costa/interbotix_ws/install/interbotix_common_sim:/home/jv_costa/interbotix_ws/install/dynamixel_workbench_toolbox:/home/jv_costa/apriltag_ws/install/apriltag_ros:/home/jv_costa/interbotix_ws/install/interbotix_xs_modules:/home/jv_costa/interbotix_ws/install/interbotix_perception_modules:/home/jv_costa/interbotix_ws/install/interbotix_common_modules:/opt/ros/humble LD_LIBRARY_PATH=/home/jv_costa/Cerise/Manipulator/arduinobot_ws/install/arduinobot_msgs/lib:${LD_LIBRARY_PATH} PYTHONPATH=/home/jv_costa/Cerise/Manipulator/arduinobot_ws/install/arduinobot_msgs/local/lib/python3.10/dist-packages:${PYTHONPATH} /usr/bin/cmake --build /home/jv_costa/Cerise/Manipulator/arduinobot_ws/build/arduinobot_cpp_examples -- -j16 -l16
[1.788s] [  9%] [32mBuilding CXX object CMakeFiles/simple_action_server.dir/src/simple_action_server.cpp.o[0m
[1.788s] [  9%] [32mBuilding CXX object CMakeFiles/simple_parameter.dir/src/simple_parameter.cpp.o[0m
[1.788s] [ 18%] [32mBuilding CXX object CMakeFiles/simple_subscriber.dir/src/simple_subscriber.cpp.o[0m
[1.788s] [ 18%] [32mBuilding CXX object CMakeFiles/simple_publisher.dir/src/simple_publisher.cpp.o[0m
[1.788s] [ 22%] [32mBuilding CXX object CMakeFiles/simple_action_server_node.dir/rclcpp_components/node_main_simple_action_server_node.cpp.o[0m
[1.789s] [ 27%] [32mBuilding CXX object CMakeFiles/simple_service_server.dir/src/simple_service_server.cpp.o[0m
[1.790s] [ 31%] [32mBuilding CXX object CMakeFiles/simple_lifecycle_node.dir/src/simple_lifecycle_node.cpp.o[0m
[1.790s] [ 36%] [32mBuilding CXX object CMakeFiles/simple_action_client_node.dir/rclcpp_components/node_main_simple_action_client_node.cpp.o[0m
[1.791s] [ 40%] [32mBuilding CXX object CMakeFiles/simple_action_client.dir/src/simple_action_client.cpp.o[0m
[1.791s] [ 45%] [32mBuilding CXX object CMakeFiles/simple_moveit_interface.dir/src/simple_moveit_interface.cpp.o[0m
[1.793s] [ 50%] [32mBuilding CXX object CMakeFiles/simple_service_client.dir/src/simple_service_client.cpp.o[0m
[6.029s] [ 54%] [32m[1mLinking CXX executable simple_action_server_node[0m
[6.213s] [ 54%] Built target simple_action_server_node
[6.274s] [ 59%] [32m[1mLinking CXX executable simple_action_client_node[0m
[6.418s] [ 63%] [32m[1mLinking CXX executable simple_service_client[0m
[6.433s] [ 63%] Built target simple_action_client_node
[6.444s] [ 68%] [32m[1mLinking CXX executable simple_parameter[0m
[6.521s] [ 72%] [32m[1mLinking CXX executable simple_service_server[0m
[6.538s] [ 72%] Built target simple_parameter
[6.577s] [ 72%] Built target simple_service_client
[6.709s] [ 72%] Built target simple_service_server
[6.741s] [ 77%] [32m[1mLinking CXX shared library libsimple_action_server.so[0m
[6.858s] [ 77%] Built target simple_action_server
[7.073s] [ 81%] [32m[1mLinking CXX shared library libsimple_action_client.so[0m
[7.200s] [ 81%] Built target simple_action_client
[7.609s] [ 86%] [32m[1mLinking CXX executable simple_publisher[0m
[7.733s] [ 86%] Built target simple_publisher
[9.135s] [ 90%] [32m[1mLinking CXX executable simple_moveit_interface[0m
[9.384s] [ 90%] Built target simple_moveit_interface
[9.628s] [ 95%] [32m[1mLinking CXX executable simple_lifecycle_node[0m
[9.873s] [ 95%] Built target simple_lifecycle_node
[9.937s] [100%] [32m[1mLinking CXX executable simple_subscriber[0m
[10.160s] [100%] Built target simple_subscriber
[10.169s] Invoked command in '/home/jv_costa/Cerise/Manipulator/arduinobot_ws/build/arduinobot_cpp_examples' returned '0': AMENT_PREFIX_PATH=/home/jv_costa/Cerise/Manipulator/arduinobot_ws/install/arduinobot_msgs:${AMENT_PREFIX_PATH} CMAKE_PREFIX_PATH=/home/jv_costa/Cerise/Manipulator/arduinobot_ws/install/arduinobot_msgs:/home/jv_costa/ldlidar_ros2_ws/install/ldlidar_stl_ros2:/home/jv_costa/interbotix_ws/install/interbotix_ros_xsarms_examples:/home/jv_costa/interbotix_ws/install/interbotix_xsarm_moveit_interface:/home/jv_costa/interbotix_ws/install/interbotix_moveit_interface:/home/jv_costa/interbotix_ws/install/moveit_visual_tools:/home/jv_costa/interbotix_ws/install/interbotix_ros_xsarms:/home/jv_costa/interbotix_ws/install/interbotix_xsarm_moveit:/home/jv_costa/interbotix_ws/install/interbotix_xsarm_sim:/home/jv_costa/interbotix_ws/install/interbotix_xsarm_ros_control:/home/jv_costa/interbotix_ws/install/interbotix_xsarm_puppet:/home/jv_costa/interbotix_ws/install/interbotix_xsarm_perception:/home/jv_costa/interbotix_ws/install/interbotix_xsarm_joy:/home/jv_costa/interbotix_ws/install/interbotix_xsarm_dual:/home/jv_costa/interbotix_ws/install/interbotix_xsarm_control:/home/jv_costa/interbotix_ws/install/interbotix_xsarm_descriptions:/home/jv_costa/interbotix_ws/install/interbotix_xs_toolbox:/home/jv_costa/interbotix_ws/install/interbotix_xs_rviz:/home/jv_costa/interbotix_ws/install/interbotix_ros_xseries:/home/jv_costa/interbotix_ws/install/interbotix_xs_sdk:/home/jv_costa/interbotix_ws/install/interbotix_xs_ros_control:/home/jv_costa/interbotix_ws/install/interbotix_perception_toolbox:/home/jv_costa/interbotix_ws/install/interbotix_perception_pipelines:/home/jv_costa/interbotix_ws/install/interbotix_xs_msgs:/home/jv_costa/interbotix_ws/install/interbotix_xs_driver:/home/jv_costa/interbotix_ws/install/interbotix_tf_tools:/home/jv_costa/interbotix_ws/install/interbotix_perception_msgs:/home/jv_costa/interbotix_ws/install/interbotix_moveit_interface_msgs:/home/jv_costa/interbotix_ws/install/interbotix_common_toolbox:/home/jv_costa/interbotix_ws/install/interbotix_common_sim:/home/jv_costa/interbotix_ws/install/dynamixel_workbench_toolbox:/home/jv_costa/apriltag_ws/install/apriltag_ros:/home/jv_costa/interbotix_ws/install/interbotix_xs_modules:/home/jv_costa/interbotix_ws/install/interbotix_perception_modules:/home/jv_costa/interbotix_ws/install/interbotix_common_modules:/opt/ros/humble LD_LIBRARY_PATH=/home/jv_costa/Cerise/Manipulator/arduinobot_ws/install/arduinobot_msgs/lib:${LD_LIBRARY_PATH} PYTHONPATH=/home/jv_costa/Cerise/Manipulator/arduinobot_ws/install/arduinobot_msgs/local/lib/python3.10/dist-packages:${PYTHONPATH} /usr/bin/cmake --build /home/jv_costa/Cerise/Manipulator/arduinobot_ws/build/arduinobot_cpp_examples -- -j16 -l16
[10.235s] Invoking command in '/home/jv_costa/Cerise/Manipulator/arduinobot_ws/build/arduinobot_cpp_examples': AMENT_PREFIX_PATH=/home/jv_costa/Cerise/Manipulator/arduinobot_ws/install/arduinobot_msgs:${AMENT_PREFIX_PATH} CMAKE_PREFIX_PATH=/home/jv_costa/Cerise/Manipulator/arduinobot_ws/install/arduinobot_msgs:/home/jv_costa/ldlidar_ros2_ws/install/ldlidar_stl_ros2:/home/jv_costa/interbotix_ws/install/interbotix_ros_xsarms_examples:/home/jv_costa/interbotix_ws/install/interbotix_xsarm_moveit_interface:/home/jv_costa/interbotix_ws/install/interbotix_moveit_interface:/home/jv_costa/interbotix_ws/install/moveit_visual_tools:/home/jv_costa/interbotix_ws/install/interbotix_ros_xsarms:/home/jv_costa/interbotix_ws/install/interbotix_xsarm_moveit:/home/jv_costa/interbotix_ws/install/interbotix_xsarm_sim:/home/jv_costa/interbotix_ws/install/interbotix_xsarm_ros_control:/home/jv_costa/interbotix_ws/install/interbotix_xsarm_puppet:/home/jv_costa/interbotix_ws/install/interbotix_xsarm_perception:/home/jv_costa/interbotix_ws/install/interbotix_xsarm_joy:/home/jv_costa/interbotix_ws/install/interbotix_xsarm_dual:/home/jv_costa/interbotix_ws/install/interbotix_xsarm_control:/home/jv_costa/interbotix_ws/install/interbotix_xsarm_descriptions:/home/jv_costa/interbotix_ws/install/interbotix_xs_toolbox:/home/jv_costa/interbotix_ws/install/interbotix_xs_rviz:/home/jv_costa/interbotix_ws/install/interbotix_ros_xseries:/home/jv_costa/interbotix_ws/install/interbotix_xs_sdk:/home/jv_costa/interbotix_ws/install/interbotix_xs_ros_control:/home/jv_costa/interbotix_ws/install/interbotix_perception_toolbox:/home/jv_costa/interbotix_ws/install/interbotix_perception_pipelines:/home/jv_costa/interbotix_ws/install/interbotix_xs_msgs:/home/jv_costa/interbotix_ws/install/interbotix_xs_driver:/home/jv_costa/interbotix_ws/install/interbotix_tf_tools:/home/jv_costa/interbotix_ws/install/interbotix_perception_msgs:/home/jv_costa/interbotix_ws/install/interbotix_moveit_interface_msgs:/home/jv_costa/interbotix_ws/install/interbotix_common_toolbox:/home/jv_costa/interbotix_ws/install/interbotix_common_sim:/home/jv_costa/interbotix_ws/install/dynamixel_workbench_toolbox:/home/jv_costa/apriltag_ws/install/apriltag_ros:/home/jv_costa/interbotix_ws/install/interbotix_xs_modules:/home/jv_costa/interbotix_ws/install/interbotix_perception_modules:/home/jv_costa/interbotix_ws/install/interbotix_common_modules:/opt/ros/humble LD_LIBRARY_PATH=/home/jv_costa/Cerise/Manipulator/arduinobot_ws/install/arduinobot_msgs/lib:${LD_LIBRARY_PATH} PYTHONPATH=/home/jv_costa/Cerise/Manipulator/arduinobot_ws/install/arduinobot_msgs/local/lib/python3.10/dist-packages:${PYTHONPATH} /usr/bin/cmake --install /home/jv_costa/Cerise/Manipulator/arduinobot_ws/build/arduinobot_cpp_examples
[10.246s] -- Install configuration: ""
[10.246s] -- Installing: /home/jv_costa/Cerise/Manipulator/arduinobot_ws/install/arduinobot_cpp_examples/lib/arduinobot_cpp_examples/simple_action_server_node
[10.246s] -- Set runtime path of "/home/jv_costa/Cerise/Manipulator/arduinobot_ws/install/arduinobot_cpp_examples/lib/arduinobot_cpp_examples/simple_action_server_node" to ""
[10.246s] -- Installing: /home/jv_costa/Cerise/Manipulator/arduinobot_ws/install/arduinobot_cpp_examples/lib/arduinobot_cpp_examples/simple_action_client_node
[10.247s] -- Set runtime path of "/home/jv_costa/Cerise/Manipulator/arduinobot_ws/install/arduinobot_cpp_examples/lib/arduinobot_cpp_examples/simple_action_client_node" to ""
[10.247s] -- Installing: /home/jv_costa/Cerise/Manipulator/arduinobot_ws/install/arduinobot_cpp_examples/lib/arduinobot_cpp_examples/simple_publisher
[10.248s] -- Set runtime path of "/home/jv_costa/Cerise/Manipulator/arduinobot_ws/install/arduinobot_cpp_examples/lib/arduinobot_cpp_examples/simple_publisher" to ""
[10.248s] -- Installing: /home/jv_costa/Cerise/Manipulator/arduinobot_ws/install/arduinobot_cpp_examples/lib/arduinobot_cpp_examples/simple_subscriber
[10.251s] -- Set runtime path of "/home/jv_costa/Cerise/Manipulator/arduinobot_ws/install/arduinobot_cpp_examples/lib/arduinobot_cpp_examples/simple_subscriber" to ""
[10.251s] -- Installing: /home/jv_costa/Cerise/Manipulator/arduinobot_ws/install/arduinobot_cpp_examples/lib/arduinobot_cpp_examples/simple_parameter
[10.251s] -- Set runtime path of "/home/jv_costa/Cerise/Manipulator/arduinobot_ws/install/arduinobot_cpp_examples/lib/arduinobot_cpp_examples/simple_parameter" to ""
[10.251s] -- Installing: /home/jv_costa/Cerise/Manipulator/arduinobot_ws/install/arduinobot_cpp_examples/lib/arduinobot_cpp_examples/simple_service_server
[10.252s] -- Set runtime path of "/home/jv_costa/Cerise/Manipulator/arduinobot_ws/install/arduinobot_cpp_examples/lib/arduinobot_cpp_examples/simple_service_server" to ""
[10.252s] -- Installing: /home/jv_costa/Cerise/Manipulator/arduinobot_ws/install/arduinobot_cpp_examples/lib/arduinobot_cpp_examples/simple_service_client
[10.252s] -- Set runtime path of "/home/jv_costa/Cerise/Manipulator/arduinobot_ws/install/arduinobot_cpp_examples/lib/arduinobot_cpp_examples/simple_service_client" to ""
[10.252s] -- Installing: /home/jv_costa/Cerise/Manipulator/arduinobot_ws/install/arduinobot_cpp_examples/lib/arduinobot_cpp_examples/simple_moveit_interface
[10.252s] -- Set runtime path of "/home/jv_costa/Cerise/Manipulator/arduinobot_ws/install/arduinobot_cpp_examples/lib/arduinobot_cpp_examples/simple_moveit_interface" to ""
[10.252s] -- Installing: /home/jv_costa/Cerise/Manipulator/arduinobot_ws/install/arduinobot_cpp_examples/lib/arduinobot_cpp_examples/simple_lifecycle_node
[10.254s] -- Set runtime path of "/home/jv_costa/Cerise/Manipulator/arduinobot_ws/install/arduinobot_cpp_examples/lib/arduinobot_cpp_examples/simple_lifecycle_node" to ""
[10.254s] -- Installing: /home/jv_costa/Cerise/Manipulator/arduinobot_ws/install/arduinobot_cpp_examples/lib/libsimple_action_server.so
[10.255s] -- Set runtime path of "/home/jv_costa/Cerise/Manipulator/arduinobot_ws/install/arduinobot_cpp_examples/lib/libsimple_action_server.so" to ""
[10.255s] -- Installing: /home/jv_costa/Cerise/Manipulator/arduinobot_ws/install/arduinobot_cpp_examples/lib/libsimple_action_client.so
[10.256s] -- Set runtime path of "/home/jv_costa/Cerise/Manipulator/arduinobot_ws/install/arduinobot_cpp_examples/lib/libsimple_action_client.so" to ""
[10.257s] -- Installing: /home/jv_costa/Cerise/Manipulator/arduinobot_ws/install/arduinobot_cpp_examples/share/ament_index/resource_index/package_run_dependencies/arduinobot_cpp_examples
[10.257s] -- Installing: /home/jv_costa/Cerise/Manipulator/arduinobot_ws/install/arduinobot_cpp_examples/share/ament_index/resource_index/parent_prefix_path/arduinobot_cpp_examples
[10.257s] -- Installing: /home/jv_costa/Cerise/Manipulator/arduinobot_ws/install/arduinobot_cpp_examples/share/arduinobot_cpp_examples/environment/ament_prefix_path.sh
[10.257s] -- Installing: /home/jv_costa/Cerise/Manipulator/arduinobot_ws/install/arduinobot_cpp_examples/share/arduinobot_cpp_examples/environment/ament_prefix_path.dsv
[10.257s] -- Installing: /home/jv_costa/Cerise/Manipulator/arduinobot_ws/install/arduinobot_cpp_examples/share/arduinobot_cpp_examples/environment/path.sh
[10.257s] -- Installing: /home/jv_costa/Cerise/Manipulator/arduinobot_ws/install/arduinobot_cpp_examples/share/arduinobot_cpp_examples/environment/path.dsv
[10.257s] -- Installing: /home/jv_costa/Cerise/Manipulator/arduinobot_ws/install/arduinobot_cpp_examples/share/arduinobot_cpp_examples/local_setup.bash
[10.257s] -- Installing: /home/jv_costa/Cerise/Manipulator/arduinobot_ws/install/arduinobot_cpp_examples/share/arduinobot_cpp_examples/local_setup.sh
[10.257s] -- Installing: /home/jv_costa/Cerise/Manipulator/arduinobot_ws/install/arduinobot_cpp_examples/share/arduinobot_cpp_examples/local_setup.zsh
[10.257s] -- Installing: /home/jv_costa/Cerise/Manipulator/arduinobot_ws/install/arduinobot_cpp_examples/share/arduinobot_cpp_examples/local_setup.dsv
[10.257s] -- Installing: /home/jv_costa/Cerise/Manipulator/arduinobot_ws/install/arduinobot_cpp_examples/share/arduinobot_cpp_examples/package.dsv
[10.257s] -- Installing: /home/jv_costa/Cerise/Manipulator/arduinobot_ws/install/arduinobot_cpp_examples/share/ament_index/resource_index/packages/arduinobot_cpp_examples
[10.257s] -- Installing: /home/jv_costa/Cerise/Manipulator/arduinobot_ws/install/arduinobot_cpp_examples/share/ament_index/resource_index/rclcpp_components/arduinobot_cpp_examples
[10.257s] -- Installing: /home/jv_costa/Cerise/Manipulator/arduinobot_ws/install/arduinobot_cpp_examples/share/arduinobot_cpp_examples/cmake/arduinobot_cpp_examplesConfig.cmake
[10.257s] -- Installing: /home/jv_costa/Cerise/Manipulator/arduinobot_ws/install/arduinobot_cpp_examples/share/arduinobot_cpp_examples/cmake/arduinobot_cpp_examplesConfig-version.cmake
[10.257s] -- Installing: /home/jv_costa/Cerise/Manipulator/arduinobot_ws/install/arduinobot_cpp_examples/share/arduinobot_cpp_examples/package.xml
[10.259s] Invoked command in '/home/jv_costa/Cerise/Manipulator/arduinobot_ws/build/arduinobot_cpp_examples' returned '0': AMENT_PREFIX_PATH=/home/jv_costa/Cerise/Manipulator/arduinobot_ws/install/arduinobot_msgs:${AMENT_PREFIX_PATH} CMAKE_PREFIX_PATH=/home/jv_costa/Cerise/Manipulator/arduinobot_ws/install/arduinobot_msgs:/home/jv_costa/ldlidar_ros2_ws/install/ldlidar_stl_ros2:/home/jv_costa/interbotix_ws/install/interbotix_ros_xsarms_examples:/home/jv_costa/interbotix_ws/install/interbotix_xsarm_moveit_interface:/home/jv_costa/interbotix_ws/install/interbotix_moveit_interface:/home/jv_costa/interbotix_ws/install/moveit_visual_tools:/home/jv_costa/interbotix_ws/install/interbotix_ros_xsarms:/home/jv_costa/interbotix_ws/install/interbotix_xsarm_moveit:/home/jv_costa/interbotix_ws/install/interbotix_xsarm_sim:/home/jv_costa/interbotix_ws/install/interbotix_xsarm_ros_control:/home/jv_costa/interbotix_ws/install/interbotix_xsarm_puppet:/home/jv_costa/interbotix_ws/install/interbotix_xsarm_perception:/home/jv_costa/interbotix_ws/install/interbotix_xsarm_joy:/home/jv_costa/interbotix_ws/install/interbotix_xsarm_dual:/home/jv_costa/interbotix_ws/install/interbotix_xsarm_control:/home/jv_costa/interbotix_ws/install/interbotix_xsarm_descriptions:/home/jv_costa/interbotix_ws/install/interbotix_xs_toolbox:/home/jv_costa/interbotix_ws/install/interbotix_xs_rviz:/home/jv_costa/interbotix_ws/install/interbotix_ros_xseries:/home/jv_costa/interbotix_ws/install/interbotix_xs_sdk:/home/jv_costa/interbotix_ws/install/interbotix_xs_ros_control:/home/jv_costa/interbotix_ws/install/interbotix_perception_toolbox:/home/jv_costa/interbotix_ws/install/interbotix_perception_pipelines:/home/jv_costa/interbotix_ws/install/interbotix_xs_msgs:/home/jv_costa/interbotix_ws/install/interbotix_xs_driver:/home/jv_costa/interbotix_ws/install/interbotix_tf_tools:/home/jv_costa/interbotix_ws/install/interbotix_perception_msgs:/home/jv_costa/interbotix_ws/install/interbotix_moveit_interface_msgs:/home/jv_costa/interbotix_ws/install/interbotix_common_toolbox:/home/jv_costa/interbotix_ws/install/interbotix_common_sim:/home/jv_costa/interbotix_ws/install/dynamixel_workbench_toolbox:/home/jv_costa/apriltag_ws/install/apriltag_ros:/home/jv_costa/interbotix_ws/install/interbotix_xs_modules:/home/jv_costa/interbotix_ws/install/interbotix_perception_modules:/home/jv_costa/interbotix_ws/install/interbotix_common_modules:/opt/ros/humble LD_LIBRARY_PATH=/home/jv_costa/Cerise/Manipulator/arduinobot_ws/install/arduinobot_msgs/lib:${LD_LIBRARY_PATH} PYTHONPATH=/home/jv_costa/Cerise/Manipulator/arduinobot_ws/install/arduinobot_msgs/local/lib/python3.10/dist-packages:${PYTHONPATH} /usr/bin/cmake --install /home/jv_costa/Cerise/Manipulator/arduinobot_ws/build/arduinobot_cpp_examples
